2022-09-07 16:31:19.818 [main] DEBUG com.ethan.logbackdemo.LogbackDemoApplication - Running with Spring Boot v2.7.4-SNAPSHOT, Spring v5.3.22
2022-09-07 16:31:19.818 [main] DEBUG org.springframework.boot.SpringApplication - Loading source class com.ethan.logbackdemo.LogbackDemoApplication
2022-09-07 16:31:19.832 [main] DEBUG o.s.c.a.AnnotationConfigApplicationContext - Refreshing org.springframework.context.annotation.AnnotationConfigApplicationContext@1c55f277
2022-09-07 16:31:19.837 [main] DEBUG o.s.b.factory.support.DefaultListableBeanFactory - Creating shared instance of singleton bean 'org.springframework.context.annotation.internalConfigurationAnnotationProcessor'
2022-09-07 16:31:19.841 [main] DEBUG o.s.b.factory.support.DefaultListableBeanFactory - Creating shared instance of singleton bean 'org.springframework.boot.autoconfigure.internalCachingMetadataReaderFactory'
2022-09-07 16:31:19.958 [main] DEBUG o.s.b.factory.support.DefaultListableBeanFactory - Creating shared instance of singleton bean 'propertySourcesPlaceholderConfigurer'
2022-09-07 16:31:19.959 [main] DEBUG o.s.b.factory.support.DefaultListableBeanFactory - Creating shared instance of singleton bean 'org.springframework.boot.sql.init.dependency.DatabaseInitializationDependencyConfigurer$DependsOnDatabaseInitializationPostProcessor'
2022-09-07 16:31:19.961 [main] DEBUG o.s.b.factory.support.DefaultListableBeanFactory - Creating shared instance of singleton bean 'org.springframework.context.event.internalEventListenerProcessor'
2022-09-07 16:31:19.962 [main] DEBUG o.s.b.factory.support.DefaultListableBeanFactory - Creating shared instance of singleton bean 'forceAutoProxyCreatorToUseClassProxying'
2022-09-07 16:31:19.962 [main] DEBUG o.s.b.factory.support.DefaultListableBeanFactory - Creating shared instance of singleton bean 'org.springframework.context.event.internalEventListenerFactory'
2022-09-07 16:31:19.964 [main] DEBUG o.s.b.factory.support.DefaultListableBeanFactory - Creating shared instance of singleton bean 'org.springframework.context.annotation.internalAutowiredAnnotationProcessor'
2022-09-07 16:31:19.964 [main] DEBUG o.s.b.factory.support.DefaultListableBeanFactory - Creating shared instance of singleton bean 'org.springframework.context.annotation.internalCommonAnnotationProcessor'
2022-09-07 16:31:19.965 [main] DEBUG o.s.b.factory.support.DefaultListableBeanFactory - Creating shared instance of singleton bean 'org.springframework.boot.context.properties.ConfigurationPropertiesBindingPostProcessor'
2022-09-07 16:31:19.966 [main] DEBUG o.s.b.factory.support.DefaultListableBeanFactory - Creating shared instance of singleton bean 'org.springframework.boot.context.internalConfigurationPropertiesBinder'
2022-09-07 16:31:19.966 [main] DEBUG o.s.b.factory.support.DefaultListableBeanFactory - Creating shared instance of singleton bean 'org.springframework.boot.context.internalConfigurationPropertiesBinderFactory'
2022-09-07 16:31:19.966 [main] DEBUG o.s.b.factory.support.DefaultListableBeanFactory - Creating shared instance of singleton bean 'org.springframework.context.annotation.internalScheduledAnnotationProcessor'
2022-09-07 16:31:19.966 [main] DEBUG o.s.b.factory.support.DefaultListableBeanFactory - Creating shared instance of singleton bean 'org.springframework.scheduling.annotation.SchedulingConfiguration'
2022-09-07 16:31:19.969 [main] DEBUG o.s.b.factory.support.DefaultListableBeanFactory - Creating shared instance of singleton bean 'org.springframework.aop.config.internalAutoProxyCreator'
2022-09-07 16:31:19.978 [main] DEBUG o.s.b.factory.support.DefaultListableBeanFactory - Creating shared instance of singleton bean 'logbackDemoApplication'
2022-09-07 16:31:19.984 [main] DEBUG o.s.b.factory.support.DefaultListableBeanFactory - Creating shared instance of singleton bean 'org.springframework.boot.autoconfigure.AutoConfigurationPackages'
2022-09-07 16:31:19.985 [main] DEBUG o.s.b.factory.support.DefaultListableBeanFactory - Creating shared instance of singleton bean 'org.springframework.boot.autoconfigure.context.PropertyPlaceholderAutoConfiguration'
2022-09-07 16:31:19.985 [main] DEBUG o.s.b.factory.support.DefaultListableBeanFactory - Creating shared instance of singleton bean 'org.springframework.boot.autoconfigure.jmx.JmxAutoConfiguration'
2022-09-07 16:31:19.987 [main] DEBUG o.s.b.factory.support.DefaultListableBeanFactory - Creating shared instance of singleton bean 'spring.jmx-org.springframework.boot.autoconfigure.jmx.JmxProperties'
2022-09-07 16:31:19.988 [main] DEBUG o.s.b.factory.support.DefaultListableBeanFactory - Creating shared instance of singleton bean 'org.springframework.boot.context.properties.BoundConfigurationProperties'
2022-09-07 16:31:19.995 [main] DEBUG o.s.b.factory.support.DefaultListableBeanFactory - Autowiring by type from bean name 'org.springframework.boot.autoconfigure.jmx.JmxAutoConfiguration' via constructor to bean named 'spring.jmx-org.springframework.boot.autoconfigure.jmx.JmxProperties'
2022-09-07 16:31:19.996 [main] DEBUG o.s.b.factory.support.DefaultListableBeanFactory - Creating shared instance of singleton bean 'mbeanExporter'
2022-09-07 16:31:19.997 [main] DEBUG o.s.b.factory.support.DefaultListableBeanFactory - Creating shared instance of singleton bean 'objectNamingStrategy'
2022-09-07 16:31:19.998 [main] DEBUG o.s.b.factory.support.DefaultListableBeanFactory - Autowiring by type from bean name 'mbeanExporter' via factory method to bean named 'objectNamingStrategy'
2022-09-07 16:31:19.998 [main] DEBUG o.s.b.factory.support.DefaultListableBeanFactory - Autowiring by type from bean name 'mbeanExporter' via factory method to bean named 'org.springframework.beans.factory.support.DefaultListableBeanFactory@681aad3b'
2022-09-07 16:31:20.000 [main] DEBUG o.s.b.factory.support.DefaultListableBeanFactory - Creating shared instance of singleton bean 'mbeanServer'
2022-09-07 16:31:20.001 [main] DEBUG org.springframework.jmx.support.JmxUtils - Found MBeanServer: com.sun.jmx.mbeanserver.JmxMBeanServer@53f65459
2022-09-07 16:31:20.005 [main] DEBUG o.s.b.factory.support.DefaultListableBeanFactory - Creating shared instance of singleton bean 'org.springframework.boot.context.properties.EnableConfigurationPropertiesRegistrar.methodValidationExcludeFilter'
2022-09-07 16:31:20.006 [main] DEBUG o.s.b.factory.support.DefaultListableBeanFactory - Creating shared instance of singleton bean 'org.springframework.boot.autoconfigure.admin.SpringApplicationAdminJmxAutoConfiguration'
2022-09-07 16:31:20.006 [main] DEBUG o.s.b.factory.support.DefaultListableBeanFactory - Creating shared instance of singleton bean 'springApplicationAdminRegistrar'
2022-09-07 16:31:20.007 [main] DEBUG o.s.b.factory.support.DefaultListableBeanFactory - Autowiring by type from bean name 'springApplicationAdminRegistrar' via factory method to bean named 'environment'
2022-09-07 16:31:20.009 [main] DEBUG o.s.b.a.SpringApplicationAdminMXBeanRegistrar$SpringApplicationAdmin - Application Admin MBean registered with name 'org.springframework.boot:type=Admin,name=SpringApplication'
2022-09-07 16:31:20.009 [main] DEBUG o.s.b.factory.support.DefaultListableBeanFactory - Creating shared instance of singleton bean 'org.springframework.boot.autoconfigure.aop.AopAutoConfiguration$ClassProxyingConfiguration'
2022-09-07 16:31:20.010 [main] DEBUG o.s.b.factory.support.DefaultListableBeanFactory - Creating shared instance of singleton bean 'org.springframework.boot.autoconfigure.aop.AopAutoConfiguration'
2022-09-07 16:31:20.010 [main] DEBUG o.s.b.factory.support.DefaultListableBeanFactory - Creating shared instance of singleton bean 'org.springframework.boot.autoconfigure.availability.ApplicationAvailabilityAutoConfiguration'
2022-09-07 16:31:20.010 [main] DEBUG o.s.b.factory.support.DefaultListableBeanFactory - Creating shared instance of singleton bean 'applicationAvailability'
2022-09-07 16:31:20.012 [main] DEBUG o.s.b.factory.support.DefaultListableBeanFactory - Creating shared instance of singleton bean 'org.springframework.boot.autoconfigure.context.ConfigurationPropertiesAutoConfiguration'
2022-09-07 16:31:20.012 [main] DEBUG o.s.b.factory.support.DefaultListableBeanFactory - Creating shared instance of singleton bean 'org.springframework.boot.autoconfigure.context.LifecycleAutoConfiguration'
2022-09-07 16:31:20.012 [main] DEBUG o.s.b.factory.support.DefaultListableBeanFactory - Creating shared instance of singleton bean 'lifecycleProcessor'
2022-09-07 16:31:20.012 [main] DEBUG o.s.b.factory.support.DefaultListableBeanFactory - Creating shared instance of singleton bean 'spring.lifecycle-org.springframework.boot.autoconfigure.context.LifecycleProperties'
2022-09-07 16:31:20.013 [main] DEBUG o.s.b.factory.support.DefaultListableBeanFactory - Autowiring by type from bean name 'lifecycleProcessor' via factory method to bean named 'spring.lifecycle-org.springframework.boot.autoconfigure.context.LifecycleProperties'
2022-09-07 16:31:20.014 [main] DEBUG o.s.b.factory.support.DefaultListableBeanFactory - Creating shared instance of singleton bean 'org.springframework.boot.autoconfigure.info.ProjectInfoAutoConfiguration'
2022-09-07 16:31:20.015 [main] DEBUG o.s.b.factory.support.DefaultListableBeanFactory - Creating shared instance of singleton bean 'spring.info-org.springframework.boot.autoconfigure.info.ProjectInfoProperties'
2022-09-07 16:31:20.015 [main] DEBUG o.s.b.factory.support.DefaultListableBeanFactory - Autowiring by type from bean name 'org.springframework.boot.autoconfigure.info.ProjectInfoAutoConfiguration' via constructor to bean named 'spring.info-org.springframework.boot.autoconfigure.info.ProjectInfoProperties'
2022-09-07 16:31:20.015 [main] DEBUG o.s.b.factory.support.DefaultListableBeanFactory - Creating shared instance of singleton bean 'org.springframework.boot.autoconfigure.sql.init.SqlInitializationAutoConfiguration'
2022-09-07 16:31:20.016 [main] DEBUG o.s.b.factory.support.DefaultListableBeanFactory - Creating shared instance of singleton bean 'spring.sql.init-org.springframework.boot.autoconfigure.sql.init.SqlInitializationProperties'
2022-09-07 16:31:20.017 [main] DEBUG o.s.b.factory.support.DefaultListableBeanFactory - Creating shared instance of singleton bean 'org.springframework.boot.autoconfigure.task.TaskExecutionAutoConfiguration'
2022-09-07 16:31:20.017 [main] DEBUG o.s.b.factory.support.DefaultListableBeanFactory - Creating shared instance of singleton bean 'taskExecutorBuilder'
2022-09-07 16:31:20.018 [main] DEBUG o.s.b.factory.support.DefaultListableBeanFactory - Creating shared instance of singleton bean 'spring.task.execution-org.springframework.boot.autoconfigure.task.TaskExecutionProperties'
2022-09-07 16:31:20.019 [main] DEBUG o.s.b.factory.support.DefaultListableBeanFactory - Autowiring by type from bean name 'taskExecutorBuilder' via factory method to bean named 'spring.task.execution-org.springframework.boot.autoconfigure.task.TaskExecutionProperties'
2022-09-07 16:31:20.020 [main] DEBUG o.s.b.factory.support.DefaultListableBeanFactory - Creating shared instance of singleton bean 'org.springframework.boot.autoconfigure.task.TaskSchedulingAutoConfiguration'
2022-09-07 16:31:20.021 [main] DEBUG o.s.b.factory.support.DefaultListableBeanFactory - Creating shared instance of singleton bean 'taskScheduler'
2022-09-07 16:31:20.021 [main] DEBUG o.s.b.factory.support.DefaultListableBeanFactory - Creating shared instance of singleton bean 'taskSchedulerBuilder'
2022-09-07 16:31:20.021 [main] DEBUG o.s.b.factory.support.DefaultListableBeanFactory - Creating shared instance of singleton bean 'spring.task.scheduling-org.springframework.boot.autoconfigure.task.TaskSchedulingProperties'
2022-09-07 16:31:20.022 [main] DEBUG o.s.b.factory.support.DefaultListableBeanFactory - Autowiring by type from bean name 'taskSchedulerBuilder' via factory method to bean named 'spring.task.scheduling-org.springframework.boot.autoconfigure.task.TaskSchedulingProperties'
2022-09-07 16:31:20.022 [main] DEBUG o.s.b.factory.support.DefaultListableBeanFactory - Autowiring by type from bean name 'taskScheduler' via factory method to bean named 'taskSchedulerBuilder'
2022-09-07 16:31:20.026 [main] DEBUG o.s.scheduling.concurrent.ThreadPoolTaskScheduler - Initializing ExecutorService 'taskScheduler'
2022-09-07 16:31:20.026 [main] DEBUG o.s.b.factory.support.DefaultListableBeanFactory - Creating shared instance of singleton bean 'scheduledBeanLazyInitializationExcludeFilter'
2022-09-07 16:31:20.029 [main] DEBUG o.s.jmx.export.annotation.AnnotationMBeanExporter - Registering beans for JMX exposure on startup
2022-09-07 16:31:20.029 [main] DEBUG o.s.jmx.export.annotation.AnnotationMBeanExporter - Autodetecting user-defined JMX MBeans
2022-09-07 16:31:20.032 [main] DEBUG o.s.context.support.DefaultLifecycleProcessor - Starting beans in phase -2147483647
2022-09-07 16:31:20.032 [main] DEBUG o.s.context.support.DefaultLifecycleProcessor - Successfully started bean 'springBootLoggingLifecycle'
2022-09-07 16:31:20.043 [main] DEBUG o.s.b.a.l.ConditionEvaluationReportLoggingListener - 


============================
CONDITIONS EVALUATION REPORT
============================


Positive matches:
-----------------

   AopAutoConfiguration matched:
      - @ConditionalOnProperty (spring.aop.auto=true) matched (OnPropertyCondition)

   AopAutoConfiguration.ClassProxyingConfiguration matched:
      - @ConditionalOnMissingClass did not find unwanted class 'org.aspectj.weaver.Advice' (OnClassCondition)
      - @ConditionalOnProperty (spring.aop.proxy-target-class=true) matched (OnPropertyCondition)

   GenericCacheConfiguration matched:
      - Cache org.springframework.boot.autoconfigure.cache.GenericCacheConfiguration automatic cache type (CacheCondition)

   JmxAutoConfiguration matched:
      - @ConditionalOnClass found required class 'org.springframework.jmx.export.MBeanExporter' (OnClassCondition)
      - @ConditionalOnProperty (spring.jmx.enabled=true) matched (OnPropertyCondition)

   JmxAutoConfiguration#mbeanExporter matched:
      - @ConditionalOnMissingBean (types: org.springframework.jmx.export.MBeanExporter; SearchStrategy: current) did not find any beans (OnBeanCondition)

   JmxAutoConfiguration#mbeanServer matched:
      - @ConditionalOnMissingBean (types: javax.management.MBeanServer; SearchStrategy: all) did not find any beans (OnBeanCondition)

   JmxAutoConfiguration#objectNamingStrategy matched:
      - @ConditionalOnMissingBean (types: org.springframework.jmx.export.naming.ObjectNamingStrategy; SearchStrategy: current) did not find any beans (OnBeanCondition)

   LifecycleAutoConfiguration#defaultLifecycleProcessor matched:
      - @ConditionalOnMissingBean (names: lifecycleProcessor; SearchStrategy: current) did not find any beans (OnBeanCondition)

   NoOpCacheConfiguration matched:
      - Cache org.springframework.boot.autoconfigure.cache.NoOpCacheConfiguration automatic cache type (CacheCondition)

   PropertyPlaceholderAutoConfiguration#propertySourcesPlaceholderConfigurer matched:
      - @ConditionalOnMissingBean (types: org.springframework.context.support.PropertySourcesPlaceholderConfigurer; SearchStrategy: current) did not find any beans (OnBeanCondition)

   SimpleCacheConfiguration matched:
      - Cache org.springframework.boot.autoconfigure.cache.SimpleCacheConfiguration automatic cache type (CacheCondition)

   SpringApplicationAdminJmxAutoConfiguration matched:
      - @ConditionalOnProperty (spring.application.admin.enabled=true) matched (OnPropertyCondition)

   SpringApplicationAdminJmxAutoConfiguration#springApplicationAdminRegistrar matched:
      - @ConditionalOnMissingBean (types: org.springframework.boot.admin.SpringApplicationAdminMXBeanRegistrar; SearchStrategy: all) did not find any beans (OnBeanCondition)

   SqlInitializationAutoConfiguration matched:
      - @ConditionalOnProperty (spring.sql.init.enabled) matched (OnPropertyCondition)
      - NoneNestedConditions 0 matched 1 did not; NestedCondition on SqlInitializationAutoConfiguration.SqlInitializationModeCondition.ModeIsNever @ConditionalOnProperty (spring.sql.init.mode=never) did not find property 'mode' (SqlInitializationAutoConfiguration.SqlInitializationModeCondition)

   TaskExecutionAutoConfiguration matched:
      - @ConditionalOnClass found required class 'org.springframework.scheduling.concurrent.ThreadPoolTaskExecutor' (OnClassCondition)

   TaskExecutionAutoConfiguration#applicationTaskExecutor matched:
      - @ConditionalOnMissingBean (types: java.util.concurrent.Executor; SearchStrategy: all) did not find any beans (OnBeanCondition)

   TaskExecutionAutoConfiguration#taskExecutorBuilder matched:
      - @ConditionalOnMissingBean (types: org.springframework.boot.task.TaskExecutorBuilder; SearchStrategy: all) did not find any beans (OnBeanCondition)

   TaskSchedulingAutoConfiguration matched:
      - @ConditionalOnClass found required class 'org.springframework.scheduling.concurrent.ThreadPoolTaskScheduler' (OnClassCondition)

   TaskSchedulingAutoConfiguration#taskScheduler matched:
      - @ConditionalOnBean (names: org.springframework.context.annotation.internalScheduledAnnotationProcessor; SearchStrategy: all) found bean 'org.springframework.context.annotation.internalScheduledAnnotationProcessor'; @ConditionalOnMissingBean (types: org.springframework.scheduling.annotation.SchedulingConfigurer,org.springframework.scheduling.TaskScheduler,java.util.concurrent.ScheduledExecutorService; SearchStrategy: all) did not find any beans (OnBeanCondition)

   TaskSchedulingAutoConfiguration#taskSchedulerBuilder matched:
      - @ConditionalOnMissingBean (types: org.springframework.boot.task.TaskSchedulerBuilder; SearchStrategy: all) did not find any beans (OnBeanCondition)


Negative matches:
-----------------

   ActiveMQAutoConfiguration:
      Did not match:
         - @ConditionalOnClass did not find required class 'javax.jms.ConnectionFactory' (OnClassCondition)

   AopAutoConfiguration.AspectJAutoProxyingConfiguration:
      Did not match:
         - @ConditionalOnClass did not find required class 'org.aspectj.weaver.Advice' (OnClassCondition)

   ArtemisAutoConfiguration:
      Did not match:
         - @ConditionalOnClass did not find required class 'javax.jms.ConnectionFactory' (OnClassCondition)

   BatchAutoConfiguration:
      Did not match:
         - @ConditionalOnClass did not find required class 'org.springframework.batch.core.launch.JobLauncher' (OnClassCondition)

   Cache2kCacheConfiguration:
      Did not match:
         - @ConditionalOnClass did not find required class 'org.cache2k.Cache2kBuilder' (OnClassCondition)

   CacheAutoConfiguration:
      Did not match:
         - @ConditionalOnBean (types: org.springframework.cache.interceptor.CacheAspectSupport; SearchStrategy: all) did not find any beans of type org.springframework.cache.interceptor.CacheAspectSupport (OnBeanCondition)
      Matched:
         - @ConditionalOnClass found required class 'org.springframework.cache.CacheManager' (OnClassCondition)

   CacheAutoConfiguration.CacheManagerEntityManagerFactoryDependsOnPostProcessor:
      Did not match:
         - @ConditionalOnClass did not find required class 'org.springframework.orm.jpa.LocalContainerEntityManagerFactoryBean' (OnClassCondition)
         - Ancestor org.springframework.boot.autoconfigure.cache.CacheAutoConfiguration did not match (ConditionEvaluationReport.AncestorsMatchedCondition)

   CaffeineCacheConfiguration:
      Did not match:
         - @ConditionalOnClass did not find required class 'com.github.benmanes.caffeine.cache.Caffeine' (OnClassCondition)

   CassandraAutoConfiguration:
      Did not match:
         - @ConditionalOnClass did not find required class 'com.datastax.oss.driver.api.core.CqlSession' (OnClassCondition)

   CassandraDataAutoConfiguration:
      Did not match:
         - @ConditionalOnClass did not find required class 'com.datastax.oss.driver.api.core.CqlSession' (OnClassCondition)

   CassandraReactiveDataAutoConfiguration:
      Did not match:
         - @ConditionalOnClass did not find required class 'com.datastax.oss.driver.api.core.CqlSession' (OnClassCondition)

   CassandraReactiveRepositoriesAutoConfiguration:
      Did not match:
         - @ConditionalOnClass did not find required class 'org.springframework.data.cassandra.ReactiveSession' (OnClassCondition)

   CassandraRepositoriesAutoConfiguration:
      Did not match:
         - @ConditionalOnClass did not find required class 'com.datastax.oss.driver.api.core.CqlSession' (OnClassCondition)

   ClientHttpConnectorAutoConfiguration:
      Did not match:
         - @ConditionalOnClass did not find required class 'org.springframework.web.reactive.function.client.WebClient' (OnClassCondition)

   CodecsAutoConfiguration:
      Did not match:
         - @ConditionalOnClass did not find required class 'org.springframework.http.codec.CodecConfigurer' (OnClassCondition)

   CouchbaseAutoConfiguration:
      Did not match:
         - @ConditionalOnClass did not find required class 'com.couchbase.client.java.Cluster' (OnClassCondition)

   CouchbaseCacheConfiguration:
      Did not match:
         - @ConditionalOnClass did not find required class 'com.couchbase.client.java.Cluster' (OnClassCondition)

   CouchbaseDataAutoConfiguration:
      Did not match:
         - @ConditionalOnClass did not find required class 'com.couchbase.client.java.Bucket' (OnClassCondition)

   CouchbaseReactiveDataAutoConfiguration:
      Did not match:
         - @ConditionalOnClass did not find required class 'com.couchbase.client.java.Cluster' (OnClassCondition)

   CouchbaseReactiveRepositoriesAutoConfiguration:
      Did not match:
         - @ConditionalOnClass did not find required class 'com.couchbase.client.java.Cluster' (OnClassCondition)

   CouchbaseRepositoriesAutoConfiguration:
      Did not match:
         - @ConditionalOnClass did not find required class 'com.couchbase.client.java.Bucket' (OnClassCondition)

   DataSourceAutoConfiguration:
      Did not match:
         - @ConditionalOnClass did not find required class 'org.springframework.jdbc.datasource.embedded.EmbeddedDatabaseType' (OnClassCondition)

   DataSourceInitializationConfiguration:
      Did not match:
         - @ConditionalOnClass did not find required class 'org.springframework.jdbc.datasource.init.DatabasePopulator' (OnClassCondition)

   DataSourceTransactionManagerAutoConfiguration:
      Did not match:
         - @ConditionalOnClass did not find required class 'org.springframework.jdbc.core.JdbcTemplate' (OnClassCondition)

   DispatcherServletAutoConfiguration:
      Did not match:
         - @ConditionalOnClass did not find required class 'org.springframework.web.servlet.DispatcherServlet' (OnClassCondition)

   EhCacheCacheConfiguration:
      Did not match:
         - @ConditionalOnClass did not find required class 'net.sf.ehcache.Cache' (OnClassCondition)

   ElasticsearchDataAutoConfiguration:
      Did not match:
         - @ConditionalOnClass did not find required class 'org.springframework.data.elasticsearch.core.ElasticsearchRestTemplate' (OnClassCondition)

   ElasticsearchRepositoriesAutoConfiguration:
      Did not match:
         - @ConditionalOnClass did not find required class 'org.elasticsearch.client.Client' (OnClassCondition)

   ElasticsearchRestClientAutoConfiguration:
      Did not match:
         - @ConditionalOnClass did not find required class 'org.elasticsearch.client.RestClientBuilder' (OnClassCondition)

   EmbeddedLdapAutoConfiguration:
      Did not match:
         - @ConditionalOnClass did not find required class 'com.unboundid.ldap.listener.InMemoryDirectoryServer' (OnClassCondition)

   EmbeddedMongoAutoConfiguration:
      Did not match:
         - @ConditionalOnClass did not find required class 'com.mongodb.MongoClientSettings' (OnClassCondition)

   EmbeddedWebServerFactoryCustomizerAutoConfiguration:
      Did not match:
         - @ConditionalOnWebApplication did not find reactive or servlet web application classes (OnWebApplicationCondition)

   ErrorMvcAutoConfiguration:
      Did not match:
         - @ConditionalOnClass did not find required class 'javax.servlet.Servlet' (OnClassCondition)

   ErrorWebFluxAutoConfiguration:
      Did not match:
         - @ConditionalOnClass did not find required class 'org.springframework.web.reactive.config.WebFluxConfigurer' (OnClassCondition)

   FlywayAutoConfiguration:
      Did not match:
         - @ConditionalOnClass did not find required class 'org.flywaydb.core.Flyway' (OnClassCondition)

   FreeMarkerAutoConfiguration:
      Did not match:
         - @ConditionalOnClass did not find required class 'freemarker.template.Configuration' (OnClassCondition)

   GraphQlAutoConfiguration:
      Did not match:
         - @ConditionalOnClass did not find required class 'graphql.GraphQL' (OnClassCondition)

   GraphQlQueryByExampleAutoConfiguration:
      Did not match:
         - @ConditionalOnClass did not find required class 'graphql.GraphQL' (OnClassCondition)

   GraphQlQuerydslAutoConfiguration:
      Did not match:
         - @ConditionalOnClass did not find required class 'graphql.GraphQL' (OnClassCondition)

   GraphQlRSocketAutoConfiguration:
      Did not match:
         - @ConditionalOnClass did not find required class 'graphql.GraphQL' (OnClassCondition)

   GraphQlReactiveQueryByExampleAutoConfiguration:
      Did not match:
         - @ConditionalOnClass did not find required class 'graphql.GraphQL' (OnClassCondition)

   GraphQlReactiveQuerydslAutoConfiguration:
      Did not match:
         - @ConditionalOnClass did not find required class 'graphql.GraphQL' (OnClassCondition)

   GraphQlWebFluxAutoConfiguration:
      Did not match:
         - @ConditionalOnClass did not find required class 'graphql.GraphQL' (OnClassCondition)

   GraphQlWebFluxSecurityAutoConfiguration:
      Did not match:
         - @ConditionalOnClass did not find required class 'graphql.GraphQL' (OnClassCondition)

   GraphQlWebMvcAutoConfiguration:
      Did not match:
         - @ConditionalOnClass did not find required class 'graphql.GraphQL' (OnClassCondition)

   GraphQlWebMvcSecurityAutoConfiguration:
      Did not match:
         - @ConditionalOnClass did not find required class 'graphql.GraphQL' (OnClassCondition)

   GroovyTemplateAutoConfiguration:
      Did not match:
         - @ConditionalOnClass did not find required class 'groovy.text.markup.MarkupTemplateEngine' (OnClassCondition)

   GsonAutoConfiguration:
      Did not match:
         - @ConditionalOnClass did not find required class 'com.google.gson.Gson' (OnClassCondition)

   H2ConsoleAutoConfiguration:
      Did not match:
         - @ConditionalOnClass did not find required class 'org.h2.server.web.WebServlet' (OnClassCondition)

   HazelcastAutoConfiguration:
      Did not match:
         - @ConditionalOnClass did not find required class 'com.hazelcast.core.HazelcastInstance' (OnClassCondition)

   HazelcastCacheConfiguration:
      Did not match:
         - @ConditionalOnClass did not find required class 'com.hazelcast.core.HazelcastInstance' (OnClassCondition)

   HazelcastJpaDependencyAutoConfiguration:
      Did not match:
         - @ConditionalOnClass did not find required class 'com.hazelcast.core.HazelcastInstance' (OnClassCondition)

   HibernateJpaAutoConfiguration:
      Did not match:
         - @ConditionalOnClass did not find required class 'javax.persistence.EntityManager' (OnClassCondition)

   HttpEncodingAutoConfiguration:
      Did not match:
         - @ConditionalOnClass did not find required class 'org.springframework.web.filter.CharacterEncodingFilter' (OnClassCondition)

   HttpHandlerAutoConfiguration:
      Did not match:
         - @ConditionalOnClass did not find required class 'org.springframework.http.server.reactive.HttpHandler' (OnClassCondition)

   HttpMessageConvertersAutoConfiguration:
      Did not match:
         - @ConditionalOnClass did not find required class 'org.springframework.http.converter.HttpMessageConverter' (OnClassCondition)

   HypermediaAutoConfiguration:
      Did not match:
         - @ConditionalOnClass did not find required class 'org.springframework.hateoas.EntityModel' (OnClassCondition)

   InfinispanCacheConfiguration:
      Did not match:
         - @ConditionalOnClass did not find required class 'org.infinispan.spring.embedded.provider.SpringEmbeddedCacheManager' (OnClassCondition)

   InfluxDbAutoConfiguration:
      Did not match:
         - @ConditionalOnClass did not find required class 'org.influxdb.InfluxDB' (OnClassCondition)

   IntegrationAutoConfiguration:
      Did not match:
         - @ConditionalOnClass did not find required class 'org.springframework.integration.config.EnableIntegration' (OnClassCondition)

   JCacheCacheConfiguration:
      Did not match:
         - @ConditionalOnClass did not find required class 'javax.cache.Caching' (OnClassCondition)

   JacksonAutoConfiguration:
      Did not match:
         - @ConditionalOnClass did not find required class 'com.fasterxml.jackson.databind.ObjectMapper' (OnClassCondition)

   JdbcRepositoriesAutoConfiguration:
      Did not match:
         - @ConditionalOnClass did not find required class 'org.springframework.data.jdbc.repository.config.AbstractJdbcConfiguration' (OnClassCondition)

   JdbcTemplateAutoConfiguration:
      Did not match:
         - @ConditionalOnClass did not find required class 'org.springframework.jdbc.core.JdbcTemplate' (OnClassCondition)

   JerseyAutoConfiguration:
      Did not match:
         - @ConditionalOnClass did not find required class 'javax.servlet.ServletRegistration' (OnClassCondition)

   JmsAutoConfiguration:
      Did not match:
         - @ConditionalOnClass did not find required class 'javax.jms.Message' (OnClassCondition)

   JndiConnectionFactoryAutoConfiguration:
      Did not match:
         - @ConditionalOnClass did not find required class 'org.springframework.jms.core.JmsTemplate' (OnClassCondition)

   JndiDataSourceAutoConfiguration:
      Did not match:
         - @ConditionalOnClass did not find required class 'org.springframework.jdbc.datasource.embedded.EmbeddedDatabaseType' (OnClassCondition)

   JooqAutoConfiguration:
      Did not match:
         - @ConditionalOnClass did not find required class 'org.jooq.DSLContext' (OnClassCondition)

   JpaRepositoriesAutoConfiguration:
      Did not match:
         - @ConditionalOnClass did not find required class 'org.springframework.data.jpa.repository.JpaRepository' (OnClassCondition)

   JsonbAutoConfiguration:
      Did not match:
         - @ConditionalOnClass did not find required class 'javax.json.bind.Jsonb' (OnClassCondition)

   JtaAutoConfiguration:
      Did not match:
         - @ConditionalOnClass did not find required class 'javax.transaction.Transaction' (OnClassCondition)

   KafkaAutoConfiguration:
      Did not match:
         - @ConditionalOnClass did not find required class 'org.springframework.kafka.core.KafkaTemplate' (OnClassCondition)

   LdapAutoConfiguration:
      Did not match:
         - @ConditionalOnClass did not find required class 'org.springframework.ldap.core.ContextSource' (OnClassCondition)

   LdapRepositoriesAutoConfiguration:
      Did not match:
         - @ConditionalOnClass did not find required class 'org.springframework.data.ldap.repository.LdapRepository' (OnClassCondition)

   LiquibaseAutoConfiguration:
      Did not match:
         - @ConditionalOnClass did not find required class 'liquibase.change.DatabaseChange' (OnClassCondition)

   MailSenderAutoConfiguration:
      Did not match:
         - @ConditionalOnClass did not find required class 'javax.activation.MimeType' (OnClassCondition)

   MailSenderValidatorAutoConfiguration:
      Did not match:
         - @ConditionalOnSingleCandidate did not find required type 'org.springframework.mail.javamail.JavaMailSenderImpl' (OnBeanCondition)

   MessageSourceAutoConfiguration:
      Did not match:
         - ResourceBundle did not find bundle with basename messages (MessageSourceAutoConfiguration.ResourceBundleCondition)

   MongoAutoConfiguration:
      Did not match:
         - @ConditionalOnClass did not find required class 'com.mongodb.client.MongoClient' (OnClassCondition)

   MongoDataAutoConfiguration:
      Did not match:
         - @ConditionalOnClass did not find required class 'com.mongodb.client.MongoClient' (OnClassCondition)

   MongoReactiveAutoConfiguration:
      Did not match:
         - @ConditionalOnClass did not find required class 'com.mongodb.reactivestreams.client.MongoClient' (OnClassCondition)

   MongoReactiveDataAutoConfiguration:
      Did not match:
         - @ConditionalOnClass did not find required class 'com.mongodb.reactivestreams.client.MongoClient' (OnClassCondition)

   MongoReactiveRepositoriesAutoConfiguration:
      Did not match:
         - @ConditionalOnClass did not find required class 'com.mongodb.reactivestreams.client.MongoClient' (OnClassCondition)

   MongoRepositoriesAutoConfiguration:
      Did not match:
         - @ConditionalOnClass did not find required class 'com.mongodb.client.MongoClient' (OnClassCondition)

   MultipartAutoConfiguration:
      Did not match:
         - @ConditionalOnClass did not find required class 'javax.servlet.MultipartConfigElement' (OnClassCondition)

   MustacheAutoConfiguration:
      Did not match:
         - @ConditionalOnClass did not find required class 'com.samskivert.mustache.Mustache' (OnClassCondition)

   Neo4jAutoConfiguration:
      Did not match:
         - @ConditionalOnClass did not find required class 'org.neo4j.driver.Driver' (OnClassCondition)

   Neo4jDataAutoConfiguration:
      Did not match:
         - @ConditionalOnClass did not find required class 'org.neo4j.driver.Driver' (OnClassCondition)

   Neo4jReactiveDataAutoConfiguration:
      Did not match:
         - @ConditionalOnClass did not find required class 'org.neo4j.driver.Driver' (OnClassCondition)

   Neo4jReactiveRepositoriesAutoConfiguration:
      Did not match:
         - @ConditionalOnClass did not find required class 'org.neo4j.driver.Driver' (OnClassCondition)

   Neo4jRepositoriesAutoConfiguration:
      Did not match:
         - @ConditionalOnClass did not find required class 'org.neo4j.driver.Driver' (OnClassCondition)

   NettyAutoConfiguration:
      Did not match:
         - @ConditionalOnClass did not find required class 'io.netty.util.NettyRuntime' (OnClassCondition)

   OAuth2ClientAutoConfiguration:
      Did not match:
         - @ConditionalOnClass did not find required class 'org.springframework.security.config.annotation.web.configuration.EnableWebSecurity' (OnClassCondition)

   OAuth2ResourceServerAutoConfiguration:
      Did not match:
         - @ConditionalOnClass did not find required class 'org.springframework.security.oauth2.server.resource.BearerTokenAuthenticationToken' (OnClassCondition)

   PersistenceExceptionTranslationAutoConfiguration:
      Did not match:
         - @ConditionalOnClass did not find required class 'org.springframework.dao.annotation.PersistenceExceptionTranslationPostProcessor' (OnClassCondition)

   ProjectInfoAutoConfiguration#buildProperties:
      Did not match:
         - @ConditionalOnResource did not find resource '${spring.info.build.location:classpath:META-INF/build-info.properties}' (OnResourceCondition)

   ProjectInfoAutoConfiguration#gitProperties:
      Did not match:
         - GitResource did not find git info at classpath:git.properties (ProjectInfoAutoConfiguration.GitResourceAvailableCondition)

   QuartzAutoConfiguration:
      Did not match:
         - @ConditionalOnClass did not find required class 'org.quartz.Scheduler' (OnClassCondition)

   R2dbcAutoConfiguration:
      Did not match:
         - @ConditionalOnClass did not find required class 'io.r2dbc.spi.ConnectionFactory' (OnClassCondition)

   R2dbcDataAutoConfiguration:
      Did not match:
         - @ConditionalOnClass did not find required class 'org.springframework.data.r2dbc.core.R2dbcEntityTemplate' (OnClassCondition)

   R2dbcInitializationConfiguration:
      Did not match:
         - @ConditionalOnClass did not find required classes 'io.r2dbc.spi.ConnectionFactory', 'org.springframework.r2dbc.connection.init.DatabasePopulator' (OnClassCondition)

   R2dbcRepositoriesAutoConfiguration:
      Did not match:
         - @ConditionalOnClass did not find required class 'io.r2dbc.spi.ConnectionFactory' (OnClassCondition)

   R2dbcTransactionManagerAutoConfiguration:
      Did not match:
         - @ConditionalOnClass did not find required class 'org.springframework.r2dbc.connection.R2dbcTransactionManager' (OnClassCondition)

   RSocketGraphQlClientAutoConfiguration:
      Did not match:
         - @ConditionalOnClass did not find required class 'graphql.GraphQL' (OnClassCondition)

   RSocketMessagingAutoConfiguration:
      Did not match:
         - @ConditionalOnClass did not find required class 'io.rsocket.RSocket' (OnClassCondition)

   RSocketRequesterAutoConfiguration:
      Did not match:
         - @ConditionalOnClass did not find required class 'io.rsocket.RSocket' (OnClassCondition)

   RSocketSecurityAutoConfiguration:
      Did not match:
         - @ConditionalOnClass did not find required class 'org.springframework.security.rsocket.core.SecuritySocketAcceptorInterceptor' (OnClassCondition)

   RSocketServerAutoConfiguration:
      Did not match:
         - @ConditionalOnClass did not find required class 'io.rsocket.core.RSocketServer' (OnClassCondition)

   RSocketStrategiesAutoConfiguration:
      Did not match:
         - @ConditionalOnClass did not find required class 'io.netty.buffer.PooledByteBufAllocator' (OnClassCondition)

   RabbitAutoConfiguration:
      Did not match:
         - @ConditionalOnClass did not find required class 'com.rabbitmq.client.Channel' (OnClassCondition)

   ReactiveElasticsearchRepositoriesAutoConfiguration:
      Did not match:
         - @ConditionalOnClass did not find required class 'org.springframework.data.elasticsearch.client.reactive.ReactiveElasticsearchClient' (OnClassCondition)

   ReactiveElasticsearchRestClientAutoConfiguration:
      Did not match:
         - @ConditionalOnClass did not find required class 'reactor.netty.http.client.HttpClient' (OnClassCondition)

   ReactiveMultipartAutoConfiguration:
      Did not match:
         - @ConditionalOnClass did not find required class 'org.springframework.http.codec.multipart.DefaultPartHttpMessageReader' (OnClassCondition)

   ReactiveOAuth2ClientAutoConfiguration:
      Did not match:
         - @ConditionalOnClass did not find required class 'reactor.core.publisher.Flux' (OnClassCondition)

   ReactiveOAuth2ResourceServerAutoConfiguration:
      Did not match:
         - @ConditionalOnClass did not find required class 'org.springframework.security.config.annotation.web.reactive.EnableWebFluxSecurity' (OnClassCondition)

   ReactiveSecurityAutoConfiguration:
      Did not match:
         - @ConditionalOnClass did not find required class 'reactor.core.publisher.Flux' (OnClassCondition)

   ReactiveUserDetailsServiceAutoConfiguration:
      Did not match:
         - @ConditionalOnClass did not find required class 'org.springframework.security.authentication.ReactiveAuthenticationManager' (OnClassCondition)

   ReactiveWebServerFactoryAutoConfiguration:
      Did not match:
         - @ConditionalOnClass did not find required class 'org.springframework.http.ReactiveHttpInputMessage' (OnClassCondition)

   RedisAutoConfiguration:
      Did not match:
         - @ConditionalOnClass did not find required class 'org.springframework.data.redis.core.RedisOperations' (OnClassCondition)

   RedisCacheConfiguration:
      Did not match:
         - @ConditionalOnClass did not find required class 'org.springframework.data.redis.connection.RedisConnectionFactory' (OnClassCondition)

   RedisReactiveAutoConfiguration:
      Did not match:
         - @ConditionalOnClass did not find required class 'reactor.core.publisher.Flux' (OnClassCondition)

   RedisRepositoriesAutoConfiguration:
      Did not match:
         - @ConditionalOnClass did not find required class 'org.springframework.data.redis.repository.configuration.EnableRedisRepositories' (OnClassCondition)

   RepositoryRestMvcAutoConfiguration:
      Did not match:
         - @ConditionalOnClass did not find required class 'org.springframework.data.rest.webmvc.config.RepositoryRestMvcConfiguration' (OnClassCondition)

   RestTemplateAutoConfiguration:
      Did not match:
         - @ConditionalOnClass did not find required class 'org.springframework.web.client.RestTemplate' (OnClassCondition)

   Saml2RelyingPartyAutoConfiguration:
      Did not match:
         - @ConditionalOnClass did not find required class 'org.springframework.security.saml2.provider.service.registration.RelyingPartyRegistrationRepository' (OnClassCondition)

   SecurityAutoConfiguration:
      Did not match:
         - @ConditionalOnClass did not find required class 'org.springframework.security.authentication.DefaultAuthenticationEventPublisher' (OnClassCondition)

   SecurityFilterAutoConfiguration:
      Did not match:
         - @ConditionalOnClass did not find required class 'org.springframework.security.config.http.SessionCreationPolicy' (OnClassCondition)

   SendGridAutoConfiguration:
      Did not match:
         - @ConditionalOnClass did not find required class 'com.sendgrid.SendGrid' (OnClassCondition)

   ServletWebServerFactoryAutoConfiguration:
      Did not match:
         - @ConditionalOnClass did not find required class 'javax.servlet.ServletRequest' (OnClassCondition)

   SessionAutoConfiguration:
      Did not match:
         - @ConditionalOnClass did not find required class 'org.springframework.session.Session' (OnClassCondition)

   SolrAutoConfiguration:
      Did not match:
         - @ConditionalOnClass did not find required class 'org.apache.solr.client.solrj.impl.CloudSolrClient' (OnClassCondition)

   SpringDataWebAutoConfiguration:
      Did not match:
         - @ConditionalOnClass did not find required class 'org.springframework.data.web.PageableHandlerMethodArgumentResolver' (OnClassCondition)

   ThymeleafAutoConfiguration:
      Did not match:
         - @ConditionalOnClass did not find required class 'org.thymeleaf.spring5.SpringTemplateEngine' (OnClassCondition)

   TransactionAutoConfiguration:
      Did not match:
         - @ConditionalOnClass did not find required class 'org.springframework.transaction.PlatformTransactionManager' (OnClassCondition)

   UserDetailsServiceAutoConfiguration:
      Did not match:
         - @ConditionalOnClass did not find required class 'org.springframework.security.authentication.AuthenticationManager' (OnClassCondition)

   ValidationAutoConfiguration:
      Did not match:
         - @ConditionalOnClass did not find required class 'javax.validation.executable.ExecutableValidator' (OnClassCondition)

   WebClientAutoConfiguration:
      Did not match:
         - @ConditionalOnClass did not find required class 'org.springframework.web.reactive.function.client.WebClient' (OnClassCondition)

   WebFluxAutoConfiguration:
      Did not match:
         - @ConditionalOnClass did not find required class 'org.springframework.web.reactive.config.WebFluxConfigurer' (OnClassCondition)

   WebMvcAutoConfiguration:
      Did not match:
         - @ConditionalOnClass did not find required class 'javax.servlet.Servlet' (OnClassCondition)

   WebServiceTemplateAutoConfiguration:
      Did not match:
         - @ConditionalOnClass did not find required class 'org.springframework.oxm.Marshaller' (OnClassCondition)

   WebServicesAutoConfiguration:
      Did not match:
         - @ConditionalOnClass did not find required class 'org.springframework.ws.transport.http.MessageDispatcherServlet' (OnClassCondition)

   WebSessionIdResolverAutoConfiguration:
      Did not match:
         - @ConditionalOnClass did not find required class 'reactor.core.publisher.Mono' (OnClassCondition)

   WebSocketMessagingAutoConfiguration:
      Did not match:
         - @ConditionalOnClass did not find required class 'org.springframework.web.socket.config.annotation.WebSocketMessageBrokerConfigurer' (OnClassCondition)

   WebSocketReactiveAutoConfiguration:
      Did not match:
         - @ConditionalOnClass did not find required class 'javax.servlet.Servlet' (OnClassCondition)

   WebSocketServletAutoConfiguration:
      Did not match:
         - @ConditionalOnClass did not find required class 'javax.servlet.Servlet' (OnClassCondition)

   XADataSourceAutoConfiguration:
      Did not match:
         - @ConditionalOnClass did not find required class 'javax.transaction.TransactionManager' (OnClassCondition)


Exclusions:
-----------

    None


Unconditional classes:
----------------------

    org.springframework.boot.autoconfigure.context.ConfigurationPropertiesAutoConfiguration

    org.springframework.boot.autoconfigure.context.LifecycleAutoConfiguration

    org.springframework.boot.autoconfigure.context.PropertyPlaceholderAutoConfiguration

    org.springframework.boot.autoconfigure.availability.ApplicationAvailabilityAutoConfiguration

    org.springframework.boot.autoconfigure.info.ProjectInfoAutoConfiguration



2022-09-07 16:31:20.053 [main] DEBUG o.s.b.c.p.s.ConfigurationPropertySourcesPropertyResolver$DefaultResolver - Found key 'spring.liveBeansView.mbeanDomain' in PropertySource 'systemProperties' with value of type String
2022-09-07 16:31:20.060 [main] DEBUG o.s.boot.availability.ApplicationAvailabilityBean - Application availability state LivenessState changed to CORRECT
2022-09-07 16:31:20.061 [main] DEBUG o.s.boot.availability.ApplicationAvailabilityBean - Application availability state ReadinessState changed to ACCEPTING_TRAFFIC
2022-09-07 16:31:21.012 [scheduling-1] DEBUG com.ethan.logbackdemo.LogbackDemoApplication - debug===================
2022-09-07 16:31:22.005 [scheduling-1] DEBUG com.ethan.logbackdemo.LogbackDemoApplication - debug===================
2022-09-07 16:31:23.005 [scheduling-1] DEBUG com.ethan.logbackdemo.LogbackDemoApplication - debug===================
2022-09-07 16:31:24.006 [scheduling-1] DEBUG com.ethan.logbackdemo.LogbackDemoApplication - debug===================
2022-09-07 16:31:25.006 [scheduling-1] DEBUG com.ethan.logbackdemo.LogbackDemoApplication - debug===================
2022-09-07 16:31:26.004 [scheduling-1] DEBUG com.ethan.logbackdemo.LogbackDemoApplication - debug===================
2022-09-07 16:31:27.005 [scheduling-1] DEBUG com.ethan.logbackdemo.LogbackDemoApplication - debug===================
2022-09-07 16:31:28.006 [scheduling-1] DEBUG com.ethan.logbackdemo.LogbackDemoApplication - debug===================
2022-09-07 16:31:29.012 [scheduling-1] DEBUG com.ethan.logbackdemo.LogbackDemoApplication - debug===================
2022-09-07 16:31:30.006 [scheduling-1] DEBUG com.ethan.logbackdemo.LogbackDemoApplication - debug===================
2022-09-07 16:31:31.007 [scheduling-1] DEBUG com.ethan.logbackdemo.LogbackDemoApplication - debug===================
2022-09-07 16:31:32.003 [scheduling-1] DEBUG com.ethan.logbackdemo.LogbackDemoApplication - debug===================
2022-09-07 16:31:33.003 [scheduling-1] DEBUG com.ethan.logbackdemo.LogbackDemoApplication - debug===================
2022-09-07 16:31:34.006 [scheduling-1] DEBUG com.ethan.logbackdemo.LogbackDemoApplication - debug===================
2022-09-07 16:31:35.006 [scheduling-1] DEBUG com.ethan.logbackdemo.LogbackDemoApplication - debug===================
2022-09-07 16:31:36.007 [scheduling-1] DEBUG com.ethan.logbackdemo.LogbackDemoApplication - debug===================
2022-09-07 16:31:37.006 [scheduling-1] DEBUG com.ethan.logbackdemo.LogbackDemoApplication - debug===================
2022-09-07 16:31:38.006 [scheduling-1] DEBUG com.ethan.logbackdemo.LogbackDemoApplication - debug===================
2022-09-07 16:31:39.010 [scheduling-1] DEBUG com.ethan.logbackdemo.LogbackDemoApplication - debug===================
2022-09-07 16:31:40.008 [scheduling-1] DEBUG com.ethan.logbackdemo.LogbackDemoApplication - debug===================
2022-09-07 16:31:41.003 [scheduling-1] DEBUG com.ethan.logbackdemo.LogbackDemoApplication - debug===================
2022-09-07 16:31:42.005 [scheduling-1] DEBUG com.ethan.logbackdemo.LogbackDemoApplication - debug===================
2022-09-07 16:31:43.006 [scheduling-1] DEBUG com.ethan.logbackdemo.LogbackDemoApplication - debug===================
2022-09-07 16:31:44.005 [scheduling-1] DEBUG com.ethan.logbackdemo.LogbackDemoApplication - debug===================
2022-09-07 16:31:45.005 [scheduling-1] DEBUG com.ethan.logbackdemo.LogbackDemoApplication - debug===================
2022-09-07 16:31:46.004 [scheduling-1] DEBUG com.ethan.logbackdemo.LogbackDemoApplication - debug===================
2022-09-07 16:31:47.001 [scheduling-1] DEBUG com.ethan.logbackdemo.LogbackDemoApplication - debug===================
2022-09-07 16:31:48.005 [scheduling-1] DEBUG com.ethan.logbackdemo.LogbackDemoApplication - debug===================
2022-09-07 16:31:49.004 [scheduling-1] DEBUG com.ethan.logbackdemo.LogbackDemoApplication - debug===================
2022-09-07 16:31:50.002 [scheduling-1] DEBUG com.ethan.logbackdemo.LogbackDemoApplication - debug===================
2022-09-07 16:31:51.009 [scheduling-1] DEBUG com.ethan.logbackdemo.LogbackDemoApplication - debug===================
2022-09-07 16:31:52.003 [scheduling-1] DEBUG com.ethan.logbackdemo.LogbackDemoApplication - debug===================
2022-09-07 16:31:53.004 [scheduling-1] DEBUG com.ethan.logbackdemo.LogbackDemoApplication - debug===================
2022-09-07 16:31:54.006 [scheduling-1] DEBUG com.ethan.logbackdemo.LogbackDemoApplication - debug===================
2022-09-07 16:31:55.004 [scheduling-1] DEBUG com.ethan.logbackdemo.LogbackDemoApplication - debug===================
2022-09-07 16:31:56.006 [scheduling-1] DEBUG com.ethan.logbackdemo.LogbackDemoApplication - debug===================
2022-09-07 16:31:57.003 [scheduling-1] DEBUG com.ethan.logbackdemo.LogbackDemoApplication - debug===================
2022-09-07 16:31:58.002 [scheduling-1] DEBUG com.ethan.logbackdemo.LogbackDemoApplication - debug===================
2022-09-07 16:31:59.006 [scheduling-1] DEBUG com.ethan.logbackdemo.LogbackDemoApplication - debug===================
2022-09-07 16:32:00.012 [scheduling-1] DEBUG com.ethan.logbackdemo.LogbackDemoApplication - debug===================
2022-09-07 16:32:01.006 [scheduling-1] DEBUG com.ethan.logbackdemo.LogbackDemoApplication - debug===================
2022-09-07 16:32:02.004 [scheduling-1] DEBUG com.ethan.logbackdemo.LogbackDemoApplication - debug===================
2022-09-07 16:32:03.006 [scheduling-1] DEBUG com.ethan.logbackdemo.LogbackDemoApplication - debug===================
2022-09-07 16:32:04.006 [scheduling-1] DEBUG com.ethan.logbackdemo.LogbackDemoApplication - debug===================
2022-09-07 16:32:05.006 [scheduling-1] DEBUG com.ethan.logbackdemo.LogbackDemoApplication - debug===================
2022-09-07 16:32:06.002 [scheduling-1] DEBUG com.ethan.logbackdemo.LogbackDemoApplication - debug===================
2022-09-07 16:32:07.006 [scheduling-1] DEBUG com.ethan.logbackdemo.LogbackDemoApplication - debug===================
2022-09-07 16:32:08.002 [scheduling-1] DEBUG com.ethan.logbackdemo.LogbackDemoApplication - debug===================
2022-09-07 16:32:09.005 [scheduling-1] DEBUG com.ethan.logbackdemo.LogbackDemoApplication - debug===================
2022-09-07 16:32:10.006 [scheduling-1] DEBUG com.ethan.logbackdemo.LogbackDemoApplication - debug===================
2022-09-07 16:32:11.021 [scheduling-1] DEBUG com.ethan.logbackdemo.LogbackDemoApplication - debug===================
2022-09-07 16:32:12.005 [scheduling-1] DEBUG com.ethan.logbackdemo.LogbackDemoApplication - debug===================
2022-09-07 16:32:13.004 [scheduling-1] DEBUG com.ethan.logbackdemo.LogbackDemoApplication - debug===================
2022-09-07 16:32:14.006 [scheduling-1] DEBUG com.ethan.logbackdemo.LogbackDemoApplication - debug===================
2022-09-07 16:32:15.006 [scheduling-1] DEBUG com.ethan.logbackdemo.LogbackDemoApplication - debug===================
2022-09-07 16:32:16.007 [scheduling-1] DEBUG com.ethan.logbackdemo.LogbackDemoApplication - debug===================
2022-09-07 16:32:17.019 [scheduling-1] DEBUG com.ethan.logbackdemo.LogbackDemoApplication - debug===================
2022-09-07 16:32:18.006 [scheduling-1] DEBUG com.ethan.logbackdemo.LogbackDemoApplication - debug===================
2022-09-07 16:32:19.004 [scheduling-1] DEBUG com.ethan.logbackdemo.LogbackDemoApplication - debug===================
2022-09-07 16:32:20.003 [scheduling-1] DEBUG com.ethan.logbackdemo.LogbackDemoApplication - debug===================
2022-09-07 16:32:21.003 [scheduling-1] DEBUG com.ethan.logbackdemo.LogbackDemoApplication - debug===================
2022-09-07 16:32:22.002 [scheduling-1] DEBUG com.ethan.logbackdemo.LogbackDemoApplication - debug===================
2022-09-07 16:32:23.007 [scheduling-1] DEBUG com.ethan.logbackdemo.LogbackDemoApplication - debug===================
2022-09-07 16:32:24.003 [scheduling-1] DEBUG com.ethan.logbackdemo.LogbackDemoApplication - debug===================
2022-09-07 16:32:25.015 [scheduling-1] DEBUG com.ethan.logbackdemo.LogbackDemoApplication - debug===================
2022-09-07 16:32:26.004 [scheduling-1] DEBUG com.ethan.logbackdemo.LogbackDemoApplication - debug===================
2022-09-07 16:32:27.007 [scheduling-1] DEBUG com.ethan.logbackdemo.LogbackDemoApplication - debug===================
2022-09-07 16:32:28.003 [scheduling-1] DEBUG com.ethan.logbackdemo.LogbackDemoApplication - debug===================
2022-09-07 16:32:29.003 [scheduling-1] DEBUG com.ethan.logbackdemo.LogbackDemoApplication - debug===================
2022-09-07 16:32:30.004 [scheduling-1] DEBUG com.ethan.logbackdemo.LogbackDemoApplication - debug===================
2022-09-07 16:32:31.003 [scheduling-1] DEBUG com.ethan.logbackdemo.LogbackDemoApplication - debug===================
2022-09-07 16:32:32.002 [scheduling-1] DEBUG com.ethan.logbackdemo.LogbackDemoApplication - debug===================
2022-09-07 16:32:33.012 [scheduling-1] DEBUG com.ethan.logbackdemo.LogbackDemoApplication - debug===================
2022-09-07 16:32:34.001 [scheduling-1] DEBUG com.ethan.logbackdemo.LogbackDemoApplication - debug===================
2022-09-07 16:32:35.014 [scheduling-1] DEBUG com.ethan.logbackdemo.LogbackDemoApplication - debug===================
2022-09-07 16:32:36.003 [scheduling-1] DEBUG com.ethan.logbackdemo.LogbackDemoApplication - debug===================
2022-09-07 16:32:37.005 [scheduling-1] DEBUG com.ethan.logbackdemo.LogbackDemoApplication - debug===================
2022-09-07 16:32:38.002 [scheduling-1] DEBUG com.ethan.logbackdemo.LogbackDemoApplication - debug===================
2022-09-07 16:32:39.006 [scheduling-1] DEBUG com.ethan.logbackdemo.LogbackDemoApplication - debug===================
2022-09-07 16:32:40.003 [scheduling-1] DEBUG com.ethan.logbackdemo.LogbackDemoApplication - debug===================
2022-09-07 16:32:41.019 [scheduling-1] DEBUG com.ethan.logbackdemo.LogbackDemoApplication - debug===================
2022-09-07 16:32:42.002 [scheduling-1] DEBUG com.ethan.logbackdemo.LogbackDemoApplication - debug===================
2022-09-07 16:32:43.004 [scheduling-1] DEBUG com.ethan.logbackdemo.LogbackDemoApplication - debug===================
2022-09-07 16:32:44.005 [scheduling-1] DEBUG com.ethan.logbackdemo.LogbackDemoApplication - debug===================
2022-09-07 16:32:45.002 [scheduling-1] DEBUG com.ethan.logbackdemo.LogbackDemoApplication - debug===================
2022-09-07 16:32:46.010 [scheduling-1] DEBUG com.ethan.logbackdemo.LogbackDemoApplication - debug===================
2022-09-07 16:32:47.004 [scheduling-1] DEBUG com.ethan.logbackdemo.LogbackDemoApplication - debug===================
2022-09-07 16:32:48.007 [scheduling-1] DEBUG com.ethan.logbackdemo.LogbackDemoApplication - debug===================
2022-09-07 16:32:49.005 [scheduling-1] DEBUG com.ethan.logbackdemo.LogbackDemoApplication - debug===================
2022-09-07 16:32:50.006 [scheduling-1] DEBUG com.ethan.logbackdemo.LogbackDemoApplication - debug===================
2022-09-07 16:32:51.009 [scheduling-1] DEBUG com.ethan.logbackdemo.LogbackDemoApplication - debug===================
2022-09-07 16:32:52.003 [scheduling-1] DEBUG com.ethan.logbackdemo.LogbackDemoApplication - debug===================
2022-09-07 16:32:53.003 [scheduling-1] DEBUG com.ethan.logbackdemo.LogbackDemoApplication - debug===================
2022-09-07 16:32:54.002 [scheduling-1] DEBUG com.ethan.logbackdemo.LogbackDemoApplication - debug===================
2022-09-07 16:32:55.005 [scheduling-1] DEBUG com.ethan.logbackdemo.LogbackDemoApplication - debug===================
2022-09-07 16:32:56.003 [scheduling-1] DEBUG com.ethan.logbackdemo.LogbackDemoApplication - debug===================
2022-09-07 16:32:57.008 [scheduling-1] DEBUG com.ethan.logbackdemo.LogbackDemoApplication - debug===================
2022-09-07 16:32:58.003 [scheduling-1] DEBUG com.ethan.logbackdemo.LogbackDemoApplication - debug===================
2022-09-07 16:32:59.006 [scheduling-1] DEBUG com.ethan.logbackdemo.LogbackDemoApplication - debug===================
2022-09-07 16:33:00.014 [scheduling-1] DEBUG com.ethan.logbackdemo.LogbackDemoApplication - debug===================
2022-09-07 16:33:01.007 [scheduling-1] DEBUG com.ethan.logbackdemo.LogbackDemoApplication - debug===================
2022-09-07 16:33:02.007 [scheduling-1] DEBUG com.ethan.logbackdemo.LogbackDemoApplication - debug===================
2022-09-07 16:33:03.007 [scheduling-1] DEBUG com.ethan.logbackdemo.LogbackDemoApplication - debug===================
2022-09-07 16:33:04.004 [scheduling-1] DEBUG com.ethan.logbackdemo.LogbackDemoApplication - debug===================
2022-09-07 16:33:05.008 [scheduling-1] DEBUG com.ethan.logbackdemo.LogbackDemoApplication - debug===================
2022-09-07 16:33:06.003 [scheduling-1] DEBUG com.ethan.logbackdemo.LogbackDemoApplication - debug===================
2022-09-07 16:33:07.006 [scheduling-1] DEBUG com.ethan.logbackdemo.LogbackDemoApplication - debug===================
2022-09-07 16:33:08.006 [scheduling-1] DEBUG com.ethan.logbackdemo.LogbackDemoApplication - debug===================
2022-09-07 16:33:09.004 [scheduling-1] DEBUG com.ethan.logbackdemo.LogbackDemoApplication - debug===================
2022-09-07 16:33:10.003 [scheduling-1] DEBUG com.ethan.logbackdemo.LogbackDemoApplication - debug===================
2022-09-07 16:33:11.003 [scheduling-1] DEBUG com.ethan.logbackdemo.LogbackDemoApplication - debug===================
2022-09-07 16:33:12.006 [scheduling-1] DEBUG com.ethan.logbackdemo.LogbackDemoApplication - debug===================
2022-09-07 16:33:13.002 [scheduling-1] DEBUG com.ethan.logbackdemo.LogbackDemoApplication - debug===================
2022-09-07 16:33:14.001 [scheduling-1] DEBUG com.ethan.logbackdemo.LogbackDemoApplication - debug===================
2022-09-07 16:33:15.007 [scheduling-1] DEBUG com.ethan.logbackdemo.LogbackDemoApplication - debug===================
2022-09-07 16:33:16.010 [scheduling-1] DEBUG com.ethan.logbackdemo.LogbackDemoApplication - debug===================
2022-09-07 16:33:17.012 [scheduling-1] DEBUG com.ethan.logbackdemo.LogbackDemoApplication - debug===================
2022-09-07 16:33:18.004 [scheduling-1] DEBUG com.ethan.logbackdemo.LogbackDemoApplication - debug===================
2022-09-07 16:33:19.009 [scheduling-1] DEBUG com.ethan.logbackdemo.LogbackDemoApplication - debug===================
2022-09-07 16:33:20.007 [scheduling-1] DEBUG com.ethan.logbackdemo.LogbackDemoApplication - debug===================
2022-09-07 16:33:21.004 [scheduling-1] DEBUG com.ethan.logbackdemo.LogbackDemoApplication - debug===================
2022-09-07 16:33:22.004 [scheduling-1] DEBUG com.ethan.logbackdemo.LogbackDemoApplication - debug===================
2022-09-07 16:33:23.007 [scheduling-1] DEBUG com.ethan.logbackdemo.LogbackDemoApplication - debug===================
2022-09-07 16:33:24.008 [scheduling-1] DEBUG com.ethan.logbackdemo.LogbackDemoApplication - debug===================
2022-09-07 16:33:25.003 [scheduling-1] DEBUG com.ethan.logbackdemo.LogbackDemoApplication - debug===================
2022-09-07 16:33:26.004 [scheduling-1] DEBUG com.ethan.logbackdemo.LogbackDemoApplication - debug===================
2022-09-07 16:33:27.007 [scheduling-1] DEBUG com.ethan.logbackdemo.LogbackDemoApplication - debug===================
2022-09-07 16:33:28.009 [scheduling-1] DEBUG com.ethan.logbackdemo.LogbackDemoApplication - debug===================
2022-09-07 16:33:29.006 [scheduling-1] DEBUG com.ethan.logbackdemo.LogbackDemoApplication - debug===================
2022-09-07 16:33:30.005 [scheduling-1] DEBUG com.ethan.logbackdemo.LogbackDemoApplication - debug===================
2022-09-07 16:33:31.009 [scheduling-1] DEBUG com.ethan.logbackdemo.LogbackDemoApplication - debug===================
2022-09-07 16:33:32.005 [scheduling-1] DEBUG com.ethan.logbackdemo.LogbackDemoApplication - debug===================
2022-09-07 16:33:33.006 [scheduling-1] DEBUG com.ethan.logbackdemo.LogbackDemoApplication - debug===================
2022-09-07 16:33:34.006 [scheduling-1] DEBUG com.ethan.logbackdemo.LogbackDemoApplication - debug===================
2022-09-07 16:33:35.006 [scheduling-1] DEBUG com.ethan.logbackdemo.LogbackDemoApplication - debug===================
2022-09-07 16:33:36.005 [scheduling-1] DEBUG com.ethan.logbackdemo.LogbackDemoApplication - debug===================
2022-09-07 16:33:37.003 [scheduling-1] DEBUG com.ethan.logbackdemo.LogbackDemoApplication - debug===================
2022-09-07 16:33:38.005 [scheduling-1] DEBUG com.ethan.logbackdemo.LogbackDemoApplication - debug===================
2022-09-07 16:33:39.006 [scheduling-1] DEBUG com.ethan.logbackdemo.LogbackDemoApplication - debug===================
2022-09-07 16:33:40.004 [scheduling-1] DEBUG com.ethan.logbackdemo.LogbackDemoApplication - debug===================
2022-09-07 16:33:41.007 [scheduling-1] DEBUG com.ethan.logbackdemo.LogbackDemoApplication - debug===================
2022-09-07 16:33:42.003 [scheduling-1] DEBUG com.ethan.logbackdemo.LogbackDemoApplication - debug===================
2022-09-07 16:33:43.004 [scheduling-1] DEBUG com.ethan.logbackdemo.LogbackDemoApplication - debug===================
2022-09-07 16:33:44.008 [scheduling-1] DEBUG com.ethan.logbackdemo.LogbackDemoApplication - debug===================
2022-09-07 16:33:45.003 [scheduling-1] DEBUG com.ethan.logbackdemo.LogbackDemoApplication - debug===================
2022-09-07 16:33:46.004 [scheduling-1] DEBUG com.ethan.logbackdemo.LogbackDemoApplication - debug===================
2022-09-07 16:33:47.015 [scheduling-1] DEBUG com.ethan.logbackdemo.LogbackDemoApplication - debug===================
2022-09-07 16:33:48.012 [scheduling-1] DEBUG com.ethan.logbackdemo.LogbackDemoApplication - debug===================
2022-09-07 16:33:49.014 [scheduling-1] DEBUG com.ethan.logbackdemo.LogbackDemoApplication - debug===================
2022-09-07 16:33:50.007 [scheduling-1] DEBUG com.ethan.logbackdemo.LogbackDemoApplication - debug===================
2022-09-07 16:33:51.005 [scheduling-1] DEBUG com.ethan.logbackdemo.LogbackDemoApplication - debug===================
2022-09-07 16:33:52.003 [scheduling-1] DEBUG com.ethan.logbackdemo.LogbackDemoApplication - debug===================
2022-09-07 16:33:53.009 [scheduling-1] DEBUG com.ethan.logbackdemo.LogbackDemoApplication - debug===================
2022-09-07 16:33:54.003 [scheduling-1] DEBUG com.ethan.logbackdemo.LogbackDemoApplication - debug===================
2022-09-07 16:33:55.003 [scheduling-1] DEBUG com.ethan.logbackdemo.LogbackDemoApplication - debug===================
2022-09-07 16:33:56.004 [scheduling-1] DEBUG com.ethan.logbackdemo.LogbackDemoApplication - debug===================
2022-09-07 16:33:57.005 [scheduling-1] DEBUG com.ethan.logbackdemo.LogbackDemoApplication - debug===================
2022-09-07 16:33:58.006 [scheduling-1] DEBUG com.ethan.logbackdemo.LogbackDemoApplication - debug===================
2022-09-07 16:33:59.008 [scheduling-1] DEBUG com.ethan.logbackdemo.LogbackDemoApplication - debug===================
2022-09-07 16:34:00.007 [scheduling-1] DEBUG com.ethan.logbackdemo.LogbackDemoApplication - debug===================
2022-09-07 16:34:01.011 [scheduling-1] DEBUG com.ethan.logbackdemo.LogbackDemoApplication - debug===================
2022-09-07 16:34:02.008 [scheduling-1] DEBUG com.ethan.logbackdemo.LogbackDemoApplication - debug===================
2022-09-07 16:34:03.006 [scheduling-1] DEBUG com.ethan.logbackdemo.LogbackDemoApplication - debug===================
2022-09-07 16:34:04.007 [scheduling-1] DEBUG com.ethan.logbackdemo.LogbackDemoApplication - debug===================
2022-09-07 16:34:05.009 [scheduling-1] DEBUG com.ethan.logbackdemo.LogbackDemoApplication - debug===================
2022-09-07 16:34:06.004 [scheduling-1] DEBUG com.ethan.logbackdemo.LogbackDemoApplication - debug===================
2022-09-07 16:34:07.005 [scheduling-1] DEBUG com.ethan.logbackdemo.LogbackDemoApplication - debug===================
2022-09-07 16:34:08.002 [scheduling-1] DEBUG com.ethan.logbackdemo.LogbackDemoApplication - debug===================
2022-09-07 16:34:09.005 [scheduling-1] DEBUG com.ethan.logbackdemo.LogbackDemoApplication - debug===================
2022-09-07 16:34:10.002 [scheduling-1] DEBUG com.ethan.logbackdemo.LogbackDemoApplication - debug===================
2022-09-07 16:34:11.008 [scheduling-1] DEBUG com.ethan.logbackdemo.LogbackDemoApplication - debug===================
2022-09-07 16:34:12.007 [scheduling-1] DEBUG com.ethan.logbackdemo.LogbackDemoApplication - debug===================
2022-09-07 16:34:13.003 [scheduling-1] DEBUG com.ethan.logbackdemo.LogbackDemoApplication - debug===================
2022-09-07 16:34:14.002 [scheduling-1] DEBUG com.ethan.logbackdemo.LogbackDemoApplication - debug===================
2022-09-07 16:34:15.005 [scheduling-1] DEBUG com.ethan.logbackdemo.LogbackDemoApplication - debug===================
2022-09-07 16:34:16.005 [scheduling-1] DEBUG com.ethan.logbackdemo.LogbackDemoApplication - debug===================
2022-09-07 16:34:17.003 [scheduling-1] DEBUG com.ethan.logbackdemo.LogbackDemoApplication - debug===================
2022-09-07 16:34:18.003 [scheduling-1] DEBUG com.ethan.logbackdemo.LogbackDemoApplication - debug===================
2022-09-07 16:34:19.002 [scheduling-1] DEBUG com.ethan.logbackdemo.LogbackDemoApplication - debug===================
2022-09-07 16:34:20.011 [scheduling-1] DEBUG com.ethan.logbackdemo.LogbackDemoApplication - debug===================
2022-09-07 16:34:21.002 [scheduling-1] DEBUG com.ethan.logbackdemo.LogbackDemoApplication - debug===================
2022-09-07 16:34:22.002 [scheduling-1] DEBUG com.ethan.logbackdemo.LogbackDemoApplication - debug===================
2022-09-07 16:34:23.004 [scheduling-1] DEBUG com.ethan.logbackdemo.LogbackDemoApplication - debug===================
2022-09-07 16:34:24.004 [scheduling-1] DEBUG com.ethan.logbackdemo.LogbackDemoApplication - debug===================
2022-09-07 16:34:25.003 [scheduling-1] DEBUG com.ethan.logbackdemo.LogbackDemoApplication - debug===================
2022-09-07 16:34:26.018 [scheduling-1] DEBUG com.ethan.logbackdemo.LogbackDemoApplication - debug===================
2022-09-07 16:34:27.006 [scheduling-1] DEBUG com.ethan.logbackdemo.LogbackDemoApplication - debug===================
2022-09-07 16:34:28.006 [scheduling-1] DEBUG com.ethan.logbackdemo.LogbackDemoApplication - debug===================
2022-09-07 16:34:29.011 [scheduling-1] DEBUG com.ethan.logbackdemo.LogbackDemoApplication - debug===================
2022-09-07 16:34:30.005 [scheduling-1] DEBUG com.ethan.logbackdemo.LogbackDemoApplication - debug===================
2022-09-07 16:34:31.005 [scheduling-1] DEBUG com.ethan.logbackdemo.LogbackDemoApplication - debug===================
2022-09-07 16:34:32.005 [scheduling-1] DEBUG com.ethan.logbackdemo.LogbackDemoApplication - debug===================
2022-09-07 16:34:33.007 [scheduling-1] DEBUG com.ethan.logbackdemo.LogbackDemoApplication - debug===================
2022-09-07 16:34:34.006 [scheduling-1] DEBUG com.ethan.logbackdemo.LogbackDemoApplication - debug===================
2022-09-07 16:34:35.007 [scheduling-1] DEBUG com.ethan.logbackdemo.LogbackDemoApplication - debug===================
2022-09-07 16:34:36.004 [scheduling-1] DEBUG com.ethan.logbackdemo.LogbackDemoApplication - debug===================
2022-09-07 16:34:37.007 [scheduling-1] DEBUG com.ethan.logbackdemo.LogbackDemoApplication - debug===================
2022-09-07 16:34:38.001 [scheduling-1] DEBUG com.ethan.logbackdemo.LogbackDemoApplication - debug===================
2022-09-07 16:34:39.007 [scheduling-1] DEBUG com.ethan.logbackdemo.LogbackDemoApplication - debug===================
2022-09-07 16:34:40.021 [scheduling-1] DEBUG com.ethan.logbackdemo.LogbackDemoApplication - debug===================
2022-09-07 16:34:41.007 [scheduling-1] DEBUG com.ethan.logbackdemo.LogbackDemoApplication - debug===================
2022-09-07 16:34:42.005 [scheduling-1] DEBUG com.ethan.logbackdemo.LogbackDemoApplication - debug===================
2022-09-07 16:34:43.005 [scheduling-1] DEBUG com.ethan.logbackdemo.LogbackDemoApplication - debug===================
2022-09-07 16:34:44.008 [scheduling-1] DEBUG com.ethan.logbackdemo.LogbackDemoApplication - debug===================
2022-09-07 16:34:45.006 [scheduling-1] DEBUG com.ethan.logbackdemo.LogbackDemoApplication - debug===================
2022-09-07 16:34:46.006 [scheduling-1] DEBUG com.ethan.logbackdemo.LogbackDemoApplication - debug===================
2022-09-07 16:34:47.006 [scheduling-1] DEBUG com.ethan.logbackdemo.LogbackDemoApplication - debug===================
2022-09-07 16:34:48.002 [scheduling-1] DEBUG com.ethan.logbackdemo.LogbackDemoApplication - debug===================
2022-09-07 16:34:49.002 [scheduling-1] DEBUG com.ethan.logbackdemo.LogbackDemoApplication - debug===================
2022-09-07 16:34:50.002 [scheduling-1] DEBUG com.ethan.logbackdemo.LogbackDemoApplication - debug===================
2022-09-07 16:34:51.004 [scheduling-1] DEBUG com.ethan.logbackdemo.LogbackDemoApplication - debug===================
2022-09-07 16:34:52.005 [scheduling-1] DEBUG com.ethan.logbackdemo.LogbackDemoApplication - debug===================
2022-09-07 16:34:53.003 [scheduling-1] DEBUG com.ethan.logbackdemo.LogbackDemoApplication - debug===================
2022-09-07 16:34:54.002 [scheduling-1] DEBUG com.ethan.logbackdemo.LogbackDemoApplication - debug===================
2022-09-07 16:34:55.012 [scheduling-1] DEBUG com.ethan.logbackdemo.LogbackDemoApplication - debug===================
2022-09-07 16:34:56.006 [scheduling-1] DEBUG com.ethan.logbackdemo.LogbackDemoApplication - debug===================
2022-09-07 16:34:57.009 [scheduling-1] DEBUG com.ethan.logbackdemo.LogbackDemoApplication - debug===================
2022-09-07 16:34:58.005 [scheduling-1] DEBUG com.ethan.logbackdemo.LogbackDemoApplication - debug===================
2022-09-07 16:34:59.004 [scheduling-1] DEBUG com.ethan.logbackdemo.LogbackDemoApplication - debug===================
2022-09-07 16:35:00.024 [scheduling-1] DEBUG com.ethan.logbackdemo.LogbackDemoApplication - debug===================
2022-09-07 16:35:01.002 [scheduling-1] DEBUG com.ethan.logbackdemo.LogbackDemoApplication - debug===================
2022-09-07 16:35:02.002 [scheduling-1] DEBUG com.ethan.logbackdemo.LogbackDemoApplication - debug===================
2022-09-07 16:35:03.010 [scheduling-1] DEBUG com.ethan.logbackdemo.LogbackDemoApplication - debug===================
2022-09-07 16:35:04.007 [scheduling-1] DEBUG com.ethan.logbackdemo.LogbackDemoApplication - debug===================
2022-09-07 16:35:05.003 [scheduling-1] DEBUG com.ethan.logbackdemo.LogbackDemoApplication - debug===================
2022-09-07 16:35:06.001 [scheduling-1] DEBUG com.ethan.logbackdemo.LogbackDemoApplication - debug===================
2022-09-07 16:35:07.006 [scheduling-1] DEBUG com.ethan.logbackdemo.LogbackDemoApplication - debug===================
2022-09-07 16:35:08.006 [scheduling-1] DEBUG com.ethan.logbackdemo.LogbackDemoApplication - debug===================
2022-09-07 16:35:09.006 [scheduling-1] DEBUG com.ethan.logbackdemo.LogbackDemoApplication - debug===================
2022-09-07 16:35:10.003 [scheduling-1] DEBUG com.ethan.logbackdemo.LogbackDemoApplication - debug===================
2022-09-07 16:35:11.010 [scheduling-1] DEBUG com.ethan.logbackdemo.LogbackDemoApplication - debug===================
2022-09-07 16:35:12.004 [scheduling-1] DEBUG com.ethan.logbackdemo.LogbackDemoApplication - debug===================
2022-09-07 16:35:13.002 [scheduling-1] DEBUG com.ethan.logbackdemo.LogbackDemoApplication - debug===================
2022-09-07 16:35:14.003 [scheduling-1] DEBUG com.ethan.logbackdemo.LogbackDemoApplication - debug===================
2022-09-07 16:35:15.003 [scheduling-1] DEBUG com.ethan.logbackdemo.LogbackDemoApplication - debug===================
2022-09-07 16:35:16.004 [scheduling-1] DEBUG com.ethan.logbackdemo.LogbackDemoApplication - debug===================
2022-09-07 16:35:17.007 [scheduling-1] DEBUG com.ethan.logbackdemo.LogbackDemoApplication - debug===================
2022-09-07 16:35:18.004 [scheduling-1] DEBUG com.ethan.logbackdemo.LogbackDemoApplication - debug===================
2022-09-07 16:35:19.010 [scheduling-1] DEBUG com.ethan.logbackdemo.LogbackDemoApplication - debug===================
2022-09-07 16:35:20.004 [scheduling-1] DEBUG com.ethan.logbackdemo.LogbackDemoApplication - debug===================
2022-09-07 16:35:21.003 [scheduling-1] DEBUG com.ethan.logbackdemo.LogbackDemoApplication - debug===================
2022-09-07 16:35:22.008 [scheduling-1] DEBUG com.ethan.logbackdemo.LogbackDemoApplication - debug===================
2022-09-07 16:35:23.006 [scheduling-1] DEBUG com.ethan.logbackdemo.LogbackDemoApplication - debug===================
2022-09-07 16:35:24.002 [scheduling-1] DEBUG com.ethan.logbackdemo.LogbackDemoApplication - debug===================
2022-09-07 16:35:25.005 [scheduling-1] DEBUG com.ethan.logbackdemo.LogbackDemoApplication - debug===================
2022-09-07 16:35:26.003 [scheduling-1] DEBUG com.ethan.logbackdemo.LogbackDemoApplication - debug===================
2022-09-07 16:35:27.006 [scheduling-1] DEBUG com.ethan.logbackdemo.LogbackDemoApplication - debug===================
2022-09-07 16:35:28.002 [scheduling-1] DEBUG com.ethan.logbackdemo.LogbackDemoApplication - debug===================
2022-09-07 16:35:29.009 [scheduling-1] DEBUG com.ethan.logbackdemo.LogbackDemoApplication - debug===================
2022-09-07 16:35:30.006 [scheduling-1] DEBUG com.ethan.logbackdemo.LogbackDemoApplication - debug===================
2022-09-07 16:35:31.005 [scheduling-1] DEBUG com.ethan.logbackdemo.LogbackDemoApplication - debug===================
2022-09-07 16:35:32.005 [scheduling-1] DEBUG com.ethan.logbackdemo.LogbackDemoApplication - debug===================
2022-09-07 16:35:33.010 [scheduling-1] DEBUG com.ethan.logbackdemo.LogbackDemoApplication - debug===================
2022-09-07 16:35:34.006 [scheduling-1] DEBUG com.ethan.logbackdemo.LogbackDemoApplication - debug===================
2022-09-07 16:35:35.005 [scheduling-1] DEBUG com.ethan.logbackdemo.LogbackDemoApplication - debug===================
2022-09-07 16:35:36.006 [scheduling-1] DEBUG com.ethan.logbackdemo.LogbackDemoApplication - debug===================
2022-09-07 16:35:37.006 [scheduling-1] DEBUG com.ethan.logbackdemo.LogbackDemoApplication - debug===================
2022-09-07 16:35:38.004 [scheduling-1] DEBUG com.ethan.logbackdemo.LogbackDemoApplication - debug===================
2022-09-07 16:35:39.003 [scheduling-1] DEBUG com.ethan.logbackdemo.LogbackDemoApplication - debug===================
2022-09-07 16:35:40.005 [scheduling-1] DEBUG com.ethan.logbackdemo.LogbackDemoApplication - debug===================
2022-09-07 16:35:41.004 [scheduling-1] DEBUG com.ethan.logbackdemo.LogbackDemoApplication - debug===================
2022-09-07 16:35:42.005 [scheduling-1] DEBUG com.ethan.logbackdemo.LogbackDemoApplication - debug===================
2022-09-07 16:35:43.007 [scheduling-1] DEBUG com.ethan.logbackdemo.LogbackDemoApplication - debug===================
2022-09-07 16:35:44.007 [scheduling-1] DEBUG com.ethan.logbackdemo.LogbackDemoApplication - debug===================
2022-09-07 16:35:45.005 [scheduling-1] DEBUG com.ethan.logbackdemo.LogbackDemoApplication - debug===================
2022-09-07 16:35:46.009 [scheduling-1] DEBUG com.ethan.logbackdemo.LogbackDemoApplication - debug===================
2022-09-07 16:35:47.008 [scheduling-1] DEBUG com.ethan.logbackdemo.LogbackDemoApplication - debug===================
2022-09-07 16:35:48.011 [scheduling-1] DEBUG com.ethan.logbackdemo.LogbackDemoApplication - debug===================
2022-09-07 16:35:49.002 [scheduling-1] DEBUG com.ethan.logbackdemo.LogbackDemoApplication - debug===================
2022-09-07 16:35:50.010 [scheduling-1] DEBUG com.ethan.logbackdemo.LogbackDemoApplication - debug===================
2022-09-07 16:35:51.002 [scheduling-1] DEBUG com.ethan.logbackdemo.LogbackDemoApplication - debug===================
2022-09-07 16:35:52.007 [scheduling-1] DEBUG com.ethan.logbackdemo.LogbackDemoApplication - debug===================
2022-09-07 16:35:53.004 [scheduling-1] DEBUG com.ethan.logbackdemo.LogbackDemoApplication - debug===================
2022-09-07 16:35:54.004 [scheduling-1] DEBUG com.ethan.logbackdemo.LogbackDemoApplication - debug===================
2022-09-07 16:35:55.002 [scheduling-1] DEBUG com.ethan.logbackdemo.LogbackDemoApplication - debug===================
2022-09-07 16:35:56.004 [scheduling-1] DEBUG com.ethan.logbackdemo.LogbackDemoApplication - debug===================
2022-09-07 16:35:57.002 [scheduling-1] DEBUG com.ethan.logbackdemo.LogbackDemoApplication - debug===================
2022-09-07 16:35:58.006 [scheduling-1] DEBUG com.ethan.logbackdemo.LogbackDemoApplication - debug===================
2022-09-07 16:35:59.003 [scheduling-1] DEBUG com.ethan.logbackdemo.LogbackDemoApplication - debug===================
2022-09-07 16:36:00.009 [scheduling-1] DEBUG com.ethan.logbackdemo.LogbackDemoApplication - debug===================
2022-09-07 16:36:01.001 [scheduling-1] DEBUG com.ethan.logbackdemo.LogbackDemoApplication - debug===================
2022-09-07 16:36:02.003 [scheduling-1] DEBUG com.ethan.logbackdemo.LogbackDemoApplication - debug===================
2022-09-07 16:36:03.007 [scheduling-1] DEBUG com.ethan.logbackdemo.LogbackDemoApplication - debug===================
2022-09-07 16:36:04.002 [scheduling-1] DEBUG com.ethan.logbackdemo.LogbackDemoApplication - debug===================
2022-09-07 16:36:05.001 [scheduling-1] DEBUG com.ethan.logbackdemo.LogbackDemoApplication - debug===================
2022-09-07 16:36:06.008 [scheduling-1] DEBUG com.ethan.logbackdemo.LogbackDemoApplication - debug===================
2022-09-07 16:36:07.002 [scheduling-1] DEBUG com.ethan.logbackdemo.LogbackDemoApplication - debug===================
2022-09-07 16:36:08.005 [scheduling-1] DEBUG com.ethan.logbackdemo.LogbackDemoApplication - debug===================
2022-09-07 16:36:09.003 [scheduling-1] DEBUG com.ethan.logbackdemo.LogbackDemoApplication - debug===================
2022-09-07 16:36:10.004 [scheduling-1] DEBUG com.ethan.logbackdemo.LogbackDemoApplication - debug===================
2022-09-07 16:36:11.005 [scheduling-1] DEBUG com.ethan.logbackdemo.LogbackDemoApplication - debug===================
2022-09-07 16:36:12.007 [scheduling-1] DEBUG com.ethan.logbackdemo.LogbackDemoApplication - debug===================
2022-09-07 16:36:13.002 [scheduling-1] DEBUG com.ethan.logbackdemo.LogbackDemoApplication - debug===================
2022-09-07 16:36:14.003 [scheduling-1] DEBUG com.ethan.logbackdemo.LogbackDemoApplication - debug===================
2022-09-07 16:36:15.002 [scheduling-1] DEBUG com.ethan.logbackdemo.LogbackDemoApplication - debug===================
2022-09-07 16:36:16.006 [scheduling-1] DEBUG com.ethan.logbackdemo.LogbackDemoApplication - debug===================
2022-09-07 16:36:17.001 [scheduling-1] DEBUG com.ethan.logbackdemo.LogbackDemoApplication - debug===================
2022-09-07 16:36:18.007 [scheduling-1] DEBUG com.ethan.logbackdemo.LogbackDemoApplication - debug===================
2022-09-07 16:36:19.003 [scheduling-1] DEBUG com.ethan.logbackdemo.LogbackDemoApplication - debug===================
2022-09-07 16:36:20.012 [scheduling-1] DEBUG com.ethan.logbackdemo.LogbackDemoApplication - debug===================
2022-09-07 16:36:21.005 [scheduling-1] DEBUG com.ethan.logbackdemo.LogbackDemoApplication - debug===================
2022-09-07 16:36:22.010 [scheduling-1] DEBUG com.ethan.logbackdemo.LogbackDemoApplication - debug===================
2022-09-07 16:36:23.004 [scheduling-1] DEBUG com.ethan.logbackdemo.LogbackDemoApplication - debug===================
2022-09-07 16:36:24.002 [scheduling-1] DEBUG com.ethan.logbackdemo.LogbackDemoApplication - debug===================
2022-09-07 16:36:25.004 [scheduling-1] DEBUG com.ethan.logbackdemo.LogbackDemoApplication - debug===================
2022-09-07 16:36:26.006 [scheduling-1] DEBUG com.ethan.logbackdemo.LogbackDemoApplication - debug===================
2022-09-07 16:36:27.002 [scheduling-1] DEBUG com.ethan.logbackdemo.LogbackDemoApplication - debug===================
2022-09-07 16:36:28.003 [scheduling-1] DEBUG com.ethan.logbackdemo.LogbackDemoApplication - debug===================
2022-09-07 16:36:29.006 [scheduling-1] DEBUG com.ethan.logbackdemo.LogbackDemoApplication - debug===================
2022-09-07 16:36:30.006 [scheduling-1] DEBUG com.ethan.logbackdemo.LogbackDemoApplication - debug===================
2022-09-07 16:36:31.004 [scheduling-1] DEBUG com.ethan.logbackdemo.LogbackDemoApplication - debug===================
2022-09-07 16:36:32.005 [scheduling-1] DEBUG com.ethan.logbackdemo.LogbackDemoApplication - debug===================
2022-09-07 16:36:33.007 [scheduling-1] DEBUG com.ethan.logbackdemo.LogbackDemoApplication - debug===================
2022-09-07 16:36:34.002 [scheduling-1] DEBUG com.ethan.logbackdemo.LogbackDemoApplication - debug===================
2022-09-07 16:36:35.002 [scheduling-1] DEBUG com.ethan.logbackdemo.LogbackDemoApplication - debug===================
2022-09-07 16:36:36.002 [scheduling-1] DEBUG com.ethan.logbackdemo.LogbackDemoApplication - debug===================
2022-09-07 16:36:37.006 [scheduling-1] DEBUG com.ethan.logbackdemo.LogbackDemoApplication - debug===================
2022-09-07 16:36:38.006 [scheduling-1] DEBUG com.ethan.logbackdemo.LogbackDemoApplication - debug===================
2022-09-07 16:36:39.005 [scheduling-1] DEBUG com.ethan.logbackdemo.LogbackDemoApplication - debug===================
2022-09-07 16:36:40.006 [scheduling-1] DEBUG com.ethan.logbackdemo.LogbackDemoApplication - debug===================
2022-09-07 16:36:41.001 [scheduling-1] DEBUG com.ethan.logbackdemo.LogbackDemoApplication - debug===================
2022-09-07 16:36:42.007 [scheduling-1] DEBUG com.ethan.logbackdemo.LogbackDemoApplication - debug===================
2022-09-07 16:36:43.008 [scheduling-1] DEBUG com.ethan.logbackdemo.LogbackDemoApplication - debug===================
2022-09-07 16:36:44.005 [scheduling-1] DEBUG com.ethan.logbackdemo.LogbackDemoApplication - debug===================
2022-09-07 16:36:45.003 [scheduling-1] DEBUG com.ethan.logbackdemo.LogbackDemoApplication - debug===================
2022-09-07 16:36:46.007 [scheduling-1] DEBUG com.ethan.logbackdemo.LogbackDemoApplication - debug===================
2022-09-07 16:36:47.004 [scheduling-1] DEBUG com.ethan.logbackdemo.LogbackDemoApplication - debug===================
2022-09-07 16:36:48.006 [scheduling-1] DEBUG com.ethan.logbackdemo.LogbackDemoApplication - debug===================
2022-09-07 16:36:49.004 [scheduling-1] DEBUG com.ethan.logbackdemo.LogbackDemoApplication - debug===================
2022-09-07 16:36:50.013 [scheduling-1] DEBUG com.ethan.logbackdemo.LogbackDemoApplication - debug===================
2022-09-07 16:36:51.006 [scheduling-1] DEBUG com.ethan.logbackdemo.LogbackDemoApplication - debug===================
2022-09-07 16:36:52.004 [scheduling-1] DEBUG com.ethan.logbackdemo.LogbackDemoApplication - debug===================
2022-09-07 16:36:53.006 [scheduling-1] DEBUG com.ethan.logbackdemo.LogbackDemoApplication - debug===================
2022-09-07 16:36:54.006 [scheduling-1] DEBUG com.ethan.logbackdemo.LogbackDemoApplication - debug===================
2022-09-07 16:36:55.002 [scheduling-1] DEBUG com.ethan.logbackdemo.LogbackDemoApplication - debug===================
2022-09-07 16:36:56.001 [scheduling-1] DEBUG com.ethan.logbackdemo.LogbackDemoApplication - debug===================
2022-09-07 16:36:57.006 [scheduling-1] DEBUG com.ethan.logbackdemo.LogbackDemoApplication - debug===================
2022-09-07 16:36:58.006 [scheduling-1] DEBUG com.ethan.logbackdemo.LogbackDemoApplication - debug===================
2022-09-07 16:36:59.005 [scheduling-1] DEBUG com.ethan.logbackdemo.LogbackDemoApplication - debug===================
2022-09-07 16:37:00.007 [scheduling-1] DEBUG com.ethan.logbackdemo.LogbackDemoApplication - debug===================
2022-09-07 16:37:01.001 [scheduling-1] DEBUG com.ethan.logbackdemo.LogbackDemoApplication - debug===================
2022-09-07 16:37:02.006 [scheduling-1] DEBUG com.ethan.logbackdemo.LogbackDemoApplication - debug===================
2022-09-07 16:37:03.006 [scheduling-1] DEBUG com.ethan.logbackdemo.LogbackDemoApplication - debug===================
2022-09-07 16:37:04.006 [scheduling-1] DEBUG com.ethan.logbackdemo.LogbackDemoApplication - debug===================
2022-09-07 16:37:05.019 [scheduling-1] DEBUG com.ethan.logbackdemo.LogbackDemoApplication - debug===================
2022-09-07 16:37:06.003 [scheduling-1] DEBUG com.ethan.logbackdemo.LogbackDemoApplication - debug===================
2022-09-07 16:37:06.172 [SpringApplicationShutdownHook] DEBUG o.s.c.a.AnnotationConfigApplicationContext - Closing org.springframework.context.annotation.AnnotationConfigApplicationContext@1c55f277, started on Wed Sep 07 16:31:19 PST 2022
2022-09-07 16:37:06.174 [SpringApplicationShutdownHook] DEBUG o.s.b.c.p.s.ConfigurationPropertySourcesPropertyResolver$DefaultResolver - Found key 'spring.liveBeansView.mbeanDomain' in PropertySource 'systemProperties' with value of type String
2022-09-07 16:37:06.185 [SpringApplicationShutdownHook] DEBUG o.s.context.support.DefaultLifecycleProcessor - Stopping beans in phase -2147483647
2022-09-07 16:37:06.186 [SpringApplicationShutdownHook] DEBUG o.s.context.support.DefaultLifecycleProcessor - Bean 'springBootLoggingLifecycle' completed its stop procedure
2022-09-07 16:37:06.187 [SpringApplicationShutdownHook] DEBUG o.s.scheduling.concurrent.ThreadPoolTaskScheduler - Shutting down ExecutorService 'taskScheduler'
2022-09-07 16:37:06.188 [SpringApplicationShutdownHook] DEBUG o.s.jmx.export.annotation.AnnotationMBeanExporter - Unregistering JMX-exposed beans on shutdown
2022-09-07 16:37:09.079 [main] DEBUG com.ethan.logbackdemo.LogbackDemoApplication - Running with Spring Boot v2.7.4-SNAPSHOT, Spring v5.3.22
2022-09-07 16:37:09.080 [main] DEBUG org.springframework.boot.SpringApplication - Loading source class com.ethan.logbackdemo.LogbackDemoApplication
2022-09-07 16:37:09.098 [main] DEBUG o.s.c.a.AnnotationConfigApplicationContext - Refreshing org.springframework.context.annotation.AnnotationConfigApplicationContext@1c55f277
2022-09-07 16:37:09.104 [main] DEBUG o.s.b.factory.support.DefaultListableBeanFactory - Creating shared instance of singleton bean 'org.springframework.context.annotation.internalConfigurationAnnotationProcessor'
2022-09-07 16:37:09.110 [main] DEBUG o.s.b.factory.support.DefaultListableBeanFactory - Creating shared instance of singleton bean 'org.springframework.boot.autoconfigure.internalCachingMetadataReaderFactory'
2022-09-07 16:37:09.238 [main] DEBUG o.s.b.factory.support.DefaultListableBeanFactory - Creating shared instance of singleton bean 'propertySourcesPlaceholderConfigurer'
2022-09-07 16:37:09.240 [main] DEBUG o.s.b.factory.support.DefaultListableBeanFactory - Creating shared instance of singleton bean 'org.springframework.boot.sql.init.dependency.DatabaseInitializationDependencyConfigurer$DependsOnDatabaseInitializationPostProcessor'
2022-09-07 16:37:09.243 [main] DEBUG o.s.b.factory.support.DefaultListableBeanFactory - Creating shared instance of singleton bean 'org.springframework.context.event.internalEventListenerProcessor'
2022-09-07 16:37:09.243 [main] DEBUG o.s.b.factory.support.DefaultListableBeanFactory - Creating shared instance of singleton bean 'forceAutoProxyCreatorToUseClassProxying'
2022-09-07 16:37:09.243 [main] DEBUG o.s.b.factory.support.DefaultListableBeanFactory - Creating shared instance of singleton bean 'org.springframework.context.event.internalEventListenerFactory'
2022-09-07 16:37:09.245 [main] DEBUG o.s.b.factory.support.DefaultListableBeanFactory - Creating shared instance of singleton bean 'org.springframework.context.annotation.internalAutowiredAnnotationProcessor'
2022-09-07 16:37:09.245 [main] DEBUG o.s.b.factory.support.DefaultListableBeanFactory - Creating shared instance of singleton bean 'org.springframework.context.annotation.internalCommonAnnotationProcessor'
2022-09-07 16:37:09.246 [main] DEBUG o.s.b.factory.support.DefaultListableBeanFactory - Creating shared instance of singleton bean 'org.springframework.boot.context.properties.ConfigurationPropertiesBindingPostProcessor'
2022-09-07 16:37:09.247 [main] DEBUG o.s.b.factory.support.DefaultListableBeanFactory - Creating shared instance of singleton bean 'org.springframework.boot.context.internalConfigurationPropertiesBinder'
2022-09-07 16:37:09.247 [main] DEBUG o.s.b.factory.support.DefaultListableBeanFactory - Creating shared instance of singleton bean 'org.springframework.boot.context.internalConfigurationPropertiesBinderFactory'
