2022-09-07 16:14:57.190 [main] ERROR org.springframework.boot.SpringApplication - Application run failed
org.springframework.beans.factory.BeanCreationException: Error creating bean with name 'logbackDemoApplication': Initialization of bean failed; nested exception is java.lang.IllegalStateException: Encountered invalid @Scheduled method 'log': For input string: "" '/2' in cron expression "/2 * * * * ?"
	at org.springframework.beans.factory.support.AbstractAutowireCapableBeanFactory.doCreateBean(AbstractAutowireCapableBeanFactory.java:628)
	at org.springframework.beans.factory.support.AbstractAutowireCapableBeanFactory.createBean(AbstractAutowireCapableBeanFactory.java:542)
	at org.springframework.beans.factory.support.AbstractBeanFactory.lambda$doGetBean$0(AbstractBeanFactory.java:335)
	at org.springframework.beans.factory.support.DefaultSingletonBeanRegistry.getSingleton(DefaultSingletonBeanRegistry.java:234)
	at org.springframework.beans.factory.support.AbstractBeanFactory.doGetBean(AbstractBeanFactory.java:333)
	at org.springframework.beans.factory.support.AbstractBeanFactory.getBean(AbstractBeanFactory.java:208)
	at org.springframework.beans.factory.support.DefaultListableBeanFactory.preInstantiateSingletons(DefaultListableBeanFactory.java:955)
	at org.springframework.context.support.AbstractApplicationContext.finishBeanFactoryInitialization(AbstractApplicationContext.java:918)
	at org.springframework.context.support.AbstractApplicationContext.refresh(AbstractApplicationContext.java:583)
	at org.springframework.boot.SpringApplication.refresh(SpringApplication.java:734)
	at org.springframework.boot.SpringApplication.refreshContext(SpringApplication.java:408)
	at org.springframework.boot.SpringApplication.run(SpringApplication.java:308)
	at org.springframework.boot.SpringApplication.run(SpringApplication.java:1306)
	at org.springframework.boot.SpringApplication.run(SpringApplication.java:1295)
	at com.ethan.logbackdemo.LogbackDemoApplication.main(LogbackDemoApplication.java:15)
Caused by: java.lang.IllegalStateException: Encountered invalid @Scheduled method 'log': For input string: "" '/2' in cron expression "/2 * * * * ?"
	at org.springframework.scheduling.annotation.ScheduledAnnotationBeanPostProcessor.processScheduled(ScheduledAnnotationBeanPostProcessor.java:518)
	at org.springframework.scheduling.annotation.ScheduledAnnotationBeanPostProcessor.lambda$null$1(ScheduledAnnotationBeanPostProcessor.java:380)
	at java.base/java.lang.Iterable.forEach(Iterable.java:75)
	at org.springframework.scheduling.annotation.ScheduledAnnotationBeanPostProcessor.lambda$postProcessAfterInitialization$2(ScheduledAnnotationBeanPostProcessor.java:380)
	at java.base/java.util.LinkedHashMap.forEach(LinkedHashMap.java:684)
	at org.springframework.scheduling.annotation.ScheduledAnnotationBeanPostProcessor.postProcessAfterInitialization(ScheduledAnnotationBeanPostProcessor.java:379)
	at org.springframework.beans.factory.support.AbstractAutowireCapableBeanFactory.applyBeanPostProcessorsAfterInitialization(AbstractAutowireCapableBeanFactory.java:455)
	at org.springframework.beans.factory.support.AbstractAutowireCapableBeanFactory.initializeBean(AbstractAutowireCapableBeanFactory.java:1808)
	at org.springframework.beans.factory.support.AbstractAutowireCapableBeanFactory.doCreateBean(AbstractAutowireCapableBeanFactory.java:620)
	... 14 common frames omitted
2022-09-07 16:15:45.872 [main] ERROR org.springframework.boot.SpringApplication - Application run failed
org.springframework.beans.factory.BeanCreationException: Error creating bean with name 'logbackDemoApplication': Initialization of bean failed; nested exception is java.lang.IllegalStateException: Encountered invalid @Scheduled method 'log': For input string: "?" '?/2' in cron expression "?/2 * * * * ?"
	at org.springframework.beans.factory.support.AbstractAutowireCapableBeanFactory.doCreateBean(AbstractAutowireCapableBeanFactory.java:628)
	at org.springframework.beans.factory.support.AbstractAutowireCapableBeanFactory.createBean(AbstractAutowireCapableBeanFactory.java:542)
	at org.springframework.beans.factory.support.AbstractBeanFactory.lambda$doGetBean$0(AbstractBeanFactory.java:335)
	at org.springframework.beans.factory.support.DefaultSingletonBeanRegistry.getSingleton(DefaultSingletonBeanRegistry.java:234)
	at org.springframework.beans.factory.support.AbstractBeanFactory.doGetBean(AbstractBeanFactory.java:333)
	at org.springframework.beans.factory.support.AbstractBeanFactory.getBean(AbstractBeanFactory.java:208)
	at org.springframework.beans.factory.support.DefaultListableBeanFactory.preInstantiateSingletons(DefaultListableBeanFactory.java:955)
	at org.springframework.context.support.AbstractApplicationContext.finishBeanFactoryInitialization(AbstractApplicationContext.java:918)
	at org.springframework.context.support.AbstractApplicationContext.refresh(AbstractApplicationContext.java:583)
	at org.springframework.boot.SpringApplication.refresh(SpringApplication.java:734)
	at org.springframework.boot.SpringApplication.refreshContext(SpringApplication.java:408)
	at org.springframework.boot.SpringApplication.run(SpringApplication.java:308)
	at org.springframework.boot.SpringApplication.run(SpringApplication.java:1306)
	at org.springframework.boot.SpringApplication.run(SpringApplication.java:1295)
	at com.ethan.logbackdemo.LogbackDemoApplication.main(LogbackDemoApplication.java:15)
Caused by: java.lang.IllegalStateException: Encountered invalid @Scheduled method 'log': For input string: "?" '?/2' in cron expression "?/2 * * * * ?"
	at org.springframework.scheduling.annotation.ScheduledAnnotationBeanPostProcessor.processScheduled(ScheduledAnnotationBeanPostProcessor.java:518)
	at org.springframework.scheduling.annotation.ScheduledAnnotationBeanPostProcessor.lambda$null$1(ScheduledAnnotationBeanPostProcessor.java:380)
	at java.base/java.lang.Iterable.forEach(Iterable.java:75)
	at org.springframework.scheduling.annotation.ScheduledAnnotationBeanPostProcessor.lambda$postProcessAfterInitialization$2(ScheduledAnnotationBeanPostProcessor.java:380)
	at java.base/java.util.LinkedHashMap.forEach(LinkedHashMap.java:684)
	at org.springframework.scheduling.annotation.ScheduledAnnotationBeanPostProcessor.postProcessAfterInitialization(ScheduledAnnotationBeanPostProcessor.java:379)
	at org.springframework.beans.factory.support.AbstractAutowireCapableBeanFactory.applyBeanPostProcessorsAfterInitialization(AbstractAutowireCapableBeanFactory.java:455)
	at org.springframework.beans.factory.support.AbstractAutowireCapableBeanFactory.initializeBean(AbstractAutowireCapableBeanFactory.java:1808)
	at org.springframework.beans.factory.support.AbstractAutowireCapableBeanFactory.doCreateBean(AbstractAutowireCapableBeanFactory.java:620)
	... 14 common frames omitted
2022-09-07 16:16:38.023 [scheduling-1] ERROR com.ethan.logbackdemo.LogbackDemoApplication - error===================
2022-09-07 16:16:40.005 [scheduling-1] ERROR com.ethan.logbackdemo.LogbackDemoApplication - error===================
2022-09-07 16:16:42.004 [scheduling-1] ERROR com.ethan.logbackdemo.LogbackDemoApplication - error===================
2022-09-07 16:16:44.001 [scheduling-1] ERROR com.ethan.logbackdemo.LogbackDemoApplication - error===================
2022-09-07 16:16:46.002 [scheduling-1] ERROR com.ethan.logbackdemo.LogbackDemoApplication - error===================
2022-09-07 16:16:48.006 [scheduling-1] ERROR com.ethan.logbackdemo.LogbackDemoApplication - error===================
2022-09-07 16:16:50.006 [scheduling-1] ERROR com.ethan.logbackdemo.LogbackDemoApplication - error===================
2022-09-07 16:16:52.006 [scheduling-1] ERROR com.ethan.logbackdemo.LogbackDemoApplication - error===================
2022-09-07 16:16:54.006 [scheduling-1] ERROR com.ethan.logbackdemo.LogbackDemoApplication - error===================
2022-09-07 16:16:56.006 [scheduling-1] ERROR com.ethan.logbackdemo.LogbackDemoApplication - error===================
2022-09-07 16:16:58.001 [scheduling-1] ERROR com.ethan.logbackdemo.LogbackDemoApplication - error===================
2022-09-07 16:17:00.005 [scheduling-1] ERROR com.ethan.logbackdemo.LogbackDemoApplication - error===================
2022-09-07 16:17:02.004 [scheduling-1] ERROR com.ethan.logbackdemo.LogbackDemoApplication - error===================
2022-09-07 16:17:04.005 [scheduling-1] ERROR com.ethan.logbackdemo.LogbackDemoApplication - error===================
2022-09-07 16:17:06.005 [scheduling-1] ERROR com.ethan.logbackdemo.LogbackDemoApplication - error===================
2022-09-07 16:17:08.008 [scheduling-1] ERROR com.ethan.logbackdemo.LogbackDemoApplication - error===================
2022-09-07 16:17:10.006 [scheduling-1] ERROR com.ethan.logbackdemo.LogbackDemoApplication - error===================
2022-09-07 16:17:12.005 [scheduling-1] ERROR com.ethan.logbackdemo.LogbackDemoApplication - error===================
2022-09-07 16:17:14.005 [scheduling-1] ERROR com.ethan.logbackdemo.LogbackDemoApplication - error===================
2022-09-07 16:17:16.006 [scheduling-1] ERROR com.ethan.logbackdemo.LogbackDemoApplication - error===================
2022-09-07 16:17:18.005 [scheduling-1] ERROR com.ethan.logbackdemo.LogbackDemoApplication - error===================
2022-09-07 16:17:20.007 [scheduling-1] ERROR com.ethan.logbackdemo.LogbackDemoApplication - error===================
2022-09-07 16:17:22.006 [scheduling-1] ERROR com.ethan.logbackdemo.LogbackDemoApplication - error===================
2022-09-07 16:17:24.006 [scheduling-1] ERROR com.ethan.logbackdemo.LogbackDemoApplication - error===================
2022-09-07 16:17:26.002 [scheduling-1] ERROR com.ethan.logbackdemo.LogbackDemoApplication - error===================
2022-09-07 16:17:28.004 [scheduling-1] ERROR com.ethan.logbackdemo.LogbackDemoApplication - error===================
2022-09-07 16:17:30.004 [scheduling-1] ERROR com.ethan.logbackdemo.LogbackDemoApplication - error===================
2022-09-07 16:17:32.008 [scheduling-1] ERROR com.ethan.logbackdemo.LogbackDemoApplication - error===================
2022-09-07 16:17:34.005 [scheduling-1] ERROR com.ethan.logbackdemo.LogbackDemoApplication - error===================
2022-09-07 16:17:36.005 [scheduling-1] ERROR com.ethan.logbackdemo.LogbackDemoApplication - error===================
2022-09-07 16:17:38.006 [scheduling-1] ERROR com.ethan.logbackdemo.LogbackDemoApplication - error===================
2022-09-07 16:17:40.007 [scheduling-1] ERROR com.ethan.logbackdemo.LogbackDemoApplication - error===================
2022-09-07 16:17:42.004 [scheduling-1] ERROR com.ethan.logbackdemo.LogbackDemoApplication - error===================
2022-09-07 16:17:44.006 [scheduling-1] ERROR com.ethan.logbackdemo.LogbackDemoApplication - error===================
2022-09-07 16:17:46.007 [scheduling-1] ERROR com.ethan.logbackdemo.LogbackDemoApplication - error===================
2022-09-07 16:17:48.006 [scheduling-1] ERROR com.ethan.logbackdemo.LogbackDemoApplication - error===================
2022-09-07 16:17:50.003 [scheduling-1] ERROR com.ethan.logbackdemo.LogbackDemoApplication - error===================
2022-09-07 16:17:52.003 [scheduling-1] ERROR com.ethan.logbackdemo.LogbackDemoApplication - error===================
2022-09-07 16:17:54.003 [scheduling-1] ERROR com.ethan.logbackdemo.LogbackDemoApplication - error===================
2022-09-07 16:17:56.006 [scheduling-1] ERROR com.ethan.logbackdemo.LogbackDemoApplication - error===================
2022-09-07 16:17:58.007 [scheduling-1] ERROR com.ethan.logbackdemo.LogbackDemoApplication - error===================
2022-09-07 16:18:00.023 [scheduling-1] ERROR com.ethan.logbackdemo.LogbackDemoApplication - error===================
2022-09-07 16:18:02.001 [scheduling-1] ERROR com.ethan.logbackdemo.LogbackDemoApplication - error===================
2022-09-07 16:18:04.006 [scheduling-1] ERROR com.ethan.logbackdemo.LogbackDemoApplication - error===================
2022-09-07 16:18:06.005 [scheduling-1] ERROR com.ethan.logbackdemo.LogbackDemoApplication - error===================
2022-09-07 16:18:08.005 [scheduling-1] ERROR com.ethan.logbackdemo.LogbackDemoApplication - error===================
2022-09-07 16:18:10.002 [scheduling-1] ERROR com.ethan.logbackdemo.LogbackDemoApplication - error===================
2022-09-07 16:18:12.007 [scheduling-1] ERROR com.ethan.logbackdemo.LogbackDemoApplication - error===================
2022-09-07 16:18:14.001 [scheduling-1] ERROR com.ethan.logbackdemo.LogbackDemoApplication - error===================
2022-09-07 16:18:16.005 [scheduling-1] ERROR com.ethan.logbackdemo.LogbackDemoApplication - error===================
2022-09-07 16:18:18.003 [scheduling-1] ERROR com.ethan.logbackdemo.LogbackDemoApplication - error===================
2022-09-07 16:18:20.005 [scheduling-1] ERROR com.ethan.logbackdemo.LogbackDemoApplication - error===================
2022-09-07 16:20:34.003 [scheduling-1] ERROR com.ethan.logbackdemo.LogbackDemoApplication - error===================
2022-09-07 16:20:36.005 [scheduling-1] ERROR com.ethan.logbackdemo.LogbackDemoApplication - error===================
2022-09-07 16:20:38.006 [scheduling-1] ERROR com.ethan.logbackdemo.LogbackDemoApplication - error===================
2022-09-07 16:20:40.004 [scheduling-1] ERROR com.ethan.logbackdemo.LogbackDemoApplication - error===================
2022-09-07 16:20:42.001 [scheduling-1] ERROR com.ethan.logbackdemo.LogbackDemoApplication - error===================
2022-09-07 16:20:44.005 [scheduling-1] ERROR com.ethan.logbackdemo.LogbackDemoApplication - error===================
2022-09-07 16:20:46.003 [scheduling-1] ERROR com.ethan.logbackdemo.LogbackDemoApplication - error===================
2022-09-07 16:20:48.004 [scheduling-1] ERROR com.ethan.logbackdemo.LogbackDemoApplication - error===================
2022-09-07 16:20:50.001 [scheduling-1] ERROR com.ethan.logbackdemo.LogbackDemoApplication - error===================
2022-09-07 16:20:52.002 [scheduling-1] ERROR com.ethan.logbackdemo.LogbackDemoApplication - error===================
2022-09-07 16:20:54.006 [scheduling-1] ERROR com.ethan.logbackdemo.LogbackDemoApplication - error===================
2022-09-07 16:20:56.003 [scheduling-1] ERROR com.ethan.logbackdemo.LogbackDemoApplication - error===================
2022-09-07 16:26:20.007 [scheduling-1] ERROR com.ethan.logbackdemo.LogbackDemoApplication - error===================
2022-09-07 16:26:22.006 [scheduling-1] ERROR com.ethan.logbackdemo.LogbackDemoApplication - error===================
2022-09-07 16:26:24.004 [scheduling-1] ERROR com.ethan.logbackdemo.LogbackDemoApplication - error===================
2022-09-07 16:26:26.006 [scheduling-1] ERROR com.ethan.logbackdemo.LogbackDemoApplication - error===================
2022-09-07 16:26:28.007 [scheduling-1] ERROR com.ethan.logbackdemo.LogbackDemoApplication - error===================
2022-09-07 16:26:30.006 [scheduling-1] ERROR com.ethan.logbackdemo.LogbackDemoApplication - error===================
2022-09-07 16:26:32.006 [scheduling-1] ERROR com.ethan.logbackdemo.LogbackDemoApplication - error===================
2022-09-07 16:26:34.006 [scheduling-1] ERROR com.ethan.logbackdemo.LogbackDemoApplication - error===================
2022-09-07 16:26:36.002 [scheduling-1] ERROR com.ethan.logbackdemo.LogbackDemoApplication - error===================
2022-09-07 16:26:38.004 [scheduling-1] ERROR com.ethan.logbackdemo.LogbackDemoApplication - error===================
2022-09-07 16:26:40.008 [scheduling-1] ERROR com.ethan.logbackdemo.LogbackDemoApplication - error===================
2022-09-07 16:26:42.004 [scheduling-1] ERROR com.ethan.logbackdemo.LogbackDemoApplication - error===================
2022-09-07 16:26:44.007 [scheduling-1] ERROR com.ethan.logbackdemo.LogbackDemoApplication - error===================
2022-09-07 16:26:46.006 [scheduling-1] ERROR com.ethan.logbackdemo.LogbackDemoApplication - error===================
2022-09-07 16:26:48.004 [scheduling-1] ERROR com.ethan.logbackdemo.LogbackDemoApplication - error===================
2022-09-07 16:26:50.007 [scheduling-1] ERROR com.ethan.logbackdemo.LogbackDemoApplication - error===================
2022-09-07 16:26:52.003 [scheduling-1] ERROR com.ethan.logbackdemo.LogbackDemoApplication - error===================
2022-09-07 16:26:54.005 [scheduling-1] ERROR com.ethan.logbackdemo.LogbackDemoApplication - error===================
2022-09-07 16:26:56.002 [scheduling-1] ERROR com.ethan.logbackdemo.LogbackDemoApplication - error===================
2022-09-07 16:26:58.006 [scheduling-1] ERROR com.ethan.logbackdemo.LogbackDemoApplication - error===================
2022-09-07 16:27:00.009 [scheduling-1] ERROR com.ethan.logbackdemo.LogbackDemoApplication - error===================
2022-09-07 16:27:02.003 [scheduling-1] ERROR com.ethan.logbackdemo.LogbackDemoApplication - error===================
2022-09-07 16:27:04.005 [scheduling-1] ERROR com.ethan.logbackdemo.LogbackDemoApplication - error===================
2022-09-07 16:27:06.006 [scheduling-1] ERROR com.ethan.logbackdemo.LogbackDemoApplication - error===================
2022-09-07 16:27:08.006 [scheduling-1] ERROR com.ethan.logbackdemo.LogbackDemoApplication - error===================
2022-09-07 16:27:10.007 [scheduling-1] ERROR com.ethan.logbackdemo.LogbackDemoApplication - error===================
2022-09-07 16:27:12.007 [scheduling-1] ERROR com.ethan.logbackdemo.LogbackDemoApplication - error===================
2022-09-07 16:27:14.002 [scheduling-1] ERROR com.ethan.logbackdemo.LogbackDemoApplication - error===================
2022-09-07 16:27:16.004 [scheduling-1] ERROR com.ethan.logbackdemo.LogbackDemoApplication - error===================
2022-09-07 16:27:18.006 [scheduling-1] ERROR com.ethan.logbackdemo.LogbackDemoApplication - error===================
2022-09-07 16:27:20.005 [scheduling-1] ERROR com.ethan.logbackdemo.LogbackDemoApplication - error===================
2022-09-07 16:27:22.004 [scheduling-1] ERROR com.ethan.logbackdemo.LogbackDemoApplication - error===================
2022-09-07 16:27:24.008 [scheduling-1] ERROR com.ethan.logbackdemo.LogbackDemoApplication - error===================
2022-09-07 16:27:26.002 [scheduling-1] ERROR com.ethan.logbackdemo.LogbackDemoApplication - error===================
2022-09-07 16:27:28.006 [scheduling-1] ERROR com.ethan.logbackdemo.LogbackDemoApplication - error===================
2022-09-07 16:27:30.005 [scheduling-1] ERROR com.ethan.logbackdemo.LogbackDemoApplication - error===================
2022-09-07 16:27:32.002 [scheduling-1] ERROR com.ethan.logbackdemo.LogbackDemoApplication - error===================
2022-09-07 16:27:34.005 [scheduling-1] ERROR com.ethan.logbackdemo.LogbackDemoApplication - error===================
2022-09-07 16:27:36.001 [scheduling-1] ERROR com.ethan.logbackdemo.LogbackDemoApplication - error===================
2022-09-07 16:27:38.015 [scheduling-1] ERROR com.ethan.logbackdemo.LogbackDemoApplication - error===================
2022-09-07 16:27:40.006 [scheduling-1] ERROR com.ethan.logbackdemo.LogbackDemoApplication - error===================
2022-09-07 16:27:42.007 [scheduling-1] ERROR com.ethan.logbackdemo.LogbackDemoApplication - error===================
2022-09-07 16:27:46.004 [scheduling-1] ERROR com.ethan.logbackdemo.LogbackDemoApplication - error===================
2022-09-07 16:27:47.005 [scheduling-1] ERROR com.ethan.logbackdemo.LogbackDemoApplication - error===================
2022-09-07 16:27:48.006 [scheduling-1] ERROR com.ethan.logbackdemo.LogbackDemoApplication - error===================
2022-09-07 16:27:49.001 [scheduling-1] ERROR com.ethan.logbackdemo.LogbackDemoApplication - error===================
2022-09-07 16:27:50.006 [scheduling-1] ERROR com.ethan.logbackdemo.LogbackDemoApplication - error===================
2022-09-07 16:27:51.003 [scheduling-1] ERROR com.ethan.logbackdemo.LogbackDemoApplication - error===================
2022-09-07 16:27:52.005 [scheduling-1] ERROR com.ethan.logbackdemo.LogbackDemoApplication - error===================
2022-09-07 16:27:53.003 [scheduling-1] ERROR com.ethan.logbackdemo.LogbackDemoApplication - error===================
2022-09-07 16:27:54.005 [scheduling-1] ERROR com.ethan.logbackdemo.LogbackDemoApplication - error===================
2022-09-07 16:27:55.000 [scheduling-1] ERROR com.ethan.logbackdemo.LogbackDemoApplication - error===================
2022-09-07 16:27:56.005 [scheduling-1] ERROR com.ethan.logbackdemo.LogbackDemoApplication - error===================
2022-09-07 16:27:57.004 [scheduling-1] ERROR com.ethan.logbackdemo.LogbackDemoApplication - error===================
2022-09-07 16:27:58.006 [scheduling-1] ERROR com.ethan.logbackdemo.LogbackDemoApplication - error===================
2022-09-07 16:27:59.005 [scheduling-1] ERROR com.ethan.logbackdemo.LogbackDemoApplication - error===================
2022-09-07 16:28:00.001 [scheduling-1] ERROR com.ethan.logbackdemo.LogbackDemoApplication - error===================
2022-09-07 16:28:01.010 [scheduling-1] ERROR com.ethan.logbackdemo.LogbackDemoApplication - error===================
2022-09-07 16:28:02.005 [scheduling-1] ERROR com.ethan.logbackdemo.LogbackDemoApplication - error===================
2022-09-07 16:28:03.005 [scheduling-1] ERROR com.ethan.logbackdemo.LogbackDemoApplication - error===================
2022-09-07 16:28:04.005 [scheduling-1] ERROR com.ethan.logbackdemo.LogbackDemoApplication - error===================
2022-09-07 16:28:05.005 [scheduling-1] ERROR com.ethan.logbackdemo.LogbackDemoApplication - error===================
2022-09-07 16:28:06.005 [scheduling-1] ERROR com.ethan.logbackdemo.LogbackDemoApplication - error===================
2022-09-07 16:28:07.005 [scheduling-1] ERROR com.ethan.logbackdemo.LogbackDemoApplication - error===================
2022-09-07 16:28:08.006 [scheduling-1] ERROR com.ethan.logbackdemo.LogbackDemoApplication - error===================
2022-09-07 16:28:09.005 [scheduling-1] ERROR com.ethan.logbackdemo.LogbackDemoApplication - error===================
2022-09-07 16:28:10.003 [scheduling-1] ERROR com.ethan.logbackdemo.LogbackDemoApplication - error===================
2022-09-07 16:28:11.001 [scheduling-1] ERROR com.ethan.logbackdemo.LogbackDemoApplication - error===================
2022-09-07 16:28:12.000 [scheduling-1] ERROR com.ethan.logbackdemo.LogbackDemoApplication - error===================
2022-09-07 16:28:13.005 [scheduling-1] ERROR com.ethan.logbackdemo.LogbackDemoApplication - error===================
2022-09-07 16:28:14.002 [scheduling-1] ERROR com.ethan.logbackdemo.LogbackDemoApplication - error===================
2022-09-07 16:28:15.001 [scheduling-1] ERROR com.ethan.logbackdemo.LogbackDemoApplication - error===================
2022-09-07 16:28:16.005 [scheduling-1] ERROR com.ethan.logbackdemo.LogbackDemoApplication - error===================
2022-09-07 16:28:17.005 [scheduling-1] ERROR com.ethan.logbackdemo.LogbackDemoApplication - error===================
2022-09-07 16:28:18.013 [scheduling-1] ERROR com.ethan.logbackdemo.LogbackDemoApplication - error===================
2022-09-07 16:28:19.005 [scheduling-1] ERROR com.ethan.logbackdemo.LogbackDemoApplication - error===================
2022-09-07 16:28:20.004 [scheduling-1] ERROR com.ethan.logbackdemo.LogbackDemoApplication - error===================
2022-09-07 16:28:21.004 [scheduling-1] ERROR com.ethan.logbackdemo.LogbackDemoApplication - error===================
2022-09-07 16:28:22.005 [scheduling-1] ERROR com.ethan.logbackdemo.LogbackDemoApplication - error===================
2022-09-07 16:28:23.005 [scheduling-1] ERROR com.ethan.logbackdemo.LogbackDemoApplication - error===================
2022-09-07 16:28:24.004 [scheduling-1] ERROR com.ethan.logbackdemo.LogbackDemoApplication - error===================
2022-09-07 16:28:25.005 [scheduling-1] ERROR com.ethan.logbackdemo.LogbackDemoApplication - error===================
2022-09-07 16:28:26.005 [scheduling-1] ERROR com.ethan.logbackdemo.LogbackDemoApplication - error===================
2022-09-07 16:28:27.003 [scheduling-1] ERROR com.ethan.logbackdemo.LogbackDemoApplication - error===================
2022-09-07 16:28:28.001 [scheduling-1] ERROR com.ethan.logbackdemo.LogbackDemoApplication - error===================
2022-09-07 16:28:29.006 [scheduling-1] ERROR com.ethan.logbackdemo.LogbackDemoApplication - error===================
2022-09-07 16:28:30.003 [scheduling-1] ERROR com.ethan.logbackdemo.LogbackDemoApplication - error===================
2022-09-07 16:28:31.002 [scheduling-1] ERROR com.ethan.logbackdemo.LogbackDemoApplication - error===================
2022-09-07 16:28:32.003 [scheduling-1] ERROR com.ethan.logbackdemo.LogbackDemoApplication - error===================
2022-09-07 16:28:33.003 [scheduling-1] ERROR com.ethan.logbackdemo.LogbackDemoApplication - error===================
2022-09-07 16:28:34.005 [scheduling-1] ERROR com.ethan.logbackdemo.LogbackDemoApplication - error===================
2022-09-07 16:28:35.006 [scheduling-1] ERROR com.ethan.logbackdemo.LogbackDemoApplication - error===================
2022-09-07 16:28:36.001 [scheduling-1] ERROR com.ethan.logbackdemo.LogbackDemoApplication - error===================
2022-09-07 16:28:37.005 [scheduling-1] ERROR com.ethan.logbackdemo.LogbackDemoApplication - error===================
2022-09-07 16:28:41.003 [scheduling-1] ERROR com.ethan.logbackdemo.LogbackDemoApplication - error===================
2022-09-07 16:28:42.005 [scheduling-1] ERROR com.ethan.logbackdemo.LogbackDemoApplication - error===================
2022-09-07 16:28:43.005 [scheduling-1] ERROR com.ethan.logbackdemo.LogbackDemoApplication - error===================
2022-09-07 16:28:44.006 [scheduling-1] ERROR com.ethan.logbackdemo.LogbackDemoApplication - error===================
2022-09-07 16:28:45.005 [scheduling-1] ERROR com.ethan.logbackdemo.LogbackDemoApplication - error===================
2022-09-07 16:28:46.002 [scheduling-1] ERROR com.ethan.logbackdemo.LogbackDemoApplication - error===================
2022-09-07 16:28:47.006 [scheduling-1] ERROR com.ethan.logbackdemo.LogbackDemoApplication - error===================
2022-09-07 16:28:48.000 [scheduling-1] ERROR com.ethan.logbackdemo.LogbackDemoApplication - error===================
2022-09-07 16:28:49.002 [scheduling-1] ERROR com.ethan.logbackdemo.LogbackDemoApplication - error===================
2022-09-07 16:28:50.005 [scheduling-1] ERROR com.ethan.logbackdemo.LogbackDemoApplication - error===================
2022-09-07 16:28:51.006 [scheduling-1] ERROR com.ethan.logbackdemo.LogbackDemoApplication - error===================
2022-09-07 16:28:52.006 [scheduling-1] ERROR com.ethan.logbackdemo.LogbackDemoApplication - error===================
2022-09-07 16:28:53.004 [scheduling-1] ERROR com.ethan.logbackdemo.LogbackDemoApplication - error===================
2022-09-07 16:28:54.004 [scheduling-1] ERROR com.ethan.logbackdemo.LogbackDemoApplication - error===================
2022-09-07 16:28:55.003 [scheduling-1] ERROR com.ethan.logbackdemo.LogbackDemoApplication - error===================
2022-09-07 16:28:56.006 [scheduling-1] ERROR com.ethan.logbackdemo.LogbackDemoApplication - error===================
2022-09-07 16:28:57.002 [scheduling-1] ERROR com.ethan.logbackdemo.LogbackDemoApplication - error===================
2022-09-07 16:28:58.003 [scheduling-1] ERROR com.ethan.logbackdemo.LogbackDemoApplication - error===================
2022-09-07 16:28:59.005 [scheduling-1] ERROR com.ethan.logbackdemo.LogbackDemoApplication - error===================
2022-09-07 16:29:00.005 [scheduling-1] ERROR com.ethan.logbackdemo.LogbackDemoApplication - error===================
2022-09-07 16:29:01.003 [scheduling-1] ERROR com.ethan.logbackdemo.LogbackDemoApplication - error===================
2022-09-07 16:29:02.003 [scheduling-1] ERROR com.ethan.logbackdemo.LogbackDemoApplication - error===================
2022-09-07 16:29:03.002 [scheduling-1] ERROR com.ethan.logbackdemo.LogbackDemoApplication - error===================
2022-09-07 16:29:04.004 [scheduling-1] ERROR com.ethan.logbackdemo.LogbackDemoApplication - error===================
2022-09-07 16:29:05.001 [scheduling-1] ERROR com.ethan.logbackdemo.LogbackDemoApplication - error===================
2022-09-07 16:29:06.002 [scheduling-1] ERROR com.ethan.logbackdemo.LogbackDemoApplication - error===================
2022-09-07 16:29:07.001 [scheduling-1] ERROR com.ethan.logbackdemo.LogbackDemoApplication - error===================
2022-09-07 16:29:08.005 [scheduling-1] ERROR com.ethan.logbackdemo.LogbackDemoApplication - error===================
2022-09-07 16:29:09.005 [scheduling-1] ERROR com.ethan.logbackdemo.LogbackDemoApplication - error===================
2022-09-07 16:29:10.003 [scheduling-1] ERROR com.ethan.logbackdemo.LogbackDemoApplication - error===================
2022-09-07 16:29:11.001 [scheduling-1] ERROR com.ethan.logbackdemo.LogbackDemoApplication - error===================
2022-09-07 16:29:12.003 [scheduling-1] ERROR com.ethan.logbackdemo.LogbackDemoApplication - error===================
2022-09-07 16:29:13.005 [scheduling-1] ERROR com.ethan.logbackdemo.LogbackDemoApplication - error===================
2022-09-07 16:29:14.006 [scheduling-1] ERROR com.ethan.logbackdemo.LogbackDemoApplication - error===================
2022-09-07 16:29:15.000 [scheduling-1] ERROR com.ethan.logbackdemo.LogbackDemoApplication - error===================
2022-09-07 16:29:16.005 [scheduling-1] ERROR com.ethan.logbackdemo.LogbackDemoApplication - error===================
2022-09-07 16:29:17.002 [scheduling-1] ERROR com.ethan.logbackdemo.LogbackDemoApplication - error===================
2022-09-07 16:29:18.000 [scheduling-1] ERROR com.ethan.logbackdemo.LogbackDemoApplication - error===================
2022-09-07 16:29:19.002 [scheduling-1] ERROR com.ethan.logbackdemo.LogbackDemoApplication - error===================
2022-09-07 16:29:20.006 [scheduling-1] ERROR com.ethan.logbackdemo.LogbackDemoApplication - error===================
2022-09-07 16:29:21.004 [scheduling-1] ERROR com.ethan.logbackdemo.LogbackDemoApplication - error===================
2022-09-07 16:29:22.002 [scheduling-1] ERROR com.ethan.logbackdemo.LogbackDemoApplication - error===================
2022-09-07 16:29:23.004 [scheduling-1] ERROR com.ethan.logbackdemo.LogbackDemoApplication - error===================
2022-09-07 16:29:24.001 [scheduling-1] ERROR com.ethan.logbackdemo.LogbackDemoApplication - error===================
2022-09-07 16:29:25.004 [scheduling-1] ERROR com.ethan.logbackdemo.LogbackDemoApplication - error===================
2022-09-07 16:29:26.006 [scheduling-1] ERROR com.ethan.logbackdemo.LogbackDemoApplication - error===================
2022-09-07 16:29:27.005 [scheduling-1] ERROR com.ethan.logbackdemo.LogbackDemoApplication - error===================
2022-09-07 16:29:28.004 [scheduling-1] ERROR com.ethan.logbackdemo.LogbackDemoApplication - error===================
2022-09-07 16:29:29.005 [scheduling-1] ERROR com.ethan.logbackdemo.LogbackDemoApplication - error===================
2022-09-07 16:29:30.006 [scheduling-1] ERROR com.ethan.logbackdemo.LogbackDemoApplication - error===================
2022-09-07 16:29:31.003 [scheduling-1] ERROR com.ethan.logbackdemo.LogbackDemoApplication - error===================
2022-09-07 16:29:32.006 [scheduling-1] ERROR com.ethan.logbackdemo.LogbackDemoApplication - error===================
2022-09-07 16:29:33.005 [scheduling-1] ERROR com.ethan.logbackdemo.LogbackDemoApplication - error===================
2022-09-07 16:29:34.002 [scheduling-1] ERROR com.ethan.logbackdemo.LogbackDemoApplication - error===================
2022-09-07 16:29:35.005 [scheduling-1] ERROR com.ethan.logbackdemo.LogbackDemoApplication - error===================
2022-09-07 16:29:36.001 [scheduling-1] ERROR com.ethan.logbackdemo.LogbackDemoApplication - error===================
2022-09-07 16:29:37.005 [scheduling-1] ERROR com.ethan.logbackdemo.LogbackDemoApplication - error===================
2022-09-07 16:29:38.002 [scheduling-1] ERROR com.ethan.logbackdemo.LogbackDemoApplication - error===================
2022-09-07 16:29:39.002 [scheduling-1] ERROR com.ethan.logbackdemo.LogbackDemoApplication - error===================
2022-09-07 16:29:40.005 [scheduling-1] ERROR com.ethan.logbackdemo.LogbackDemoApplication - error===================
2022-09-07 16:29:41.005 [scheduling-1] ERROR com.ethan.logbackdemo.LogbackDemoApplication - error===================
2022-09-07 16:29:42.000 [scheduling-1] ERROR com.ethan.logbackdemo.LogbackDemoApplication - error===================
2022-09-07 16:29:43.005 [scheduling-1] ERROR com.ethan.logbackdemo.LogbackDemoApplication - error===================
2022-09-07 16:29:44.004 [scheduling-1] ERROR com.ethan.logbackdemo.LogbackDemoApplication - error===================
2022-09-07 16:29:45.006 [scheduling-1] ERROR com.ethan.logbackdemo.LogbackDemoApplication - error===================
2022-09-07 16:29:46.004 [scheduling-1] ERROR com.ethan.logbackdemo.LogbackDemoApplication - error===================
2022-09-07 16:29:47.005 [scheduling-1] ERROR com.ethan.logbackdemo.LogbackDemoApplication - error===================
2022-09-07 16:29:48.003 [scheduling-1] ERROR com.ethan.logbackdemo.LogbackDemoApplication - error===================
2022-09-07 16:29:49.006 [scheduling-1] ERROR com.ethan.logbackdemo.LogbackDemoApplication - error===================
2022-09-07 16:29:50.000 [scheduling-1] ERROR com.ethan.logbackdemo.LogbackDemoApplication - error===================
2022-09-07 16:29:51.004 [scheduling-1] ERROR com.ethan.logbackdemo.LogbackDemoApplication - error===================
2022-09-07 16:29:52.002 [scheduling-1] ERROR com.ethan.logbackdemo.LogbackDemoApplication - error===================
2022-09-07 16:29:53.006 [scheduling-1] ERROR com.ethan.logbackdemo.LogbackDemoApplication - error===================
2022-09-07 16:29:54.005 [scheduling-1] ERROR com.ethan.logbackdemo.LogbackDemoApplication - error===================
2022-09-07 16:29:55.004 [scheduling-1] ERROR com.ethan.logbackdemo.LogbackDemoApplication - error===================
2022-09-07 16:29:56.002 [scheduling-1] ERROR com.ethan.logbackdemo.LogbackDemoApplication - error===================
2022-09-07 16:29:57.006 [scheduling-1] ERROR com.ethan.logbackdemo.LogbackDemoApplication - error===================
2022-09-07 16:29:58.005 [scheduling-1] ERROR com.ethan.logbackdemo.LogbackDemoApplication - error===================
2022-09-07 16:29:59.006 [scheduling-1] ERROR com.ethan.logbackdemo.LogbackDemoApplication - error===================
2022-09-07 16:30:00.003 [scheduling-1] ERROR com.ethan.logbackdemo.LogbackDemoApplication - error===================
2022-09-07 16:30:01.000 [scheduling-1] ERROR com.ethan.logbackdemo.LogbackDemoApplication - error===================
2022-09-07 16:30:02.005 [scheduling-1] ERROR com.ethan.logbackdemo.LogbackDemoApplication - error===================
2022-09-07 16:30:03.005 [scheduling-1] ERROR com.ethan.logbackdemo.LogbackDemoApplication - error===================
2022-09-07 16:30:04.005 [scheduling-1] ERROR com.ethan.logbackdemo.LogbackDemoApplication - error===================
2022-09-07 16:30:05.005 [scheduling-1] ERROR com.ethan.logbackdemo.LogbackDemoApplication - error===================
2022-09-07 16:30:06.006 [scheduling-1] ERROR com.ethan.logbackdemo.LogbackDemoApplication - error===================
2022-09-07 16:30:07.003 [scheduling-1] ERROR com.ethan.logbackdemo.LogbackDemoApplication - error===================
2022-09-07 16:30:08.006 [scheduling-1] ERROR com.ethan.logbackdemo.LogbackDemoApplication - error===================
2022-09-07 16:30:09.005 [scheduling-1] ERROR com.ethan.logbackdemo.LogbackDemoApplication - error===================
2022-09-07 16:30:10.005 [scheduling-1] ERROR com.ethan.logbackdemo.LogbackDemoApplication - error===================
2022-09-07 16:30:11.002 [scheduling-1] ERROR com.ethan.logbackdemo.LogbackDemoApplication - error===================
2022-09-07 16:30:12.006 [scheduling-1] ERROR com.ethan.logbackdemo.LogbackDemoApplication - error===================
2022-09-07 16:30:13.001 [scheduling-1] ERROR com.ethan.logbackdemo.LogbackDemoApplication - error===================
2022-09-07 16:30:14.005 [scheduling-1] ERROR com.ethan.logbackdemo.LogbackDemoApplication - error===================
2022-09-07 16:30:15.002 [scheduling-1] ERROR com.ethan.logbackdemo.LogbackDemoApplication - error===================
2022-09-07 16:30:16.005 [scheduling-1] ERROR com.ethan.logbackdemo.LogbackDemoApplication - error===================
2022-09-07 16:30:17.008 [scheduling-1] ERROR com.ethan.logbackdemo.LogbackDemoApplication - error===================
2022-09-07 16:30:18.006 [scheduling-1] ERROR com.ethan.logbackdemo.LogbackDemoApplication - error===================
2022-09-07 16:30:19.006 [scheduling-1] ERROR com.ethan.logbackdemo.LogbackDemoApplication - error===================
2022-09-07 16:30:20.002 [scheduling-1] ERROR com.ethan.logbackdemo.LogbackDemoApplication - error===================
2022-09-07 16:30:21.000 [scheduling-1] ERROR com.ethan.logbackdemo.LogbackDemoApplication - error===================
2022-09-07 16:30:22.004 [scheduling-1] ERROR com.ethan.logbackdemo.LogbackDemoApplication - error===================
2022-09-07 16:30:23.005 [scheduling-1] ERROR com.ethan.logbackdemo.LogbackDemoApplication - error===================
2022-09-07 16:30:24.005 [scheduling-1] ERROR com.ethan.logbackdemo.LogbackDemoApplication - error===================
2022-09-07 16:30:25.005 [scheduling-1] ERROR com.ethan.logbackdemo.LogbackDemoApplication - error===================
2022-09-07 16:30:26.005 [scheduling-1] ERROR com.ethan.logbackdemo.LogbackDemoApplication - error===================
2022-09-07 16:30:27.004 [scheduling-1] ERROR com.ethan.logbackdemo.LogbackDemoApplication - error===================
2022-09-07 16:30:28.005 [scheduling-1] ERROR com.ethan.logbackdemo.LogbackDemoApplication - error===================
2022-09-07 16:30:29.001 [scheduling-1] ERROR com.ethan.logbackdemo.LogbackDemoApplication - error===================
2022-09-07 16:30:30.003 [scheduling-1] ERROR com.ethan.logbackdemo.LogbackDemoApplication - error===================
2022-09-07 16:30:31.004 [scheduling-1] ERROR com.ethan.logbackdemo.LogbackDemoApplication - error===================
2022-09-07 16:30:32.000 [scheduling-1] ERROR com.ethan.logbackdemo.LogbackDemoApplication - error===================
2022-09-07 16:30:33.005 [scheduling-1] ERROR com.ethan.logbackdemo.LogbackDemoApplication - error===================
2022-09-07 16:30:34.004 [scheduling-1] ERROR com.ethan.logbackdemo.LogbackDemoApplication - error===================
2022-09-07 16:30:35.001 [scheduling-1] ERROR com.ethan.logbackdemo.LogbackDemoApplication - error===================
2022-09-07 16:30:36.005 [scheduling-1] ERROR com.ethan.logbackdemo.LogbackDemoApplication - error===================
2022-09-07 16:30:37.001 [scheduling-1] ERROR com.ethan.logbackdemo.LogbackDemoApplication - error===================
2022-09-07 16:30:38.005 [scheduling-1] ERROR com.ethan.logbackdemo.LogbackDemoApplication - error===================
2022-09-07 16:30:39.001 [scheduling-1] ERROR com.ethan.logbackdemo.LogbackDemoApplication - error===================
2022-09-07 16:30:40.005 [scheduling-1] ERROR com.ethan.logbackdemo.LogbackDemoApplication - error===================
2022-09-07 16:30:41.005 [scheduling-1] ERROR com.ethan.logbackdemo.LogbackDemoApplication - error===================
2022-09-07 16:30:42.003 [scheduling-1] ERROR com.ethan.logbackdemo.LogbackDemoApplication - error===================
2022-09-07 16:30:43.004 [scheduling-1] ERROR com.ethan.logbackdemo.LogbackDemoApplication - error===================
2022-09-07 16:30:44.002 [scheduling-1] ERROR com.ethan.logbackdemo.LogbackDemoApplication - error===================
2022-09-07 16:30:45.006 [scheduling-1] ERROR com.ethan.logbackdemo.LogbackDemoApplication - error===================
2022-09-07 16:30:46.003 [scheduling-1] ERROR com.ethan.logbackdemo.LogbackDemoApplication - error===================
2022-09-07 16:30:47.003 [scheduling-1] ERROR com.ethan.logbackdemo.LogbackDemoApplication - error===================
2022-09-07 16:30:48.004 [scheduling-1] ERROR com.ethan.logbackdemo.LogbackDemoApplication - error===================
2022-09-07 16:30:49.006 [scheduling-1] ERROR com.ethan.logbackdemo.LogbackDemoApplication - error===================
2022-09-07 16:30:50.005 [scheduling-1] ERROR com.ethan.logbackdemo.LogbackDemoApplication - error===================
2022-09-07 16:30:51.005 [scheduling-1] ERROR com.ethan.logbackdemo.LogbackDemoApplication - error===================
2022-09-07 16:30:52.005 [scheduling-1] ERROR com.ethan.logbackdemo.LogbackDemoApplication - error===================
2022-09-07 16:30:53.003 [scheduling-1] ERROR com.ethan.logbackdemo.LogbackDemoApplication - error===================
2022-09-07 16:30:54.000 [scheduling-1] ERROR com.ethan.logbackdemo.LogbackDemoApplication - error===================
2022-09-07 16:30:55.005 [scheduling-1] ERROR com.ethan.logbackdemo.LogbackDemoApplication - error===================
2022-09-07 16:30:56.004 [scheduling-1] ERROR com.ethan.logbackdemo.LogbackDemoApplication - error===================
2022-09-07 16:30:57.006 [scheduling-1] ERROR com.ethan.logbackdemo.LogbackDemoApplication - error===================
2022-09-07 16:30:58.003 [scheduling-1] ERROR com.ethan.logbackdemo.LogbackDemoApplication - error===================
2022-09-07 16:30:59.005 [scheduling-1] ERROR com.ethan.logbackdemo.LogbackDemoApplication - error===================
2022-09-07 16:31:00.001 [scheduling-1] ERROR com.ethan.logbackdemo.LogbackDemoApplication - error===================
2022-09-07 16:31:01.009 [scheduling-1] ERROR com.ethan.logbackdemo.LogbackDemoApplication - error===================
2022-09-07 16:31:02.001 [scheduling-1] ERROR com.ethan.logbackdemo.LogbackDemoApplication - error===================
2022-09-07 16:31:03.004 [scheduling-1] ERROR com.ethan.logbackdemo.LogbackDemoApplication - error===================
2022-09-07 16:31:04.000 [scheduling-1] ERROR com.ethan.logbackdemo.LogbackDemoApplication - error===================
2022-09-07 16:31:05.005 [scheduling-1] ERROR com.ethan.logbackdemo.LogbackDemoApplication - error===================
2022-09-07 16:31:06.006 [scheduling-1] ERROR com.ethan.logbackdemo.LogbackDemoApplication - error===================
2022-09-07 16:31:07.002 [scheduling-1] ERROR com.ethan.logbackdemo.LogbackDemoApplication - error===================
2022-09-07 16:31:08.003 [scheduling-1] ERROR com.ethan.logbackdemo.LogbackDemoApplication - error===================
2022-09-07 16:31:09.003 [scheduling-1] ERROR com.ethan.logbackdemo.LogbackDemoApplication - error===================
2022-09-07 16:31:10.001 [scheduling-1] ERROR com.ethan.logbackdemo.LogbackDemoApplication - error===================
2022-09-07 16:31:11.001 [scheduling-1] ERROR com.ethan.logbackdemo.LogbackDemoApplication - error===================
2022-09-07 16:31:12.002 [scheduling-1] ERROR com.ethan.logbackdemo.LogbackDemoApplication - error===================
2022-09-07 16:31:13.002 [scheduling-1] ERROR com.ethan.logbackdemo.LogbackDemoApplication - error===================
2022-09-07 16:31:14.006 [scheduling-1] ERROR com.ethan.logbackdemo.LogbackDemoApplication - error===================
2022-09-07 16:31:15.001 [scheduling-1] ERROR com.ethan.logbackdemo.LogbackDemoApplication - error===================
2022-09-07 16:31:16.006 [scheduling-1] ERROR com.ethan.logbackdemo.LogbackDemoApplication - error===================
2022-09-07 16:31:17.006 [scheduling-1] ERROR com.ethan.logbackdemo.LogbackDemoApplication - error===================
2022-09-07 16:31:18.005 [scheduling-1] ERROR com.ethan.logbackdemo.LogbackDemoApplication - error===================
2022-09-07 16:31:21.011 [scheduling-1] ERROR com.ethan.logbackdemo.LogbackDemoApplication - error===================
2022-09-07 16:31:22.005 [scheduling-1] ERROR com.ethan.logbackdemo.LogbackDemoApplication - error===================
2022-09-07 16:31:23.005 [scheduling-1] ERROR com.ethan.logbackdemo.LogbackDemoApplication - error===================
2022-09-07 16:31:24.005 [scheduling-1] ERROR com.ethan.logbackdemo.LogbackDemoApplication - error===================
2022-09-07 16:31:25.005 [scheduling-1] ERROR com.ethan.logbackdemo.LogbackDemoApplication - error===================
2022-09-07 16:31:26.001 [scheduling-1] ERROR com.ethan.logbackdemo.LogbackDemoApplication - error===================
2022-09-07 16:31:27.003 [scheduling-1] ERROR com.ethan.logbackdemo.LogbackDemoApplication - error===================
2022-09-07 16:31:28.005 [scheduling-1] ERROR com.ethan.logbackdemo.LogbackDemoApplication - error===================
2022-09-07 16:31:29.005 [scheduling-1] ERROR com.ethan.logbackdemo.LogbackDemoApplication - error===================
2022-09-07 16:31:30.005 [scheduling-1] ERROR com.ethan.logbackdemo.LogbackDemoApplication - error===================
2022-09-07 16:31:31.005 [scheduling-1] ERROR com.ethan.logbackdemo.LogbackDemoApplication - error===================
2022-09-07 16:31:32.000 [scheduling-1] ERROR com.ethan.logbackdemo.LogbackDemoApplication - error===================
2022-09-07 16:31:33.003 [scheduling-1] ERROR com.ethan.logbackdemo.LogbackDemoApplication - error===================
2022-09-07 16:31:34.006 [scheduling-1] ERROR com.ethan.logbackdemo.LogbackDemoApplication - error===================
2022-09-07 16:31:35.005 [scheduling-1] ERROR com.ethan.logbackdemo.LogbackDemoApplication - error===================
2022-09-07 16:31:36.007 [scheduling-1] ERROR com.ethan.logbackdemo.LogbackDemoApplication - error===================
2022-09-07 16:31:37.005 [scheduling-1] ERROR com.ethan.logbackdemo.LogbackDemoApplication - error===================
2022-09-07 16:31:38.005 [scheduling-1] ERROR com.ethan.logbackdemo.LogbackDemoApplication - error===================
2022-09-07 16:31:39.005 [scheduling-1] ERROR com.ethan.logbackdemo.LogbackDemoApplication - error===================
2022-09-07 16:31:40.005 [scheduling-1] ERROR com.ethan.logbackdemo.LogbackDemoApplication - error===================
2022-09-07 16:31:41.003 [scheduling-1] ERROR com.ethan.logbackdemo.LogbackDemoApplication - error===================
2022-09-07 16:31:42.005 [scheduling-1] ERROR com.ethan.logbackdemo.LogbackDemoApplication - error===================
2022-09-07 16:31:43.005 [scheduling-1] ERROR com.ethan.logbackdemo.LogbackDemoApplication - error===================
2022-09-07 16:31:44.005 [scheduling-1] ERROR com.ethan.logbackdemo.LogbackDemoApplication - error===================
2022-09-07 16:31:45.005 [scheduling-1] ERROR com.ethan.logbackdemo.LogbackDemoApplication - error===================
2022-09-07 16:31:46.003 [scheduling-1] ERROR com.ethan.logbackdemo.LogbackDemoApplication - error===================
2022-09-07 16:31:47.000 [scheduling-1] ERROR com.ethan.logbackdemo.LogbackDemoApplication - error===================
2022-09-07 16:31:48.005 [scheduling-1] ERROR com.ethan.logbackdemo.LogbackDemoApplication - error===================
2022-09-07 16:31:49.002 [scheduling-1] ERROR com.ethan.logbackdemo.LogbackDemoApplication - error===================
2022-09-07 16:31:50.001 [scheduling-1] ERROR com.ethan.logbackdemo.LogbackDemoApplication - error===================
2022-09-07 16:31:51.007 [scheduling-1] ERROR com.ethan.logbackdemo.LogbackDemoApplication - error===================
2022-09-07 16:31:52.003 [scheduling-1] ERROR com.ethan.logbackdemo.LogbackDemoApplication - error===================
2022-09-07 16:31:53.003 [scheduling-1] ERROR com.ethan.logbackdemo.LogbackDemoApplication - error===================
2022-09-07 16:31:54.003 [scheduling-1] ERROR com.ethan.logbackdemo.LogbackDemoApplication - error===================
2022-09-07 16:31:55.003 [scheduling-1] ERROR com.ethan.logbackdemo.LogbackDemoApplication - error===================
2022-09-07 16:31:56.005 [scheduling-1] ERROR com.ethan.logbackdemo.LogbackDemoApplication - error===================
2022-09-07 16:31:57.003 [scheduling-1] ERROR com.ethan.logbackdemo.LogbackDemoApplication - error===================
2022-09-07 16:31:58.001 [scheduling-1] ERROR com.ethan.logbackdemo.LogbackDemoApplication - error===================
2022-09-07 16:31:59.006 [scheduling-1] ERROR com.ethan.logbackdemo.LogbackDemoApplication - error===================
2022-09-07 16:32:00.004 [scheduling-1] ERROR com.ethan.logbackdemo.LogbackDemoApplication - error===================
2022-09-07 16:32:01.006 [scheduling-1] ERROR com.ethan.logbackdemo.LogbackDemoApplication - error===================
2022-09-07 16:32:02.003 [scheduling-1] ERROR com.ethan.logbackdemo.LogbackDemoApplication - error===================
2022-09-07 16:32:03.005 [scheduling-1] ERROR com.ethan.logbackdemo.LogbackDemoApplication - error===================
2022-09-07 16:32:04.005 [scheduling-1] ERROR com.ethan.logbackdemo.LogbackDemoApplication - error===================
2022-09-07 16:32:05.006 [scheduling-1] ERROR com.ethan.logbackdemo.LogbackDemoApplication - error===================
2022-09-07 16:32:06.001 [scheduling-1] ERROR com.ethan.logbackdemo.LogbackDemoApplication - error===================
2022-09-07 16:32:07.005 [scheduling-1] ERROR com.ethan.logbackdemo.LogbackDemoApplication - error===================
2022-09-07 16:32:08.002 [scheduling-1] ERROR com.ethan.logbackdemo.LogbackDemoApplication - error===================
2022-09-07 16:32:09.005 [scheduling-1] ERROR com.ethan.logbackdemo.LogbackDemoApplication - error===================
2022-09-07 16:32:10.006 [scheduling-1] ERROR com.ethan.logbackdemo.LogbackDemoApplication - error===================
2022-09-07 16:32:11.008 [scheduling-1] ERROR com.ethan.logbackdemo.LogbackDemoApplication - error===================
2022-09-07 16:32:12.005 [scheduling-1] ERROR com.ethan.logbackdemo.LogbackDemoApplication - error===================
2022-09-07 16:32:13.004 [scheduling-1] ERROR com.ethan.logbackdemo.LogbackDemoApplication - error===================
2022-09-07 16:32:14.006 [scheduling-1] ERROR com.ethan.logbackdemo.LogbackDemoApplication - error===================
2022-09-07 16:32:15.006 [scheduling-1] ERROR com.ethan.logbackdemo.LogbackDemoApplication - error===================
2022-09-07 16:32:16.005 [scheduling-1] ERROR com.ethan.logbackdemo.LogbackDemoApplication - error===================
2022-09-07 16:32:17.018 [scheduling-1] ERROR com.ethan.logbackdemo.LogbackDemoApplication - error===================
2022-09-07 16:32:18.005 [scheduling-1] ERROR com.ethan.logbackdemo.LogbackDemoApplication - error===================
2022-09-07 16:32:19.003 [scheduling-1] ERROR com.ethan.logbackdemo.LogbackDemoApplication - error===================
2022-09-07 16:32:20.003 [scheduling-1] ERROR com.ethan.logbackdemo.LogbackDemoApplication - error===================
2022-09-07 16:32:21.003 [scheduling-1] ERROR com.ethan.logbackdemo.LogbackDemoApplication - error===================
2022-09-07 16:32:22.001 [scheduling-1] ERROR com.ethan.logbackdemo.LogbackDemoApplication - error===================
2022-09-07 16:32:23.004 [scheduling-1] ERROR com.ethan.logbackdemo.LogbackDemoApplication - error===================
2022-09-07 16:32:24.002 [scheduling-1] ERROR com.ethan.logbackdemo.LogbackDemoApplication - error===================
2022-09-07 16:32:25.007 [scheduling-1] ERROR com.ethan.logbackdemo.LogbackDemoApplication - error===================
2022-09-07 16:32:26.003 [scheduling-1] ERROR com.ethan.logbackdemo.LogbackDemoApplication - error===================
2022-09-07 16:32:27.005 [scheduling-1] ERROR com.ethan.logbackdemo.LogbackDemoApplication - error===================
2022-09-07 16:32:28.003 [scheduling-1] ERROR com.ethan.logbackdemo.LogbackDemoApplication - error===================
2022-09-07 16:32:29.002 [scheduling-1] ERROR com.ethan.logbackdemo.LogbackDemoApplication - error===================
2022-09-07 16:32:30.003 [scheduling-1] ERROR com.ethan.logbackdemo.LogbackDemoApplication - error===================
2022-09-07 16:32:31.002 [scheduling-1] ERROR com.ethan.logbackdemo.LogbackDemoApplication - error===================
2022-09-07 16:32:32.001 [scheduling-1] ERROR com.ethan.logbackdemo.LogbackDemoApplication - error===================
2022-09-07 16:32:33.011 [scheduling-1] ERROR com.ethan.logbackdemo.LogbackDemoApplication - error===================
2022-09-07 16:32:34.001 [scheduling-1] ERROR com.ethan.logbackdemo.LogbackDemoApplication - error===================
2022-09-07 16:32:35.008 [scheduling-1] ERROR com.ethan.logbackdemo.LogbackDemoApplication - error===================
2022-09-07 16:32:36.002 [scheduling-1] ERROR com.ethan.logbackdemo.LogbackDemoApplication - error===================
2022-09-07 16:32:37.004 [scheduling-1] ERROR com.ethan.logbackdemo.LogbackDemoApplication - error===================
2022-09-07 16:32:38.001 [scheduling-1] ERROR com.ethan.logbackdemo.LogbackDemoApplication - error===================
2022-09-07 16:32:39.005 [scheduling-1] ERROR com.ethan.logbackdemo.LogbackDemoApplication - error===================
2022-09-07 16:32:40.003 [scheduling-1] ERROR com.ethan.logbackdemo.LogbackDemoApplication - error===================
2022-09-07 16:32:41.002 [scheduling-1] ERROR com.ethan.logbackdemo.LogbackDemoApplication - error===================
2022-09-07 16:32:42.001 [scheduling-1] ERROR com.ethan.logbackdemo.LogbackDemoApplication - error===================
2022-09-07 16:32:43.004 [scheduling-1] ERROR com.ethan.logbackdemo.LogbackDemoApplication - error===================
2022-09-07 16:32:44.004 [scheduling-1] ERROR com.ethan.logbackdemo.LogbackDemoApplication - error===================
2022-09-07 16:32:45.002 [scheduling-1] ERROR com.ethan.logbackdemo.LogbackDemoApplication - error===================
2022-09-07 16:32:46.002 [scheduling-1] ERROR com.ethan.logbackdemo.LogbackDemoApplication - error===================
2022-09-07 16:32:47.002 [scheduling-1] ERROR com.ethan.logbackdemo.LogbackDemoApplication - error===================
2022-09-07 16:32:48.006 [scheduling-1] ERROR com.ethan.logbackdemo.LogbackDemoApplication - error===================
2022-09-07 16:32:49.005 [scheduling-1] ERROR com.ethan.logbackdemo.LogbackDemoApplication - error===================
2022-09-07 16:32:50.005 [scheduling-1] ERROR com.ethan.logbackdemo.LogbackDemoApplication - error===================
2022-09-07 16:32:51.005 [scheduling-1] ERROR com.ethan.logbackdemo.LogbackDemoApplication - error===================
2022-09-07 16:32:52.002 [scheduling-1] ERROR com.ethan.logbackdemo.LogbackDemoApplication - error===================
2022-09-07 16:32:53.003 [scheduling-1] ERROR com.ethan.logbackdemo.LogbackDemoApplication - error===================
2022-09-07 16:32:54.002 [scheduling-1] ERROR com.ethan.logbackdemo.LogbackDemoApplication - error===================
2022-09-07 16:32:55.004 [scheduling-1] ERROR com.ethan.logbackdemo.LogbackDemoApplication - error===================
2022-09-07 16:32:56.002 [scheduling-1] ERROR com.ethan.logbackdemo.LogbackDemoApplication - error===================
2022-09-07 16:32:57.006 [scheduling-1] ERROR com.ethan.logbackdemo.LogbackDemoApplication - error===================
2022-09-07 16:32:58.003 [scheduling-1] ERROR com.ethan.logbackdemo.LogbackDemoApplication - error===================
2022-09-07 16:32:59.005 [scheduling-1] ERROR com.ethan.logbackdemo.LogbackDemoApplication - error===================
2022-09-07 16:33:00.006 [scheduling-1] ERROR com.ethan.logbackdemo.LogbackDemoApplication - error===================
2022-09-07 16:33:01.006 [scheduling-1] ERROR com.ethan.logbackdemo.LogbackDemoApplication - error===================
2022-09-07 16:33:02.006 [scheduling-1] ERROR com.ethan.logbackdemo.LogbackDemoApplication - error===================
2022-09-07 16:33:03.005 [scheduling-1] ERROR com.ethan.logbackdemo.LogbackDemoApplication - error===================
2022-09-07 16:33:04.004 [scheduling-1] ERROR com.ethan.logbackdemo.LogbackDemoApplication - error===================
2022-09-07 16:33:05.007 [scheduling-1] ERROR com.ethan.logbackdemo.LogbackDemoApplication - error===================
2022-09-07 16:33:06.003 [scheduling-1] ERROR com.ethan.logbackdemo.LogbackDemoApplication - error===================
2022-09-07 16:33:07.005 [scheduling-1] ERROR com.ethan.logbackdemo.LogbackDemoApplication - error===================
2022-09-07 16:33:08.005 [scheduling-1] ERROR com.ethan.logbackdemo.LogbackDemoApplication - error===================
2022-09-07 16:33:09.002 [scheduling-1] ERROR com.ethan.logbackdemo.LogbackDemoApplication - error===================
2022-09-07 16:33:10.002 [scheduling-1] ERROR com.ethan.logbackdemo.LogbackDemoApplication - error===================
2022-09-07 16:33:11.002 [scheduling-1] ERROR com.ethan.logbackdemo.LogbackDemoApplication - error===================
2022-09-07 16:33:12.005 [scheduling-1] ERROR com.ethan.logbackdemo.LogbackDemoApplication - error===================
2022-09-07 16:33:13.001 [scheduling-1] ERROR com.ethan.logbackdemo.LogbackDemoApplication - error===================
2022-09-07 16:33:14.001 [scheduling-1] ERROR com.ethan.logbackdemo.LogbackDemoApplication - error===================
2022-09-07 16:33:15.006 [scheduling-1] ERROR com.ethan.logbackdemo.LogbackDemoApplication - error===================
2022-09-07 16:33:16.005 [scheduling-1] ERROR com.ethan.logbackdemo.LogbackDemoApplication - error===================
2022-09-07 16:33:17.009 [scheduling-1] ERROR com.ethan.logbackdemo.LogbackDemoApplication - error===================
2022-09-07 16:33:18.001 [scheduling-1] ERROR com.ethan.logbackdemo.LogbackDemoApplication - error===================
2022-09-07 16:33:19.005 [scheduling-1] ERROR com.ethan.logbackdemo.LogbackDemoApplication - error===================
2022-09-07 16:33:20.003 [scheduling-1] ERROR com.ethan.logbackdemo.LogbackDemoApplication - error===================
2022-09-07 16:33:21.002 [scheduling-1] ERROR com.ethan.logbackdemo.LogbackDemoApplication - error===================
2022-09-07 16:33:22.004 [scheduling-1] ERROR com.ethan.logbackdemo.LogbackDemoApplication - error===================
2022-09-07 16:33:23.005 [scheduling-1] ERROR com.ethan.logbackdemo.LogbackDemoApplication - error===================
2022-09-07 16:33:24.006 [scheduling-1] ERROR com.ethan.logbackdemo.LogbackDemoApplication - error===================
2022-09-07 16:33:25.003 [scheduling-1] ERROR com.ethan.logbackdemo.LogbackDemoApplication - error===================
2022-09-07 16:33:26.003 [scheduling-1] ERROR com.ethan.logbackdemo.LogbackDemoApplication - error===================
2022-09-07 16:33:27.006 [scheduling-1] ERROR com.ethan.logbackdemo.LogbackDemoApplication - error===================
2022-09-07 16:33:28.005 [scheduling-1] ERROR com.ethan.logbackdemo.LogbackDemoApplication - error===================
2022-09-07 16:33:29.003 [scheduling-1] ERROR com.ethan.logbackdemo.LogbackDemoApplication - error===================
2022-09-07 16:33:30.002 [scheduling-1] ERROR com.ethan.logbackdemo.LogbackDemoApplication - error===================
2022-09-07 16:33:31.005 [scheduling-1] ERROR com.ethan.logbackdemo.LogbackDemoApplication - error===================
2022-09-07 16:33:32.004 [scheduling-1] ERROR com.ethan.logbackdemo.LogbackDemoApplication - error===================
2022-09-07 16:33:33.006 [scheduling-1] ERROR com.ethan.logbackdemo.LogbackDemoApplication - error===================
2022-09-07 16:33:34.005 [scheduling-1] ERROR com.ethan.logbackdemo.LogbackDemoApplication - error===================
2022-09-07 16:33:35.005 [scheduling-1] ERROR com.ethan.logbackdemo.LogbackDemoApplication - error===================
2022-09-07 16:33:36.003 [scheduling-1] ERROR com.ethan.logbackdemo.LogbackDemoApplication - error===================
2022-09-07 16:33:37.001 [scheduling-1] ERROR com.ethan.logbackdemo.LogbackDemoApplication - error===================
2022-09-07 16:33:38.005 [scheduling-1] ERROR com.ethan.logbackdemo.LogbackDemoApplication - error===================
2022-09-07 16:33:39.006 [scheduling-1] ERROR com.ethan.logbackdemo.LogbackDemoApplication - error===================
2022-09-07 16:33:40.004 [scheduling-1] ERROR com.ethan.logbackdemo.LogbackDemoApplication - error===================
2022-09-07 16:33:41.005 [scheduling-1] ERROR com.ethan.logbackdemo.LogbackDemoApplication - error===================
2022-09-07 16:33:42.002 [scheduling-1] ERROR com.ethan.logbackdemo.LogbackDemoApplication - error===================
2022-09-07 16:33:43.002 [scheduling-1] ERROR com.ethan.logbackdemo.LogbackDemoApplication - error===================
2022-09-07 16:33:44.005 [scheduling-1] ERROR com.ethan.logbackdemo.LogbackDemoApplication - error===================
2022-09-07 16:33:45.002 [scheduling-1] ERROR com.ethan.logbackdemo.LogbackDemoApplication - error===================
2022-09-07 16:33:46.003 [scheduling-1] ERROR com.ethan.logbackdemo.LogbackDemoApplication - error===================
2022-09-07 16:33:47.015 [scheduling-1] ERROR com.ethan.logbackdemo.LogbackDemoApplication - error===================
2022-09-07 16:33:48.011 [scheduling-1] ERROR com.ethan.logbackdemo.LogbackDemoApplication - error===================
2022-09-07 16:33:49.013 [scheduling-1] ERROR com.ethan.logbackdemo.LogbackDemoApplication - error===================
2022-09-07 16:33:50.005 [scheduling-1] ERROR com.ethan.logbackdemo.LogbackDemoApplication - error===================
2022-09-07 16:33:51.002 [scheduling-1] ERROR com.ethan.logbackdemo.LogbackDemoApplication - error===================
2022-09-07 16:33:52.002 [scheduling-1] ERROR com.ethan.logbackdemo.LogbackDemoApplication - error===================
2022-09-07 16:33:53.006 [scheduling-1] ERROR com.ethan.logbackdemo.LogbackDemoApplication - error===================
2022-09-07 16:33:54.003 [scheduling-1] ERROR com.ethan.logbackdemo.LogbackDemoApplication - error===================
2022-09-07 16:33:55.003 [scheduling-1] ERROR com.ethan.logbackdemo.LogbackDemoApplication - error===================
2022-09-07 16:33:56.002 [scheduling-1] ERROR com.ethan.logbackdemo.LogbackDemoApplication - error===================
2022-09-07 16:33:57.005 [scheduling-1] ERROR com.ethan.logbackdemo.LogbackDemoApplication - error===================
2022-09-07 16:33:58.005 [scheduling-1] ERROR com.ethan.logbackdemo.LogbackDemoApplication - error===================
2022-09-07 16:33:59.005 [scheduling-1] ERROR com.ethan.logbackdemo.LogbackDemoApplication - error===================
2022-09-07 16:34:00.001 [scheduling-1] ERROR com.ethan.logbackdemo.LogbackDemoApplication - error===================
2022-09-07 16:34:01.005 [scheduling-1] ERROR com.ethan.logbackdemo.LogbackDemoApplication - error===================
2022-09-07 16:34:02.004 [scheduling-1] ERROR com.ethan.logbackdemo.LogbackDemoApplication - error===================
2022-09-07 16:34:03.005 [scheduling-1] ERROR com.ethan.logbackdemo.LogbackDemoApplication - error===================
2022-09-07 16:34:04.005 [scheduling-1] ERROR com.ethan.logbackdemo.LogbackDemoApplication - error===================
2022-09-07 16:34:05.006 [scheduling-1] ERROR com.ethan.logbackdemo.LogbackDemoApplication - error===================
2022-09-07 16:34:06.001 [scheduling-1] ERROR com.ethan.logbackdemo.LogbackDemoApplication - error===================
2022-09-07 16:34:07.002 [scheduling-1] ERROR com.ethan.logbackdemo.LogbackDemoApplication - error===================
2022-09-07 16:34:08.001 [scheduling-1] ERROR com.ethan.logbackdemo.LogbackDemoApplication - error===================
2022-09-07 16:34:09.005 [scheduling-1] ERROR com.ethan.logbackdemo.LogbackDemoApplication - error===================
2022-09-07 16:34:10.001 [scheduling-1] ERROR com.ethan.logbackdemo.LogbackDemoApplication - error===================
2022-09-07 16:34:11.007 [scheduling-1] ERROR com.ethan.logbackdemo.LogbackDemoApplication - error===================
2022-09-07 16:34:12.005 [scheduling-1] ERROR com.ethan.logbackdemo.LogbackDemoApplication - error===================
2022-09-07 16:34:13.002 [scheduling-1] ERROR com.ethan.logbackdemo.LogbackDemoApplication - error===================
2022-09-07 16:34:14.001 [scheduling-1] ERROR com.ethan.logbackdemo.LogbackDemoApplication - error===================
2022-09-07 16:34:15.005 [scheduling-1] ERROR com.ethan.logbackdemo.LogbackDemoApplication - error===================
2022-09-07 16:34:16.003 [scheduling-1] ERROR com.ethan.logbackdemo.LogbackDemoApplication - error===================
2022-09-07 16:34:17.002 [scheduling-1] ERROR com.ethan.logbackdemo.LogbackDemoApplication - error===================
2022-09-07 16:34:18.002 [scheduling-1] ERROR com.ethan.logbackdemo.LogbackDemoApplication - error===================
2022-09-07 16:34:19.001 [scheduling-1] ERROR com.ethan.logbackdemo.LogbackDemoApplication - error===================
2022-09-07 16:34:20.011 [scheduling-1] ERROR com.ethan.logbackdemo.LogbackDemoApplication - error===================
2022-09-07 16:34:21.001 [scheduling-1] ERROR com.ethan.logbackdemo.LogbackDemoApplication - error===================
2022-09-07 16:34:22.001 [scheduling-1] ERROR com.ethan.logbackdemo.LogbackDemoApplication - error===================
2022-09-07 16:34:23.003 [scheduling-1] ERROR com.ethan.logbackdemo.LogbackDemoApplication - error===================
2022-09-07 16:34:24.002 [scheduling-1] ERROR com.ethan.logbackdemo.LogbackDemoApplication - error===================
2022-09-07 16:34:25.002 [scheduling-1] ERROR com.ethan.logbackdemo.LogbackDemoApplication - error===================
2022-09-07 16:34:26.005 [scheduling-1] ERROR com.ethan.logbackdemo.LogbackDemoApplication - error===================
2022-09-07 16:34:27.004 [scheduling-1] ERROR com.ethan.logbackdemo.LogbackDemoApplication - error===================
2022-09-07 16:34:28.006 [scheduling-1] ERROR com.ethan.logbackdemo.LogbackDemoApplication - error===================
2022-09-07 16:34:29.010 [scheduling-1] ERROR com.ethan.logbackdemo.LogbackDemoApplication - error===================
2022-09-07 16:34:30.004 [scheduling-1] ERROR com.ethan.logbackdemo.LogbackDemoApplication - error===================
2022-09-07 16:34:31.003 [scheduling-1] ERROR com.ethan.logbackdemo.LogbackDemoApplication - error===================
2022-09-07 16:34:32.005 [scheduling-1] ERROR com.ethan.logbackdemo.LogbackDemoApplication - error===================
2022-09-07 16:34:33.006 [scheduling-1] ERROR com.ethan.logbackdemo.LogbackDemoApplication - error===================
2022-09-07 16:34:34.005 [scheduling-1] ERROR com.ethan.logbackdemo.LogbackDemoApplication - error===================
2022-09-07 16:34:35.005 [scheduling-1] ERROR com.ethan.logbackdemo.LogbackDemoApplication - error===================
2022-09-07 16:34:36.003 [scheduling-1] ERROR com.ethan.logbackdemo.LogbackDemoApplication - error===================
2022-09-07 16:34:37.006 [scheduling-1] ERROR com.ethan.logbackdemo.LogbackDemoApplication - error===================
2022-09-07 16:34:38.001 [scheduling-1] ERROR com.ethan.logbackdemo.LogbackDemoApplication - error===================
2022-09-07 16:34:39.006 [scheduling-1] ERROR com.ethan.logbackdemo.LogbackDemoApplication - error===================
2022-09-07 16:34:40.021 [scheduling-1] ERROR com.ethan.logbackdemo.LogbackDemoApplication - error===================
2022-09-07 16:34:41.006 [scheduling-1] ERROR com.ethan.logbackdemo.LogbackDemoApplication - error===================
2022-09-07 16:34:42.004 [scheduling-1] ERROR com.ethan.logbackdemo.LogbackDemoApplication - error===================
2022-09-07 16:34:43.001 [scheduling-1] ERROR com.ethan.logbackdemo.LogbackDemoApplication - error===================
2022-09-07 16:34:44.006 [scheduling-1] ERROR com.ethan.logbackdemo.LogbackDemoApplication - error===================
2022-09-07 16:34:45.002 [scheduling-1] ERROR com.ethan.logbackdemo.LogbackDemoApplication - error===================
2022-09-07 16:34:46.005 [scheduling-1] ERROR com.ethan.logbackdemo.LogbackDemoApplication - error===================
2022-09-07 16:34:47.005 [scheduling-1] ERROR com.ethan.logbackdemo.LogbackDemoApplication - error===================
2022-09-07 16:34:48.002 [scheduling-1] ERROR com.ethan.logbackdemo.LogbackDemoApplication - error===================
2022-09-07 16:34:49.001 [scheduling-1] ERROR com.ethan.logbackdemo.LogbackDemoApplication - error===================
2022-09-07 16:34:50.001 [scheduling-1] ERROR com.ethan.logbackdemo.LogbackDemoApplication - error===================
2022-09-07 16:34:51.003 [scheduling-1] ERROR com.ethan.logbackdemo.LogbackDemoApplication - error===================
2022-09-07 16:34:52.004 [scheduling-1] ERROR com.ethan.logbackdemo.LogbackDemoApplication - error===================
2022-09-07 16:34:53.003 [scheduling-1] ERROR com.ethan.logbackdemo.LogbackDemoApplication - error===================
2022-09-07 16:34:54.002 [scheduling-1] ERROR com.ethan.logbackdemo.LogbackDemoApplication - error===================
2022-09-07 16:34:55.006 [scheduling-1] ERROR com.ethan.logbackdemo.LogbackDemoApplication - error===================
2022-09-07 16:34:56.005 [scheduling-1] ERROR com.ethan.logbackdemo.LogbackDemoApplication - error===================
2022-09-07 16:34:57.005 [scheduling-1] ERROR com.ethan.logbackdemo.LogbackDemoApplication - error===================
2022-09-07 16:34:58.004 [scheduling-1] ERROR com.ethan.logbackdemo.LogbackDemoApplication - error===================
2022-09-07 16:34:59.004 [scheduling-1] ERROR com.ethan.logbackdemo.LogbackDemoApplication - error===================
2022-09-07 16:35:00.023 [scheduling-1] ERROR com.ethan.logbackdemo.LogbackDemoApplication - error===================
2022-09-07 16:35:01.002 [scheduling-1] ERROR com.ethan.logbackdemo.LogbackDemoApplication - error===================
2022-09-07 16:35:02.001 [scheduling-1] ERROR com.ethan.logbackdemo.LogbackDemoApplication - error===================
2022-09-07 16:35:03.002 [scheduling-1] ERROR com.ethan.logbackdemo.LogbackDemoApplication - error===================
2022-09-07 16:35:04.006 [scheduling-1] ERROR com.ethan.logbackdemo.LogbackDemoApplication - error===================
2022-09-07 16:35:05.002 [scheduling-1] ERROR com.ethan.logbackdemo.LogbackDemoApplication - error===================
2022-09-07 16:35:06.001 [scheduling-1] ERROR com.ethan.logbackdemo.LogbackDemoApplication - error===================
2022-09-07 16:35:07.006 [scheduling-1] ERROR com.ethan.logbackdemo.LogbackDemoApplication - error===================
2022-09-07 16:35:08.006 [scheduling-1] ERROR com.ethan.logbackdemo.LogbackDemoApplication - error===================
2022-09-07 16:35:09.005 [scheduling-1] ERROR com.ethan.logbackdemo.LogbackDemoApplication - error===================
2022-09-07 16:35:10.002 [scheduling-1] ERROR com.ethan.logbackdemo.LogbackDemoApplication - error===================
2022-09-07 16:35:11.006 [scheduling-1] ERROR com.ethan.logbackdemo.LogbackDemoApplication - error===================
2022-09-07 16:35:12.003 [scheduling-1] ERROR com.ethan.logbackdemo.LogbackDemoApplication - error===================
2022-09-07 16:35:13.001 [scheduling-1] ERROR com.ethan.logbackdemo.LogbackDemoApplication - error===================
2022-09-07 16:35:14.002 [scheduling-1] ERROR com.ethan.logbackdemo.LogbackDemoApplication - error===================
2022-09-07 16:35:15.002 [scheduling-1] ERROR com.ethan.logbackdemo.LogbackDemoApplication - error===================
2022-09-07 16:35:16.002 [scheduling-1] ERROR com.ethan.logbackdemo.LogbackDemoApplication - error===================
2022-09-07 16:35:17.005 [scheduling-1] ERROR com.ethan.logbackdemo.LogbackDemoApplication - error===================
2022-09-07 16:35:18.004 [scheduling-1] ERROR com.ethan.logbackdemo.LogbackDemoApplication - error===================
2022-09-07 16:35:19.005 [scheduling-1] ERROR com.ethan.logbackdemo.LogbackDemoApplication - error===================
2022-09-07 16:35:20.003 [scheduling-1] ERROR com.ethan.logbackdemo.LogbackDemoApplication - error===================
2022-09-07 16:35:21.000 [scheduling-1] ERROR com.ethan.logbackdemo.LogbackDemoApplication - error===================
2022-09-07 16:35:22.006 [scheduling-1] ERROR com.ethan.logbackdemo.LogbackDemoApplication - error===================
2022-09-07 16:35:23.005 [scheduling-1] ERROR com.ethan.logbackdemo.LogbackDemoApplication - error===================
2022-09-07 16:35:24.002 [scheduling-1] ERROR com.ethan.logbackdemo.LogbackDemoApplication - error===================
2022-09-07 16:35:25.005 [scheduling-1] ERROR com.ethan.logbackdemo.LogbackDemoApplication - error===================
2022-09-07 16:35:26.002 [scheduling-1] ERROR com.ethan.logbackdemo.LogbackDemoApplication - error===================
2022-09-07 16:35:27.005 [scheduling-1] ERROR com.ethan.logbackdemo.LogbackDemoApplication - error===================
2022-09-07 16:35:28.001 [scheduling-1] ERROR com.ethan.logbackdemo.LogbackDemoApplication - error===================
2022-09-07 16:35:29.005 [scheduling-1] ERROR com.ethan.logbackdemo.LogbackDemoApplication - error===================
2022-09-07 16:35:30.005 [scheduling-1] ERROR com.ethan.logbackdemo.LogbackDemoApplication - error===================
2022-09-07 16:35:31.005 [scheduling-1] ERROR com.ethan.logbackdemo.LogbackDemoApplication - error===================
2022-09-07 16:35:32.005 [scheduling-1] ERROR com.ethan.logbackdemo.LogbackDemoApplication - error===================
2022-09-07 16:35:33.009 [scheduling-1] ERROR com.ethan.logbackdemo.LogbackDemoApplication - error===================
2022-09-07 16:35:34.005 [scheduling-1] ERROR com.ethan.logbackdemo.LogbackDemoApplication - error===================
2022-09-07 16:35:35.005 [scheduling-1] ERROR com.ethan.logbackdemo.LogbackDemoApplication - error===================
2022-09-07 16:35:36.006 [scheduling-1] ERROR com.ethan.logbackdemo.LogbackDemoApplication - error===================
2022-09-07 16:35:37.005 [scheduling-1] ERROR com.ethan.logbackdemo.LogbackDemoApplication - error===================
2022-09-07 16:35:38.003 [scheduling-1] ERROR com.ethan.logbackdemo.LogbackDemoApplication - error===================
2022-09-07 16:35:39.002 [scheduling-1] ERROR com.ethan.logbackdemo.LogbackDemoApplication - error===================
2022-09-07 16:35:40.005 [scheduling-1] ERROR com.ethan.logbackdemo.LogbackDemoApplication - error===================
2022-09-07 16:35:41.004 [scheduling-1] ERROR com.ethan.logbackdemo.LogbackDemoApplication - error===================
2022-09-07 16:35:42.004 [scheduling-1] ERROR com.ethan.logbackdemo.LogbackDemoApplication - error===================
2022-09-07 16:35:43.004 [scheduling-1] ERROR com.ethan.logbackdemo.LogbackDemoApplication - error===================
2022-09-07 16:35:44.005 [scheduling-1] ERROR com.ethan.logbackdemo.LogbackDemoApplication - error===================
2022-09-07 16:35:45.005 [scheduling-1] ERROR com.ethan.logbackdemo.LogbackDemoApplication - error===================
2022-09-07 16:35:46.008 [scheduling-1] ERROR com.ethan.logbackdemo.LogbackDemoApplication - error===================
2022-09-07 16:35:47.005 [scheduling-1] ERROR com.ethan.logbackdemo.LogbackDemoApplication - error===================
2022-09-07 16:35:48.004 [scheduling-1] ERROR com.ethan.logbackdemo.LogbackDemoApplication - error===================
2022-09-07 16:35:49.000 [scheduling-1] ERROR com.ethan.logbackdemo.LogbackDemoApplication - error===================
2022-09-07 16:35:50.005 [scheduling-1] ERROR com.ethan.logbackdemo.LogbackDemoApplication - error===================
2022-09-07 16:35:51.001 [scheduling-1] ERROR com.ethan.logbackdemo.LogbackDemoApplication - error===================
2022-09-07 16:35:52.005 [scheduling-1] ERROR com.ethan.logbackdemo.LogbackDemoApplication - error===================
2022-09-07 16:35:53.002 [scheduling-1] ERROR com.ethan.logbackdemo.LogbackDemoApplication - error===================
2022-09-07 16:35:54.003 [scheduling-1] ERROR com.ethan.logbackdemo.LogbackDemoApplication - error===================
2022-09-07 16:35:55.001 [scheduling-1] ERROR com.ethan.logbackdemo.LogbackDemoApplication - error===================
2022-09-07 16:35:56.003 [scheduling-1] ERROR com.ethan.logbackdemo.LogbackDemoApplication - error===================
2022-09-07 16:35:57.002 [scheduling-1] ERROR com.ethan.logbackdemo.LogbackDemoApplication - error===================
2022-09-07 16:35:58.006 [scheduling-1] ERROR com.ethan.logbackdemo.LogbackDemoApplication - error===================
2022-09-07 16:35:59.001 [scheduling-1] ERROR com.ethan.logbackdemo.LogbackDemoApplication - error===================
2022-09-07 16:36:00.005 [scheduling-1] ERROR com.ethan.logbackdemo.LogbackDemoApplication - error===================
2022-09-07 16:36:01.000 [scheduling-1] ERROR com.ethan.logbackdemo.LogbackDemoApplication - error===================
2022-09-07 16:36:02.002 [scheduling-1] ERROR com.ethan.logbackdemo.LogbackDemoApplication - error===================
2022-09-07 16:36:03.003 [scheduling-1] ERROR com.ethan.logbackdemo.LogbackDemoApplication - error===================
2022-09-07 16:36:04.002 [scheduling-1] ERROR com.ethan.logbackdemo.LogbackDemoApplication - error===================
2022-09-07 16:36:05.000 [scheduling-1] ERROR com.ethan.logbackdemo.LogbackDemoApplication - error===================
2022-09-07 16:36:06.006 [scheduling-1] ERROR com.ethan.logbackdemo.LogbackDemoApplication - error===================
2022-09-07 16:36:07.001 [scheduling-1] ERROR com.ethan.logbackdemo.LogbackDemoApplication - error===================
2022-09-07 16:36:08.004 [scheduling-1] ERROR com.ethan.logbackdemo.LogbackDemoApplication - error===================
2022-09-07 16:36:09.002 [scheduling-1] ERROR com.ethan.logbackdemo.LogbackDemoApplication - error===================
2022-09-07 16:36:10.003 [scheduling-1] ERROR com.ethan.logbackdemo.LogbackDemoApplication - error===================
2022-09-07 16:36:11.005 [scheduling-1] ERROR com.ethan.logbackdemo.LogbackDemoApplication - error===================
2022-09-07 16:36:12.006 [scheduling-1] ERROR com.ethan.logbackdemo.LogbackDemoApplication - error===================
2022-09-07 16:36:13.002 [scheduling-1] ERROR com.ethan.logbackdemo.LogbackDemoApplication - error===================
2022-09-07 16:36:14.003 [scheduling-1] ERROR com.ethan.logbackdemo.LogbackDemoApplication - error===================
2022-09-07 16:36:15.001 [scheduling-1] ERROR com.ethan.logbackdemo.LogbackDemoApplication - error===================
2022-09-07 16:36:16.005 [scheduling-1] ERROR com.ethan.logbackdemo.LogbackDemoApplication - error===================
2022-09-07 16:36:17.001 [scheduling-1] ERROR com.ethan.logbackdemo.LogbackDemoApplication - error===================
2022-09-07 16:36:18.006 [scheduling-1] ERROR com.ethan.logbackdemo.LogbackDemoApplication - error===================
2022-09-07 16:36:19.002 [scheduling-1] ERROR com.ethan.logbackdemo.LogbackDemoApplication - error===================
2022-09-07 16:36:20.003 [scheduling-1] ERROR com.ethan.logbackdemo.LogbackDemoApplication - error===================
2022-09-07 16:36:21.005 [scheduling-1] ERROR com.ethan.logbackdemo.LogbackDemoApplication - error===================
2022-09-07 16:36:22.009 [scheduling-1] ERROR com.ethan.logbackdemo.LogbackDemoApplication - error===================
2022-09-07 16:36:23.004 [scheduling-1] ERROR com.ethan.logbackdemo.LogbackDemoApplication - error===================
2022-09-07 16:36:24.001 [scheduling-1] ERROR com.ethan.logbackdemo.LogbackDemoApplication - error===================
2022-09-07 16:36:25.002 [scheduling-1] ERROR com.ethan.logbackdemo.LogbackDemoApplication - error===================
2022-09-07 16:36:26.004 [scheduling-1] ERROR com.ethan.logbackdemo.LogbackDemoApplication - error===================
2022-09-07 16:36:27.001 [scheduling-1] ERROR com.ethan.logbackdemo.LogbackDemoApplication - error===================
2022-09-07 16:36:28.002 [scheduling-1] ERROR com.ethan.logbackdemo.LogbackDemoApplication - error===================
2022-09-07 16:36:29.005 [scheduling-1] ERROR com.ethan.logbackdemo.LogbackDemoApplication - error===================
2022-09-07 16:36:30.005 [scheduling-1] ERROR com.ethan.logbackdemo.LogbackDemoApplication - error===================
2022-09-07 16:36:31.001 [scheduling-1] ERROR com.ethan.logbackdemo.LogbackDemoApplication - error===================
2022-09-07 16:36:32.005 [scheduling-1] ERROR com.ethan.logbackdemo.LogbackDemoApplication - error===================
2022-09-07 16:36:33.006 [scheduling-1] ERROR com.ethan.logbackdemo.LogbackDemoApplication - error===================
2022-09-07 16:36:34.001 [scheduling-1] ERROR com.ethan.logbackdemo.LogbackDemoApplication - error===================
2022-09-07 16:36:35.001 [scheduling-1] ERROR com.ethan.logbackdemo.LogbackDemoApplication - error===================
2022-09-07 16:36:36.001 [scheduling-1] ERROR com.ethan.logbackdemo.LogbackDemoApplication - error===================
2022-09-07 16:36:37.005 [scheduling-1] ERROR com.ethan.logbackdemo.LogbackDemoApplication - error===================
2022-09-07 16:36:38.005 [scheduling-1] ERROR com.ethan.logbackdemo.LogbackDemoApplication - error===================
2022-09-07 16:36:39.005 [scheduling-1] ERROR com.ethan.logbackdemo.LogbackDemoApplication - error===================
2022-09-07 16:36:40.005 [scheduling-1] ERROR com.ethan.logbackdemo.LogbackDemoApplication - error===================
2022-09-07 16:36:41.001 [scheduling-1] ERROR com.ethan.logbackdemo.LogbackDemoApplication - error===================
2022-09-07 16:36:42.005 [scheduling-1] ERROR com.ethan.logbackdemo.LogbackDemoApplication - error===================
2022-09-07 16:36:43.004 [scheduling-1] ERROR com.ethan.logbackdemo.LogbackDemoApplication - error===================
2022-09-07 16:36:44.005 [scheduling-1] ERROR com.ethan.logbackdemo.LogbackDemoApplication - error===================
2022-09-07 16:36:45.003 [scheduling-1] ERROR com.ethan.logbackdemo.LogbackDemoApplication - error===================
2022-09-07 16:36:46.006 [scheduling-1] ERROR com.ethan.logbackdemo.LogbackDemoApplication - error===================
2022-09-07 16:36:47.004 [scheduling-1] ERROR com.ethan.logbackdemo.LogbackDemoApplication - error===================
2022-09-07 16:36:48.005 [scheduling-1] ERROR com.ethan.logbackdemo.LogbackDemoApplication - error===================
2022-09-07 16:36:49.003 [scheduling-1] ERROR com.ethan.logbackdemo.LogbackDemoApplication - error===================
2022-09-07 16:36:50.000 [scheduling-1] ERROR com.ethan.logbackdemo.LogbackDemoApplication - error===================
2022-09-07 16:36:51.005 [scheduling-1] ERROR com.ethan.logbackdemo.LogbackDemoApplication - error===================
2022-09-07 16:36:52.004 [scheduling-1] ERROR com.ethan.logbackdemo.LogbackDemoApplication - error===================
2022-09-07 16:36:53.006 [scheduling-1] ERROR com.ethan.logbackdemo.LogbackDemoApplication - error===================
2022-09-07 16:36:54.005 [scheduling-1] ERROR com.ethan.logbackdemo.LogbackDemoApplication - error===================
2022-09-07 16:36:55.001 [scheduling-1] ERROR com.ethan.logbackdemo.LogbackDemoApplication - error===================
2022-09-07 16:36:56.001 [scheduling-1] ERROR com.ethan.logbackdemo.LogbackDemoApplication - error===================
2022-09-07 16:36:57.006 [scheduling-1] ERROR com.ethan.logbackdemo.LogbackDemoApplication - error===================
2022-09-07 16:36:58.005 [scheduling-1] ERROR com.ethan.logbackdemo.LogbackDemoApplication - error===================
2022-09-07 16:36:59.003 [scheduling-1] ERROR com.ethan.logbackdemo.LogbackDemoApplication - error===================
2022-09-07 16:37:00.006 [scheduling-1] ERROR com.ethan.logbackdemo.LogbackDemoApplication - error===================
2022-09-07 16:37:01.001 [scheduling-1] ERROR com.ethan.logbackdemo.LogbackDemoApplication - error===================
2022-09-07 16:37:02.005 [scheduling-1] ERROR com.ethan.logbackdemo.LogbackDemoApplication - error===================
2022-09-07 16:37:03.005 [scheduling-1] ERROR com.ethan.logbackdemo.LogbackDemoApplication - error===================
2022-09-07 16:37:04.006 [scheduling-1] ERROR com.ethan.logbackdemo.LogbackDemoApplication - error===================
2022-09-07 16:37:05.001 [scheduling-1] ERROR com.ethan.logbackdemo.LogbackDemoApplication - error===================
2022-09-07 16:37:06.003 [scheduling-1] ERROR com.ethan.logbackdemo.LogbackDemoApplication - error===================
