2022-09-07 16:50:46.003 [scheduling-1] ERROR com.ethan.logbackdemo.LogbackDemoApplication - error===================
2022-09-07 16:50:47.005 [scheduling-1] ERROR com.ethan.logbackdemo.LogbackDemoApplication - error===================
2022-09-07 16:50:48.005 [scheduling-1] ERROR com.ethan.logbackdemo.LogbackDemoApplication - error===================
2022-09-07 16:50:49.004 [scheduling-1] ERROR com.ethan.logbackdemo.LogbackDemoApplication - error===================
2022-09-07 16:50:50.005 [scheduling-1] ERROR com.ethan.logbackdemo.LogbackDemoApplication - error===================
2022-09-07 16:50:51.005 [scheduling-1] ERROR com.ethan.logbackdemo.LogbackDemoApplication - error===================
2022-09-07 16:50:52.006 [scheduling-1] ERROR com.ethan.logbackdemo.LogbackDemoApplication - error===================
2022-09-07 16:50:55.023 [main] ERROR org.springframework.boot.SpringApplication - Application run failed
java.lang.IllegalStateException: java.lang.IllegalStateException: Logback configuration error detected: 
ERROR in ch.qos.logback.core.joran.action.AppenderRefAction - Could not find an appender named [ALL_FILE]. Did you define it below instead of above in the configuration file?
ERROR in ch.qos.logback.core.joran.action.AppenderRefAction - See http://logback.qos.ch/codes.html#appender_order for more details.
	at org.springframework.boot.context.logging.LoggingApplicationListener.initializeSystem(LoggingApplicationListener.java:344)
	at org.springframework.boot.context.logging.LoggingApplicationListener.initialize(LoggingApplicationListener.java:298)
	at org.springframework.boot.context.logging.LoggingApplicationListener.onApplicationEnvironmentPreparedEvent(LoggingApplicationListener.java:246)
	at org.springframework.boot.context.logging.LoggingApplicationListener.onApplicationEvent(LoggingApplicationListener.java:223)
	at org.springframework.context.event.SimpleApplicationEventMulticaster.doInvokeListener(SimpleApplicationEventMulticaster.java:176)
	at org.springframework.context.event.SimpleApplicationEventMulticaster.invokeListener(SimpleApplicationEventMulticaster.java:169)
	at org.springframework.context.event.SimpleApplicationEventMulticaster.multicastEvent(SimpleApplicationEventMulticaster.java:143)
	at org.springframework.context.event.SimpleApplicationEventMulticaster.multicastEvent(SimpleApplicationEventMulticaster.java:131)
	at org.springframework.boot.context.event.EventPublishingRunListener.environmentPrepared(EventPublishingRunListener.java:85)
	at org.springframework.boot.SpringApplicationRunListeners.lambda$environmentPrepared$2(SpringApplicationRunListeners.java:66)
	at java.base/java.util.ArrayList.forEach(ArrayList.java:1541)
	at org.springframework.boot.SpringApplicationRunListeners.doWithListeners(SpringApplicationRunListeners.java:120)
	at org.springframework.boot.SpringApplicationRunListeners.doWithListeners(SpringApplicationRunListeners.java:114)
	at org.springframework.boot.SpringApplicationRunListeners.environmentPrepared(SpringApplicationRunListeners.java:65)
	at org.springframework.boot.SpringApplication.prepareEnvironment(SpringApplication.java:344)
	at org.springframework.boot.SpringApplication.run(SpringApplication.java:302)
	at org.springframework.boot.SpringApplication.run(SpringApplication.java:1306)
	at org.springframework.boot.SpringApplication.run(SpringApplication.java:1295)
	at com.ethan.logbackdemo.LogbackDemoApplication.main(LogbackDemoApplication.java:15)
Caused by: java.lang.IllegalStateException: Logback configuration error detected: 
ERROR in ch.qos.logback.core.joran.action.AppenderRefAction - Could not find an appender named [ALL_FILE]. Did you define it below instead of above in the configuration file?
ERROR in ch.qos.logback.core.joran.action.AppenderRefAction - See http://logback.qos.ch/codes.html#appender_order for more details.
	at org.springframework.boot.logging.logback.LogbackLoggingSystem.loadConfiguration(LogbackLoggingSystem.java:179)
	at org.springframework.boot.logging.AbstractLoggingSystem.initializeWithConventions(AbstractLoggingSystem.java:80)
	at org.springframework.boot.logging.AbstractLoggingSystem.initialize(AbstractLoggingSystem.java:60)
	at org.springframework.boot.logging.logback.LogbackLoggingSystem.initialize(LogbackLoggingSystem.java:132)
	at org.springframework.boot.context.logging.LoggingApplicationListener.initializeSystem(LoggingApplicationListener.java:329)
	... 18 common frames omitted
2022-09-07 16:51:36.207 [main] ERROR org.springframework.boot.SpringApplication - Application run failed
java.lang.IllegalStateException: java.lang.IllegalStateException: Logback configuration error detected: 
ERROR in ch.qos.logback.core.joran.spi.Interpreter@166:22 - no applicable action for [onMatch], current ElementPath  is [[configuration][appender][filter][onMatch]]
ERROR in ch.qos.logback.core.joran.spi.Interpreter@167:25 - no applicable action for [onMismatch], current ElementPath  is [[configuration][appender][filter][onMismatch]]
	at org.springframework.boot.context.logging.LoggingApplicationListener.initializeSystem(LoggingApplicationListener.java:344)
	at org.springframework.boot.context.logging.LoggingApplicationListener.initialize(LoggingApplicationListener.java:298)
	at org.springframework.boot.context.logging.LoggingApplicationListener.onApplicationEnvironmentPreparedEvent(LoggingApplicationListener.java:246)
	at org.springframework.boot.context.logging.LoggingApplicationListener.onApplicationEvent(LoggingApplicationListener.java:223)
	at org.springframework.context.event.SimpleApplicationEventMulticaster.doInvokeListener(SimpleApplicationEventMulticaster.java:176)
	at org.springframework.context.event.SimpleApplicationEventMulticaster.invokeListener(SimpleApplicationEventMulticaster.java:169)
	at org.springframework.context.event.SimpleApplicationEventMulticaster.multicastEvent(SimpleApplicationEventMulticaster.java:143)
	at org.springframework.context.event.SimpleApplicationEventMulticaster.multicastEvent(SimpleApplicationEventMulticaster.java:131)
	at org.springframework.boot.context.event.EventPublishingRunListener.environmentPrepared(EventPublishingRunListener.java:85)
	at org.springframework.boot.SpringApplicationRunListeners.lambda$environmentPrepared$2(SpringApplicationRunListeners.java:66)
	at java.base/java.util.ArrayList.forEach(ArrayList.java:1541)
	at org.springframework.boot.SpringApplicationRunListeners.doWithListeners(SpringApplicationRunListeners.java:120)
	at org.springframework.boot.SpringApplicationRunListeners.doWithListeners(SpringApplicationRunListeners.java:114)
	at org.springframework.boot.SpringApplicationRunListeners.environmentPrepared(SpringApplicationRunListeners.java:65)
	at org.springframework.boot.SpringApplication.prepareEnvironment(SpringApplication.java:344)
	at org.springframework.boot.SpringApplication.run(SpringApplication.java:302)
	at org.springframework.boot.SpringApplication.run(SpringApplication.java:1306)
	at org.springframework.boot.SpringApplication.run(SpringApplication.java:1295)
	at com.ethan.logbackdemo.LogbackDemoApplication.main(LogbackDemoApplication.java:15)
Caused by: java.lang.IllegalStateException: Logback configuration error detected: 
ERROR in ch.qos.logback.core.joran.spi.Interpreter@166:22 - no applicable action for [onMatch], current ElementPath  is [[configuration][appender][filter][onMatch]]
ERROR in ch.qos.logback.core.joran.spi.Interpreter@167:25 - no applicable action for [onMismatch], current ElementPath  is [[configuration][appender][filter][onMismatch]]
	at org.springframework.boot.logging.logback.LogbackLoggingSystem.loadConfiguration(LogbackLoggingSystem.java:179)
	at org.springframework.boot.logging.AbstractLoggingSystem.initializeWithConventions(AbstractLoggingSystem.java:80)
	at org.springframework.boot.logging.AbstractLoggingSystem.initialize(AbstractLoggingSystem.java:60)
	at org.springframework.boot.logging.logback.LogbackLoggingSystem.initialize(LogbackLoggingSystem.java:132)
	at org.springframework.boot.context.logging.LoggingApplicationListener.initializeSystem(LoggingApplicationListener.java:329)
	... 18 common frames omitted
2022-09-07 16:52:25.001 [scheduling-1] ERROR com.ethan.logbackdemo.LogbackDemoApplication - error===================
2022-09-07 16:52:26.005 [scheduling-1] ERROR com.ethan.logbackdemo.LogbackDemoApplication - error===================
2022-09-07 16:52:27.004 [scheduling-1] ERROR com.ethan.logbackdemo.LogbackDemoApplication - error===================
2022-09-07 16:52:28.002 [scheduling-1] ERROR com.ethan.logbackdemo.LogbackDemoApplication - error===================
2022-09-07 16:52:29.005 [scheduling-1] ERROR com.ethan.logbackdemo.LogbackDemoApplication - error===================
2022-09-07 16:52:30.005 [scheduling-1] ERROR com.ethan.logbackdemo.LogbackDemoApplication - error===================
2022-09-07 16:52:31.001 [scheduling-1] ERROR com.ethan.logbackdemo.LogbackDemoApplication - error===================
2022-09-07 16:52:32.005 [scheduling-1] ERROR com.ethan.logbackdemo.LogbackDemoApplication - error===================
2022-09-07 16:52:33.004 [scheduling-1] ERROR com.ethan.logbackdemo.LogbackDemoApplication - error===================
2022-09-07 16:52:34.001 [scheduling-1] ERROR com.ethan.logbackdemo.LogbackDemoApplication - error===================
2022-09-07 16:52:35.003 [scheduling-1] ERROR com.ethan.logbackdemo.LogbackDemoApplication - error===================
2022-09-07 16:52:36.005 [scheduling-1] ERROR com.ethan.logbackdemo.LogbackDemoApplication - error===================
2022-09-07 16:52:37.006 [scheduling-1] ERROR com.ethan.logbackdemo.LogbackDemoApplication - error===================
2022-09-07 16:52:38.005 [scheduling-1] ERROR com.ethan.logbackdemo.LogbackDemoApplication - error===================
2022-09-07 16:52:39.005 [scheduling-1] ERROR com.ethan.logbackdemo.LogbackDemoApplication - error===================
2022-09-07 16:52:40.006 [scheduling-1] ERROR com.ethan.logbackdemo.LogbackDemoApplication - error===================
2022-09-07 16:52:41.006 [scheduling-1] ERROR com.ethan.logbackdemo.LogbackDemoApplication - error===================
2022-09-07 16:52:42.002 [scheduling-1] ERROR com.ethan.logbackdemo.LogbackDemoApplication - error===================
