2022-09-07 16:38:38.003 [scheduling-1] ERROR com.ethan.logbackdemo.LogbackDemoApplication - error===================
2022-09-07 16:38:39.004 [scheduling-1] ERROR com.ethan.logbackdemo.LogbackDemoApplication - error===================
2022-09-07 16:38:40.003 [scheduling-1] ERROR com.ethan.logbackdemo.LogbackDemoApplication - error===================
2022-09-07 16:38:41.006 [scheduling-1] ERROR com.ethan.logbackdemo.LogbackDemoApplication - error===================
2022-09-07 16:38:42.004 [scheduling-1] ERROR com.ethan.logbackdemo.LogbackDemoApplication - error===================
2022-09-07 16:38:43.008 [scheduling-1] ERROR com.ethan.logbackdemo.LogbackDemoApplication - error===================
2022-09-07 16:38:44.000 [scheduling-1] ERROR com.ethan.logbackdemo.LogbackDemoApplication - error===================
2022-09-07 16:38:45.003 [scheduling-1] ERROR com.ethan.logbackdemo.LogbackDemoApplication - error===================
2022-09-07 16:38:46.004 [scheduling-1] ERROR com.ethan.logbackdemo.LogbackDemoApplication - error===================
2022-09-07 16:38:47.003 [scheduling-1] ERROR com.ethan.logbackdemo.LogbackDemoApplication - error===================
2022-09-07 16:38:48.001 [scheduling-1] ERROR com.ethan.logbackdemo.LogbackDemoApplication - error===================
2022-09-07 16:38:49.002 [scheduling-1] ERROR com.ethan.logbackdemo.LogbackDemoApplication - error===================
2022-09-07 16:38:50.002 [scheduling-1] ERROR com.ethan.logbackdemo.LogbackDemoApplication - error===================
2022-09-07 16:38:51.000 [scheduling-1] ERROR com.ethan.logbackdemo.LogbackDemoApplication - error===================
2022-09-07 16:38:52.005 [scheduling-1] ERROR com.ethan.logbackdemo.LogbackDemoApplication - error===================
2022-09-07 16:38:53.005 [scheduling-1] ERROR com.ethan.logbackdemo.LogbackDemoApplication - error===================
2022-09-07 16:38:54.003 [scheduling-1] ERROR com.ethan.logbackdemo.LogbackDemoApplication - error===================
2022-09-07 16:38:55.001 [scheduling-1] ERROR com.ethan.logbackdemo.LogbackDemoApplication - error===================
2022-09-07 16:38:56.001 [scheduling-1] ERROR com.ethan.logbackdemo.LogbackDemoApplication - error===================
2022-09-07 16:38:57.003 [scheduling-1] ERROR com.ethan.logbackdemo.LogbackDemoApplication - error===================
2022-09-07 16:38:58.005 [scheduling-1] ERROR com.ethan.logbackdemo.LogbackDemoApplication - error===================
2022-09-07 16:38:59.002 [scheduling-1] ERROR com.ethan.logbackdemo.LogbackDemoApplication - error===================
2022-09-07 16:39:00.002 [scheduling-1] ERROR com.ethan.logbackdemo.LogbackDemoApplication - error===================
2022-09-07 16:39:01.002 [scheduling-1] ERROR com.ethan.logbackdemo.LogbackDemoApplication - error===================
2022-09-07 16:39:02.004 [scheduling-1] ERROR com.ethan.logbackdemo.LogbackDemoApplication - error===================
2022-09-07 16:39:03.005 [scheduling-1] ERROR com.ethan.logbackdemo.LogbackDemoApplication - error===================
2022-09-07 16:39:04.005 [scheduling-1] ERROR com.ethan.logbackdemo.LogbackDemoApplication - error===================
2022-09-07 16:39:05.005 [scheduling-1] ERROR com.ethan.logbackdemo.LogbackDemoApplication - error===================
2022-09-07 16:39:06.005 [scheduling-1] ERROR com.ethan.logbackdemo.LogbackDemoApplication - error===================
2022-09-07 16:39:07.005 [scheduling-1] ERROR com.ethan.logbackdemo.LogbackDemoApplication - error===================
2022-09-07 16:39:08.005 [scheduling-1] ERROR com.ethan.logbackdemo.LogbackDemoApplication - error===================
2022-09-07 16:39:09.005 [scheduling-1] ERROR com.ethan.logbackdemo.LogbackDemoApplication - error===================
2022-09-07 16:39:10.005 [scheduling-1] ERROR com.ethan.logbackdemo.LogbackDemoApplication - error===================
2022-09-07 16:39:11.005 [scheduling-1] ERROR com.ethan.logbackdemo.LogbackDemoApplication - error===================
2022-09-07 16:39:12.005 [scheduling-1] ERROR com.ethan.logbackdemo.LogbackDemoApplication - error===================
2022-09-07 16:39:13.005 [scheduling-1] ERROR com.ethan.logbackdemo.LogbackDemoApplication - error===================
2022-09-07 16:39:14.006 [scheduling-1] ERROR com.ethan.logbackdemo.LogbackDemoApplication - error===================
2022-09-07 16:39:15.005 [scheduling-1] ERROR com.ethan.logbackdemo.LogbackDemoApplication - error===================
2022-09-07 16:39:16.005 [scheduling-1] ERROR com.ethan.logbackdemo.LogbackDemoApplication - error===================
2022-09-07 16:39:17.005 [scheduling-1] ERROR com.ethan.logbackdemo.LogbackDemoApplication - error===================
2022-09-07 16:39:18.003 [scheduling-1] ERROR com.ethan.logbackdemo.LogbackDemoApplication - error===================
2022-09-07 16:39:19.002 [scheduling-1] ERROR com.ethan.logbackdemo.LogbackDemoApplication - error===================
2022-09-07 16:39:20.000 [scheduling-1] ERROR com.ethan.logbackdemo.LogbackDemoApplication - error===================
2022-09-07 16:39:21.001 [scheduling-1] ERROR com.ethan.logbackdemo.LogbackDemoApplication - error===================
2022-09-07 16:46:55.105 [main] ERROR org.springframework.boot.SpringApplication - Application run failed
java.lang.IllegalStateException: java.lang.IllegalStateException: Logback configuration error detected: 
ERROR in ch.qos.logback.core.joran.spi.Interpreter@166:22 - no applicable action for [onMatch], current ElementPath  is [[configuration][appender][filter][onMatch]]
ERROR in ch.qos.logback.core.joran.spi.Interpreter@167:25 - no applicable action for [onMismatch], current ElementPath  is [[configuration][appender][filter][onMismatch]]
	at org.springframework.boot.context.logging.LoggingApplicationListener.initializeSystem(LoggingApplicationListener.java:344)
	at org.springframework.boot.context.logging.LoggingApplicationListener.initialize(LoggingApplicationListener.java:298)
	at org.springframework.boot.context.logging.LoggingApplicationListener.onApplicationEnvironmentPreparedEvent(LoggingApplicationListener.java:246)
	at org.springframework.boot.context.logging.LoggingApplicationListener.onApplicationEvent(LoggingApplicationListener.java:223)
	at org.springframework.context.event.SimpleApplicationEventMulticaster.doInvokeListener(SimpleApplicationEventMulticaster.java:176)
	at org.springframework.context.event.SimpleApplicationEventMulticaster.invokeListener(SimpleApplicationEventMulticaster.java:169)
	at org.springframework.context.event.SimpleApplicationEventMulticaster.multicastEvent(SimpleApplicationEventMulticaster.java:143)
	at org.springframework.context.event.SimpleApplicationEventMulticaster.multicastEvent(SimpleApplicationEventMulticaster.java:131)
	at org.springframework.boot.context.event.EventPublishingRunListener.environmentPrepared(EventPublishingRunListener.java:85)
	at org.springframework.boot.SpringApplicationRunListeners.lambda$environmentPrepared$2(SpringApplicationRunListeners.java:66)
	at java.base/java.util.ArrayList.forEach(ArrayList.java:1541)
	at org.springframework.boot.SpringApplicationRunListeners.doWithListeners(SpringApplicationRunListeners.java:120)
	at org.springframework.boot.SpringApplicationRunListeners.doWithListeners(SpringApplicationRunListeners.java:114)
	at org.springframework.boot.SpringApplicationRunListeners.environmentPrepared(SpringApplicationRunListeners.java:65)
	at org.springframework.boot.SpringApplication.prepareEnvironment(SpringApplication.java:344)
	at org.springframework.boot.SpringApplication.run(SpringApplication.java:302)
	at org.springframework.boot.SpringApplication.run(SpringApplication.java:1306)
	at org.springframework.boot.SpringApplication.run(SpringApplication.java:1295)
	at com.ethan.logbackdemo.LogbackDemoApplication.main(LogbackDemoApplication.java:15)
Caused by: java.lang.IllegalStateException: Logback configuration error detected: 
ERROR in ch.qos.logback.core.joran.spi.Interpreter@166:22 - no applicable action for [onMatch], current ElementPath  is [[configuration][appender][filter][onMatch]]
ERROR in ch.qos.logback.core.joran.spi.Interpreter@167:25 - no applicable action for [onMismatch], current ElementPath  is [[configuration][appender][filter][onMismatch]]
	at org.springframework.boot.logging.logback.LogbackLoggingSystem.loadConfiguration(LogbackLoggingSystem.java:179)
	at org.springframework.boot.logging.AbstractLoggingSystem.initializeWithConventions(AbstractLoggingSystem.java:80)
	at org.springframework.boot.logging.AbstractLoggingSystem.initialize(AbstractLoggingSystem.java:60)
	at org.springframework.boot.logging.logback.LogbackLoggingSystem.initialize(LogbackLoggingSystem.java:132)
	at org.springframework.boot.context.logging.LoggingApplicationListener.initializeSystem(LoggingApplicationListener.java:329)
	... 18 common frames omitted
2022-09-07 16:49:33.659 [main] ERROR org.springframework.boot.SpringApplication - Application run failed
java.lang.IllegalStateException: java.lang.IllegalStateException: Logback configuration error detected: 
ERROR in ch.qos.logback.core.joran.spi.Interpreter@166:22 - no applicable action for [onMatch], current ElementPath  is [[configuration][appender][filter][onMatch]]
ERROR in ch.qos.logback.core.joran.spi.Interpreter@167:25 - no applicable action for [onMismatch], current ElementPath  is [[configuration][appender][filter][onMismatch]]
	at org.springframework.boot.context.logging.LoggingApplicationListener.initializeSystem(LoggingApplicationListener.java:344)
	at org.springframework.boot.context.logging.LoggingApplicationListener.initialize(LoggingApplicationListener.java:298)
	at org.springframework.boot.context.logging.LoggingApplicationListener.onApplicationEnvironmentPreparedEvent(LoggingApplicationListener.java:246)
	at org.springframework.boot.context.logging.LoggingApplicationListener.onApplicationEvent(LoggingApplicationListener.java:223)
	at org.springframework.context.event.SimpleApplicationEventMulticaster.doInvokeListener(SimpleApplicationEventMulticaster.java:176)
	at org.springframework.context.event.SimpleApplicationEventMulticaster.invokeListener(SimpleApplicationEventMulticaster.java:169)
	at org.springframework.context.event.SimpleApplicationEventMulticaster.multicastEvent(SimpleApplicationEventMulticaster.java:143)
	at org.springframework.context.event.SimpleApplicationEventMulticaster.multicastEvent(SimpleApplicationEventMulticaster.java:131)
	at org.springframework.boot.context.event.EventPublishingRunListener.environmentPrepared(EventPublishingRunListener.java:85)
	at org.springframework.boot.SpringApplicationRunListeners.lambda$environmentPrepared$2(SpringApplicationRunListeners.java:66)
	at java.base/java.util.ArrayList.forEach(ArrayList.java:1541)
	at org.springframework.boot.SpringApplicationRunListeners.doWithListeners(SpringApplicationRunListeners.java:120)
	at org.springframework.boot.SpringApplicationRunListeners.doWithListeners(SpringApplicationRunListeners.java:114)
	at org.springframework.boot.SpringApplicationRunListeners.environmentPrepared(SpringApplicationRunListeners.java:65)
	at org.springframework.boot.SpringApplication.prepareEnvironment(SpringApplication.java:344)
	at org.springframework.boot.SpringApplication.run(SpringApplication.java:302)
	at org.springframework.boot.SpringApplication.run(SpringApplication.java:1306)
	at org.springframework.boot.SpringApplication.run(SpringApplication.java:1295)
	at com.ethan.logbackdemo.LogbackDemoApplication.main(LogbackDemoApplication.java:15)
Caused by: java.lang.IllegalStateException: Logback configuration error detected: 
ERROR in ch.qos.logback.core.joran.spi.Interpreter@166:22 - no applicable action for [onMatch], current ElementPath  is [[configuration][appender][filter][onMatch]]
ERROR in ch.qos.logback.core.joran.spi.Interpreter@167:25 - no applicable action for [onMismatch], current ElementPath  is [[configuration][appender][filter][onMismatch]]
	at org.springframework.boot.logging.logback.LogbackLoggingSystem.loadConfiguration(LogbackLoggingSystem.java:179)
	at org.springframework.boot.logging.AbstractLoggingSystem.initializeWithConventions(AbstractLoggingSystem.java:80)
	at org.springframework.boot.logging.AbstractLoggingSystem.initialize(AbstractLoggingSystem.java:60)
	at org.springframework.boot.logging.logback.LogbackLoggingSystem.initialize(LogbackLoggingSystem.java:132)
	at org.springframework.boot.context.logging.LoggingApplicationListener.initializeSystem(LoggingApplicationListener.java:329)
	... 18 common frames omitted
